13:24:12.749 [main] INFO  c.a.SpringBootForJavaAnnotationApplicationTests:50- Starting SpringBootForJavaAnnotationApplicationTests on dengshuai with PID 3676 (started by JustryDeng in E:\Java\demo\Abc_SpringBootForJavaAnnotation)
13:24:12.755 [main] DEBUG c.a.SpringBootForJavaAnnotationApplicationTests:53- Running with Spring Boot v2.0.1.RELEASE, Spring v5.0.5.RELEASE
13:24:12.757 [main] INFO  c.a.SpringBootForJavaAnnotationApplicationTests:659- No active profile set, falling back to default profiles: default
13:24:16.219 [main] INFO  c.a.SpringBootForJavaAnnotationApplicationTests:59- Started SpringBootForJavaAnnotationApplicationTests in 3.818 seconds (JVM running for 4.827)
13:24:16.525 [main] INFO  c.alibaba.druid.pool.DruidDataSource:106- {dataSource-1} inited
13:24:16.735 [main] DEBUG c.a.m.J.dynamicInsertMultiParam:159- ==>  Preparing: insert into employee (e_name,e_age,e_gender) values (?,?,?) 
13:24:16.750 [main] DEBUG c.a.m.J.dynamicInsertMultiParam:159- ==> Parameters: 邓某(String), 8(Integer), 男(String)
13:24:16.757 [main] DEBUG c.a.m.J.dynamicInsertMultiParam:159- <==    Updates: 1
13:24:16.765 [main] DEBUG c.a.m.J.selectOneToOneXML:159- ==>  Preparing: select p.id pid,p.`name`,i.id iid,i.idcardnum from people p inner join idcard i on p.idCardId = i.id where p.id = ? 
13:24:16.766 [main] DEBUG c.a.m.J.selectOneToOneXML:159- ==> Parameters: 1(Integer)
13:24:16.831 [main] DEBUG c.a.m.J.dynamicSelect:159- ==>  Preparing: select em.id, em.e_name, em.e_age, em.e_gender from employee em where em.e_gender = '女' and em.e_age = 18 
13:24:16.831 [main] DEBUG c.a.m.J.dynamicSelect:159- ==> Parameters: 
13:24:16.863 [main] DEBUG c.a.m.J.dynamicSelect:159- <==      Total: 0
13:24:16.872 [main] DEBUG c.a.m.J.singleSelectAcceptDataByString:159- ==>  Preparing: SELECT e.id FROM employee e WHERE e.e_name = ? 
13:24:16.872 [main] DEBUG c.a.m.J.singleSelectAcceptDataByString:159- ==> Parameters: 亨得帅(String)
13:24:16.872 [main] DEBUG c.a.m.J.singleSelectAcceptDataByString:159- <==      Total: 0
13:24:16.875 [main] DEBUG c.a.m.J.singleInsertMultiParam:159- ==>  Preparing: INSERT INTO employee (e_name,e_age,e_gender) VALUES(?,?,?),(?,?,?) 
13:24:16.878 [main] DEBUG c.a.m.J.singleInsertMultiParam:159- ==> Parameters: 瓜田(String), 51(Integer), 男(String), 李下(String), 15(Integer), 男(String)
13:24:16.879 [main] DEBUG c.a.m.J.singleInsertMultiParam:159- <==    Updates: 2
13:24:16.882 [main] DEBUG c.a.m.J.singleInsert:159- ==>  Preparing: INSERT INTO employee VALUES(null,?,?,?) 
13:24:16.882 [main] DEBUG c.a.m.J.singleInsert:159- ==> Parameters: 王麻子(String), 24(Integer), 男(String)
13:24:16.884 [main] DEBUG c.a.m.J.singleInsert:159- <==    Updates: 1
13:24:16.887 [main] DEBUG c.a.m.J.dynamicSelectMultiParam:159- ==>  Preparing: select em.id, em.e_name, em.e_age, em.e_gender from employee em where 1 = 1 and em.e_name like CONCAT('%',?,'%') 
13:24:16.887 [main] DEBUG c.a.m.J.dynamicSelectMultiParam:159- ==> Parameters: 张(String)
13:24:16.888 [main] DEBUG c.a.m.J.dynamicSelectMultiParam:159- <==      Total: 0
13:24:16.891 [main] DEBUG c.a.m.J.singleSelectAcceptDataByMap:159- ==>  Preparing: SELECT e.id,e.e_age FROM employee e WHERE e.e_name = ? 
13:24:16.891 [main] DEBUG c.a.m.J.singleSelectAcceptDataByMap:159- ==> Parameters: 小丁(String)
13:24:16.892 [main] DEBUG c.a.m.J.singleSelectAcceptDataByMap:159- <==      Total: 0
13:24:16.895 [main] DEBUG c.a.m.J.dynamicUpdate:159- ==>  Preparing: update employee set e_name = ? where id = ? 
13:24:16.896 [main] DEBUG c.a.m.J.dynamicUpdate:159- ==> Parameters: 小苗(String), 72(Integer)
13:24:16.897 [main] DEBUG c.a.m.J.dynamicUpdate:159- <==    Updates: 0
13:24:16.900 [main] DEBUG c.a.m.J.singleSelectAcceptDataByList:159- ==>  Preparing: SELECT e.id,e.e_age,e.e_name,e.e_gender FROM employee e WHERE e.id <= ? 
13:24:16.900 [main] DEBUG c.a.m.J.singleSelectAcceptDataByList:159- ==> Parameters: 5(Integer)
13:24:16.901 [main] TRACE c.a.m.J.singleSelectAcceptDataByList:165- <==    Columns: id, e_age, e_name, e_gender
13:24:16.901 [main] TRACE c.a.m.J.singleSelectAcceptDataByList:165- <==        Row: 1, 121, 薰悟空, 女
13:24:16.902 [main] TRACE c.a.m.J.singleSelectAcceptDataByList:165- <==        Row: 2, 121, 变, 女
13:24:16.903 [main] TRACE c.a.m.J.singleSelectAcceptDataByList:165- <==        Row: 3, 1, 1, 女
13:24:16.903 [main] TRACE c.a.m.J.singleSelectAcceptDataByList:165- <==        Row: 4, 2, 2, 男
13:24:16.903 [main] DEBUG c.a.m.J.singleSelectAcceptDataByList:159- <==      Total: 4
13:24:16.906 [main] DEBUG c.a.m.J.batchInsert:159- ==>  Preparing: insert into employee (e_name,e_age,e_gender) values (?, ?, ?),(?, ?, ?),(?, ?, ?),(?, ?, ?),(?, ?, ?),(?, ?, ?) 
13:24:16.907 [main] DEBUG c.a.m.J.batchInsert:159- ==> Parameters: 小(String), 1(Integer), 女(String), 丫(String), 2(Integer), 女(String), 头(String), 3(Integer), 女(String), 气(String), 4(Integer), 女(String), 死(String), 5(Integer), 女(String), 人(String), 6(Integer), 女(String)
13:24:16.909 [main] DEBUG c.a.m.J.batchInsert:159- <==    Updates: 6
13:24:16.912 [main] DEBUG c.a.m.J.dynamicInsertListParams:159- ==>  Preparing: insert into employee (e_name,e_age,e_gender) values (?,?,?),(?,?,?),(?,?,?),(?,?,?) 
13:24:16.914 [main] DEBUG c.a.m.J.dynamicInsertListParams:159- ==> Parameters: 1(String), 1(Integer), 女(String), 2(String), 2(Integer), 男(String), 3(String), 3(Integer), 女(String), 4(String), 4(Integer), 男(String)
13:24:16.915 [main] DEBUG c.a.m.J.dynamicInsertListParams:159- <==    Updates: 4
13:24:16.917 [main] DEBUG c.a.m.J.dynamicInsert:159- ==>  Preparing: insert into employee (e_name,e_age,e_gender) values (?, ?, ?) 
13:24:16.918 [main] DEBUG c.a.m.J.dynamicInsert:159- ==> Parameters: 邓某(String), 18(Integer), 男(String)
13:24:16.919 [main] DEBUG c.a.m.J.dynamicInsert:159- <==    Updates: 1
13:24:16.921 [main] DEBUG c.a.m.J.singleInsertAutoGetKey:159- ==>  Preparing: INSERT INTO employee (e_name,e_age,e_gender) VALUES(?,?,?) 
13:24:16.922 [main] DEBUG c.a.m.J.singleInsertAutoGetKey:159- ==> Parameters: 瓜田(String), 51(Integer), 男(String)
13:24:16.923 [main] DEBUG c.a.m.J.singleInsertAutoGetKey:159- <==    Updates: 1
13:24:16.925 [main] DEBUG c.a.m.J.singleDelete:159- ==>  Preparing: DELETE FROM employee WHERE id = ? 
13:24:16.926 [main] DEBUG c.a.m.J.singleDelete:159- ==> Parameters: 5(Integer)
13:24:16.926 [main] DEBUG c.a.m.J.singleDelete:159- <==    Updates: 0
13:24:16.928 [main] DEBUG c.a.m.J.singleSelectAcceptDataByObject:159- ==>  Preparing: SELECT e.id,e.e_age FROM employee e WHERE e.e_name = ? 
13:24:16.929 [main] DEBUG c.a.m.J.singleSelectAcceptDataByObject:159- ==> Parameters: 小丁(String)
13:24:16.931 [main] DEBUG c.a.m.J.singleSelectAcceptDataByObject:159- <==      Total: 0
13:24:16.952 [main] DEBUG c.a.m.J.batchInsertByXML:159- ==>  Preparing: insert into employee (e_name,e_age,e_gender) values ( ?, ?, ? ),( ?, ?, ? ),( ?, ?, ? ),( ?, ?, ? ) 
13:24:16.953 [main] DEBUG c.a.m.J.batchInsertByXML:159- ==> Parameters: 1(String), 1(Integer), 女(String), 2(String), 2(Integer), 男(String), 3(String), 3(Integer), 女(String), 4(String), 4(Integer), 男(String)
13:24:16.955 [main] DEBUG c.a.m.J.batchInsertByXML:159- <==    Updates: 4
13:24:16.958 [main] DEBUG c.a.m.J.singleUpdate:159- ==>  Preparing: UPDATE employee SET e_name = ? WHERE id = ? 
13:24:16.958 [main] DEBUG c.a.m.J.singleUpdate:159- ==> Parameters: 变(String), 2(Integer)
13:24:16.959 [main] DEBUG c.a.m.J.singleUpdate:159- <==    Updates: 1
13:24:16.963 [main] DEBUG c.a.m.J.insertMultiParamsMapAndString:159- ==>  Preparing: insert into employee (e_name,e_age,e_gender) values (?,?,'女') 
13:24:16.964 [main] DEBUG c.a.m.J.insertMultiParamsMapAndString:159- ==> Parameters: 薰悟空(String), 121(Integer)
13:24:16.971 [main] DEBUG c.a.m.J.insertMultiParamsMapAndString:159- <==    Updates: 1
13:24:16.977 [main] DEBUG c.a.m.J.dynamicDelete:159- ==>  Preparing: delete from employee where e_age = ? 
13:24:16.978 [main] DEBUG c.a.m.J.dynamicDelete:159- ==> Parameters: 66(Integer)
13:24:16.979 [main] DEBUG c.a.m.J.dynamicDelete:159- <==    Updates: 0
13:24:16.982 [main] DEBUG c.a.m.J.dynamicInsertMeanwhileGetKey:159- ==>  Preparing: insert into employee (e_name,e_age,e_gender) values (?, ?, ?) 
13:24:16.982 [main] DEBUG c.a.m.J.dynamicInsertMeanwhileGetKey:159- ==> Parameters: 小小(String), 2(Integer), 女(String)
13:24:16.990 [main] DEBUG c.a.m.J.dynamicInsertMeanwhileGetKey:159- <==    Updates: 1
13:24:16.997 [Thread-2] INFO  c.alibaba.druid.pool.DruidDataSource:106- {dataSource-1} closed
13:24:30.839 [main] INFO  c.a.SpringBootForJavaAnnotationApplicationTests:50- Starting SpringBootForJavaAnnotationApplicationTests on dengshuai with PID 3672 (started by JustryDeng in E:\Java\demo\Abc_SpringBootForJavaAnnotation)
13:24:30.840 [main] DEBUG c.a.SpringBootForJavaAnnotationApplicationTests:53- Running with Spring Boot v2.0.1.RELEASE, Spring v5.0.5.RELEASE
13:24:30.841 [main] INFO  c.a.SpringBootForJavaAnnotationApplicationTests:659- No active profile set, falling back to default profiles: default
13:24:33.964 [main] INFO  c.a.SpringBootForJavaAnnotationApplicationTests:59- Started SpringBootForJavaAnnotationApplicationTests in 3.434 seconds (JVM running for 4.17)
13:24:34.233 [main] INFO  c.alibaba.druid.pool.DruidDataSource:106- {dataSource-1} inited
13:24:34.426 [main] DEBUG c.a.m.J.dynamicInsertMultiParam:159- ==>  Preparing: insert into employee (e_name,e_age,e_gender) values (?,?,?) 
13:24:34.445 [main] DEBUG c.a.m.J.dynamicInsertMultiParam:159- ==> Parameters: 邓某(String), 8(Integer), 男(String)
13:24:34.451 [main] DEBUG c.a.m.J.dynamicInsertMultiParam:159- <==    Updates: 1
13:24:34.466 [Thread-2] INFO  c.alibaba.druid.pool.DruidDataSource:106- {dataSource-1} closed
13:34:14.694 [main] INFO  c.a.SpringBootForJavaAnnotationApplicationTests:50- Starting SpringBootForJavaAnnotationApplicationTests on dengshuai with PID 10924 (started by JustryDeng in E:\Java\demo\Abc_SpringBootForJavaAnnotation)
13:34:14.696 [main] DEBUG c.a.SpringBootForJavaAnnotationApplicationTests:53- Running with Spring Boot v2.0.1.RELEASE, Spring v5.0.5.RELEASE
13:34:14.698 [main] INFO  c.a.SpringBootForJavaAnnotationApplicationTests:659- No active profile set, falling back to default profiles: default
13:34:18.018 [main] INFO  c.a.SpringBootForJavaAnnotationApplicationTests:59- Started SpringBootForJavaAnnotationApplicationTests in 3.631 seconds (JVM running for 4.279)
13:34:18.173 [main] INFO  c.alibaba.druid.pool.DruidDataSource:106- {dataSource-1} inited
13:34:18.389 [main] DEBUG c.a.m.J.dynamicInsertMultiParam:159- ==>  Preparing: insert into employee (e_name,e_age,e_gender) values (?,?,?) 
13:34:18.410 [main] DEBUG c.a.m.J.dynamicInsertMultiParam:159- ==> Parameters: 邓某(String), 8(Integer), 男(String)
13:34:18.414 [main] DEBUG c.a.m.J.dynamicInsertMultiParam:159- <==    Updates: 1
13:34:18.416 [main] DEBUG c.a.m.J.dynamicInsertMultiParam!selectKey:159- ==>  Preparing: select last_insert_id() 
13:34:18.416 [main] DEBUG c.a.m.J.dynamicInsertMultiParam!selectKey:159- ==> Parameters: 
13:34:18.432 [main] TRACE c.a.m.J.dynamicInsertMultiParam!selectKey:165- <==    Columns: last_insert_id()
13:34:18.433 [main] TRACE c.a.m.J.dynamicInsertMultiParam!selectKey:165- <==        Row: 60
13:34:18.434 [main] DEBUG c.a.m.J.dynamicInsertMultiParam!selectKey:159- <==      Total: 1
13:34:18.449 [Thread-2] INFO  c.alibaba.druid.pool.DruidDataSource:106- {dataSource-1} closed
