14:42:01.375 [main] INFO  c.a.SpringBootForJavaAnnotationApplicationTests:50- Starting SpringBootForJavaAnnotationApplicationTests on JustryDeng with PID 8232 (started by dengshuai in D:\java\aspire\SpringBootForJavaAnnotation)
14:42:01.403 [main] DEBUG c.a.SpringBootForJavaAnnotationApplicationTests:53- Running with Spring Boot v2.0.1.RELEASE, Spring v5.0.5.RELEASE
14:42:01.426 [main] INFO  c.a.SpringBootForJavaAnnotationApplicationTests:659- No active profile set, falling back to default profiles: default
14:42:19.292 [main] INFO  c.a.SpringBootForJavaAnnotationApplicationTests:59- Started SpringBootForJavaAnnotationApplicationTests in 22.776 seconds (JVM running for 30.882)
14:43:27.781 [main] INFO  c.a.SpringBootForJavaAnnotationApplicationTests:50- Starting SpringBootForJavaAnnotationApplicationTests on JustryDeng with PID 5176 (started by dengshuai in D:\java\aspire\SpringBootForJavaAnnotation)
14:43:27.784 [main] DEBUG c.a.SpringBootForJavaAnnotationApplicationTests:53- Running with Spring Boot v2.0.1.RELEASE, Spring v5.0.5.RELEASE
14:43:27.789 [main] INFO  c.a.SpringBootForJavaAnnotationApplicationTests:659- No active profile set, falling back to default profiles: default
14:43:36.415 [main] INFO  c.a.SpringBootForJavaAnnotationApplicationTests:59- Started SpringBootForJavaAnnotationApplicationTests in 10.697 seconds (JVM running for 14.37)
14:43:37.112 [main] INFO  c.alibaba.druid.pool.DruidDataSource:106- {dataSource-1} inited
14:43:38.654 [main] DEBUG c.a.m.J.dynamic123:159- ==>  Preparing: insert into employee (e_name,e_age,e_gender) values (?,?,?),(?,?,?),(?,?,?),(?,?,?) 
14:43:38.729 [Thread-2] INFO  c.alibaba.druid.pool.DruidDataSource:106- {dataSource-1} closed
14:44:56.324 [main] INFO  c.a.SpringBootForJavaAnnotationApplicationTests:50- Starting SpringBootForJavaAnnotationApplicationTests on JustryDeng with PID 4644 (started by dengshuai in D:\java\aspire\SpringBootForJavaAnnotation)
14:44:56.327 [main] DEBUG c.a.SpringBootForJavaAnnotationApplicationTests:53- Running with Spring Boot v2.0.1.RELEASE, Spring v5.0.5.RELEASE
14:44:56.332 [main] INFO  c.a.SpringBootForJavaAnnotationApplicationTests:659- No active profile set, falling back to default profiles: default
14:45:05.172 [main] INFO  c.a.SpringBootForJavaAnnotationApplicationTests:59- Started SpringBootForJavaAnnotationApplicationTests in 9.653 seconds (JVM running for 10.91)
14:45:05.451 [main] INFO  c.alibaba.druid.pool.DruidDataSource:106- {dataSource-1} inited
14:45:05.798 [main] DEBUG c.a.m.J.dynamic123:159- ==>  Preparing: insert into employee (e_name,e_age,e_gender) values (?,?,?),(?,?,?),(?,?,?),(?,?,?) 
14:45:05.857 [Thread-2] INFO  c.alibaba.druid.pool.DruidDataSource:106- {dataSource-1} closed
14:45:58.953 [main] INFO  c.a.SpringBootForJavaAnnotationApplicationTests:50- Starting SpringBootForJavaAnnotationApplicationTests on JustryDeng with PID 6128 (started by dengshuai in D:\java\aspire\SpringBootForJavaAnnotation)
14:45:58.956 [main] DEBUG c.a.SpringBootForJavaAnnotationApplicationTests:53- Running with Spring Boot v2.0.1.RELEASE, Spring v5.0.5.RELEASE
14:45:58.960 [main] INFO  c.a.SpringBootForJavaAnnotationApplicationTests:659- No active profile set, falling back to default profiles: default
14:46:07.704 [main] INFO  c.a.SpringBootForJavaAnnotationApplicationTests:59- Started SpringBootForJavaAnnotationApplicationTests in 9.501 seconds (JVM running for 10.777)
14:46:08.010 [main] INFO  c.alibaba.druid.pool.DruidDataSource:106- {dataSource-1} inited
14:46:08.349 [main] DEBUG c.a.m.J.dynamic123:159- ==>  Preparing: insert into employee (e_name,e_age,e_gender) values (?,?,?),(?,?,?),(?,?,?),(?,?,?) 
14:46:08.397 [main] DEBUG c.a.m.J.dynamic123:159- ==> Parameters: 1(String), 1(Integer), 女(String), 2(String), 2(Integer), 男(String), 3(String), 3(Integer), 女(String), 4(String), 4(Integer), 男(String)
14:46:08.467 [main] DEBUG c.a.m.J.dynamic123:159- <==    Updates: 4
14:46:08.495 [Thread-2] INFO  c.alibaba.druid.pool.DruidDataSource:106- {dataSource-1} closed
14:46:43.192 [main] INFO  c.a.SpringBootForJavaAnnotationApplicationTests:50- Starting SpringBootForJavaAnnotationApplicationTests on JustryDeng with PID 2544 (started by dengshuai in D:\java\aspire\SpringBootForJavaAnnotation)
14:46:43.195 [main] DEBUG c.a.SpringBootForJavaAnnotationApplicationTests:53- Running with Spring Boot v2.0.1.RELEASE, Spring v5.0.5.RELEASE
14:46:43.201 [main] INFO  c.a.SpringBootForJavaAnnotationApplicationTests:659- No active profile set, falling back to default profiles: default
14:46:51.877 [main] INFO  c.a.SpringBootForJavaAnnotationApplicationTests:59- Started SpringBootForJavaAnnotationApplicationTests in 9.505 seconds (JVM running for 10.787)
14:46:52.222 [main] INFO  c.alibaba.druid.pool.DruidDataSource:106- {dataSource-1} inited
14:46:52.533 [main] DEBUG c.a.m.J.dynamic123:159- ==>  Preparing: insert into employee (e_name,e_age,e_gender) values (?,?,?),(?,?,?),(?,?,?),(?,?,?) 
14:46:52.566 [main] DEBUG c.a.m.J.dynamic123:159- ==> Parameters: 1(String), 1(Integer), 女(String), 2(String), 2(Integer), 男(String), 3(String), 3(Integer), 女(String), 4(String), 4(Integer), 男(String)
14:46:52.599 [main] DEBUG c.a.m.J.dynamic123:159- <==    Updates: 4
14:46:52.617 [Thread-2] INFO  c.alibaba.druid.pool.DruidDataSource:106- {dataSource-1} closed
14:47:35.350 [main] INFO  c.a.SpringBootForJavaAnnotationApplicationTests:50- Starting SpringBootForJavaAnnotationApplicationTests on JustryDeng with PID 7408 (started by dengshuai in D:\java\aspire\SpringBootForJavaAnnotation)
14:47:35.353 [main] DEBUG c.a.SpringBootForJavaAnnotationApplicationTests:53- Running with Spring Boot v2.0.1.RELEASE, Spring v5.0.5.RELEASE
14:47:35.357 [main] INFO  c.a.SpringBootForJavaAnnotationApplicationTests:659- No active profile set, falling back to default profiles: default
14:47:43.467 [main] INFO  c.a.SpringBootForJavaAnnotationApplicationTests:59- Started SpringBootForJavaAnnotationApplicationTests in 9.019 seconds (JVM running for 10.268)
15:04:01.085 [main] INFO  c.a.SpringBootForJavaAnnotationApplicationTests:50- Starting SpringBootForJavaAnnotationApplicationTests on JustryDeng with PID 8392 (started by dengshuai in D:\java\aspire\SpringBootForJavaAnnotation)
15:04:01.107 [main] DEBUG c.a.SpringBootForJavaAnnotationApplicationTests:53- Running with Spring Boot v2.0.1.RELEASE, Spring v5.0.5.RELEASE
15:04:01.110 [main] INFO  c.a.SpringBootForJavaAnnotationApplicationTests:659- No active profile set, falling back to default profiles: default
15:04:19.705 [main] INFO  c.a.SpringBootForJavaAnnotationApplicationTests:59- Started SpringBootForJavaAnnotationApplicationTests in 20.872 seconds (JVM running for 28.654)
15:04:20.530 [main] INFO  c.alibaba.druid.pool.DruidDataSource:106- {dataSource-1} inited
15:04:21.270 [main] DEBUG c.a.m.J.dynamicInsertListParams:159- ==>  Preparing: insert into employee (e_name,e_age,e_gender) values (?,?,?),(?,?,?),(?,?,?),(?,?,?) 
15:04:21.323 [main] DEBUG c.a.m.J.dynamicInsertListParams:159- ==> Parameters: 1(String), 1(Integer), 女(String), 2(String), 2(Integer), 男(String), 3(String), 3(Integer), 女(String), 4(String), 4(Integer), 男(String)
15:04:21.493 [main] DEBUG c.a.m.J.dynamicInsertListParams:159- <==    Updates: 4
15:04:21.598 [Thread-2] INFO  c.alibaba.druid.pool.DruidDataSource:106- {dataSource-1} closed
