11:41:35.201 [restartedMain] INFO  com.AbcSecurityAndJwtTestApplication:50- Starting AbcSecurityAndJwtTestApplication on JustryDeng with PID 4500 (E:\Java\aspire\intermediateNumber\Abc_SecurityAndJjwt_Test\target\classes started by JustryDeng in E:\Java\aspire\intermediateNumber\Abc_SecurityAndJjwt_Test)
11:41:35.203 [restartedMain] DEBUG com.AbcSecurityAndJwtTestApplication:53- Running with Spring Boot v2.0.4.RELEASE, Spring v5.0.8.RELEASE
11:41:35.205 [restartedMain] INFO  com.AbcSecurityAndJwtTestApplication:662- No active profile set, falling back to default profiles: default
11:41:35.978 [restartedMain] INFO  com.AbcSecurityAndJwtTestApplication:59- Started AbcSecurityAndJwtTestApplication in 0.952 seconds (JVM running for 476.822)
12:53:22.288 [restartedMain] INFO  com.AbcSecurityAndJwtTestApplication:50- Starting AbcSecurityAndJwtTestApplication on JustryDeng with PID 4500 (E:\Java\aspire\intermediateNumber\Abc_SecurityAndJjwt_Test\target\classes started by JustryDeng in E:\Java\aspire\intermediateNumber\Abc_SecurityAndJjwt_Test)
12:53:22.289 [restartedMain] DEBUG com.AbcSecurityAndJwtTestApplication:53- Running with Spring Boot v2.0.4.RELEASE, Spring v5.0.8.RELEASE
12:53:22.289 [restartedMain] INFO  com.AbcSecurityAndJwtTestApplication:662- No active profile set, falling back to default profiles: default
12:53:23.238 [restartedMain] INFO  com.AbcSecurityAndJwtTestApplication:59- Started AbcSecurityAndJwtTestApplication in 0.987 seconds (JVM running for 4784.102)
12:53:29.144 [restartedMain] INFO  com.AbcSecurityAndJwtTestApplication:50- Starting AbcSecurityAndJwtTestApplication on JustryDeng with PID 4500 (E:\Java\aspire\intermediateNumber\Abc_SecurityAndJjwt_Test\target\classes started by JustryDeng in E:\Java\aspire\intermediateNumber\Abc_SecurityAndJjwt_Test)
12:53:29.145 [restartedMain] DEBUG com.AbcSecurityAndJwtTestApplication:53- Running with Spring Boot v2.0.4.RELEASE, Spring v5.0.8.RELEASE
12:53:29.145 [restartedMain] INFO  com.AbcSecurityAndJwtTestApplication:662- No active profile set, falling back to default profiles: default
12:53:29.815 [restartedMain] INFO  com.AbcSecurityAndJwtTestApplication:59- Started AbcSecurityAndJwtTestApplication in 0.698 seconds (JVM running for 4790.678)
12:54:08.191 [restartedMain] INFO  com.AbcSecurityAndJwtTestApplication:50- Starting AbcSecurityAndJwtTestApplication on JustryDeng with PID 4500 (E:\Java\aspire\intermediateNumber\Abc_SecurityAndJjwt_Test\target\classes started by JustryDeng in E:\Java\aspire\intermediateNumber\Abc_SecurityAndJjwt_Test)
12:54:08.191 [restartedMain] DEBUG com.AbcSecurityAndJwtTestApplication:53- Running with Spring Boot v2.0.4.RELEASE, Spring v5.0.8.RELEASE
12:54:08.191 [restartedMain] INFO  com.AbcSecurityAndJwtTestApplication:662- No active profile set, falling back to default profiles: default
12:54:08.885 [restartedMain] INFO  com.AbcSecurityAndJwtTestApplication:59- Started AbcSecurityAndJwtTestApplication in 0.723 seconds (JVM running for 4829.749)
12:54:23.971 [restartedMain] INFO  com.AbcSecurityAndJwtTestApplication:50- Starting AbcSecurityAndJwtTestApplication on JustryDeng with PID 4500 (E:\Java\aspire\intermediateNumber\Abc_SecurityAndJjwt_Test\target\classes started by JustryDeng in E:\Java\aspire\intermediateNumber\Abc_SecurityAndJjwt_Test)
12:54:23.971 [restartedMain] DEBUG com.AbcSecurityAndJwtTestApplication:53- Running with Spring Boot v2.0.4.RELEASE, Spring v5.0.8.RELEASE
12:54:23.971 [restartedMain] INFO  com.AbcSecurityAndJwtTestApplication:662- No active profile set, falling back to default profiles: default
12:54:24.643 [restartedMain] INFO  com.AbcSecurityAndJwtTestApplication:59- Started AbcSecurityAndJwtTestApplication in 0.7 seconds (JVM running for 4845.506)
14:18:42.353 [restartedMain] INFO  com.AbcSecurityAndJwtTestApplication:50- Starting AbcSecurityAndJwtTestApplication on JustryDeng with PID 11596 (E:\Java\aspire\intermediateNumber\Abc_SecurityAndJjwt_Test\target\classes started by JustryDeng in E:\Java\aspire\intermediateNumber\Abc_SecurityAndJjwt_Test)
14:18:42.354 [restartedMain] DEBUG com.AbcSecurityAndJwtTestApplication:53- Running with Spring Boot v2.0.4.RELEASE, Spring v5.0.8.RELEASE
14:18:42.355 [restartedMain] INFO  com.AbcSecurityAndJwtTestApplication:662- No active profile set, falling back to default profiles: default
14:18:44.150 [restartedMain] INFO  com.AbcSecurityAndJwtTestApplication:59- Started AbcSecurityAndJwtTestApplication in 2.006 seconds (JVM running for 2.617)
14:23:28.955 [restartedMain] INFO  com.AbcSecurityAndJwtTestApplication:50- Starting AbcSecurityAndJwtTestApplication on JustryDeng with PID 1452 (E:\Java\aspire\intermediateNumber\Abc_SecurityAndJjwt_Test\target\classes started by JustryDeng in E:\Java\aspire\intermediateNumber\Abc_SecurityAndJjwt_Test)
14:23:28.956 [restartedMain] DEBUG com.AbcSecurityAndJwtTestApplication:53- Running with Spring Boot v2.0.4.RELEASE, Spring v5.0.8.RELEASE
14:23:28.957 [restartedMain] INFO  com.AbcSecurityAndJwtTestApplication:662- No active profile set, falling back to default profiles: default
14:24:23.190 [restartedMain] INFO  com.AbcSecurityAndJwtTestApplication:50- Starting AbcSecurityAndJwtTestApplication on JustryDeng with PID 1376 (E:\Java\aspire\intermediateNumber\Abc_SecurityAndJjwt_Test\target\classes started by JustryDeng in E:\Java\aspire\intermediateNumber\Abc_SecurityAndJjwt_Test)
14:24:23.191 [restartedMain] DEBUG com.AbcSecurityAndJwtTestApplication:53- Running with Spring Boot v2.0.4.RELEASE, Spring v5.0.8.RELEASE
14:24:23.192 [restartedMain] INFO  com.AbcSecurityAndJwtTestApplication:662- No active profile set, falling back to default profiles: default
14:25:03.474 [restartedMain] INFO  com.AbcSecurityAndJwtTestApplication:50- Starting AbcSecurityAndJwtTestApplication on JustryDeng with PID 13392 (E:\Java\aspire\intermediateNumber\Abc_SecurityAndJjwt_Test\target\classes started by JustryDeng in E:\Java\aspire\intermediateNumber\Abc_SecurityAndJjwt_Test)
14:25:03.475 [restartedMain] DEBUG com.AbcSecurityAndJwtTestApplication:53- Running with Spring Boot v2.0.4.RELEASE, Spring v5.0.8.RELEASE
14:25:03.476 [restartedMain] INFO  com.AbcSecurityAndJwtTestApplication:662- No active profile set, falling back to default profiles: default
14:26:43.433 [restartedMain] INFO  com.AbcSecurityAndJwtTestApplication:50- Starting AbcSecurityAndJwtTestApplication on JustryDeng with PID 10756 (E:\Java\aspire\intermediateNumber\Abc_SecurityAndJjwt_Test\target\classes started by JustryDeng in E:\Java\aspire\intermediateNumber\Abc_SecurityAndJjwt_Test)
14:26:43.434 [restartedMain] DEBUG com.AbcSecurityAndJwtTestApplication:53- Running with Spring Boot v2.0.4.RELEASE, Spring v5.0.8.RELEASE
14:26:43.435 [restartedMain] INFO  com.AbcSecurityAndJwtTestApplication:662- No active profile set, falling back to default profiles: default
14:27:39.336 [restartedMain] INFO  com.AbcSecurityAndJwtTestApplication:50- Starting AbcSecurityAndJwtTestApplication on JustryDeng with PID 6580 (E:\Java\aspire\intermediateNumber\Abc_SecurityAndJjwt_Test\target\classes started by JustryDeng in E:\Java\aspire\intermediateNumber\Abc_SecurityAndJjwt_Test)
14:27:39.338 [restartedMain] DEBUG com.AbcSecurityAndJwtTestApplication:53- Running with Spring Boot v2.0.4.RELEASE, Spring v5.0.8.RELEASE
14:27:39.339 [restartedMain] INFO  com.AbcSecurityAndJwtTestApplication:662- No active profile set, falling back to default profiles: default
14:28:00.853 [restartedMain] INFO  com.AbcSecurityAndJwtTestApplication:50- Starting AbcSecurityAndJwtTestApplication on JustryDeng with PID 2324 (E:\Java\aspire\intermediateNumber\Abc_SecurityAndJjwt_Test\target\classes started by JustryDeng in E:\Java\aspire\intermediateNumber\Abc_SecurityAndJjwt_Test)
14:28:00.854 [restartedMain] DEBUG com.AbcSecurityAndJwtTestApplication:53- Running with Spring Boot v2.0.4.RELEASE, Spring v5.0.8.RELEASE
14:28:00.855 [restartedMain] INFO  com.AbcSecurityAndJwtTestApplication:662- No active profile set, falling back to default profiles: default
14:28:37.326 [restartedMain] INFO  com.AbcSecurityAndJwtTestApplication:50- Starting AbcSecurityAndJwtTestApplication on JustryDeng with PID 15020 (E:\Java\aspire\intermediateNumber\Abc_SecurityAndJjwt_Test\target\classes started by JustryDeng in E:\Java\aspire\intermediateNumber\Abc_SecurityAndJjwt_Test)
14:28:37.327 [restartedMain] DEBUG com.AbcSecurityAndJwtTestApplication:53- Running with Spring Boot v2.0.4.RELEASE, Spring v5.0.8.RELEASE
14:28:37.328 [restartedMain] INFO  com.AbcSecurityAndJwtTestApplication:662- No active profile set, falling back to default profiles: default
14:28:39.177 [restartedMain] INFO  com.AbcSecurityAndJwtTestApplication:59- Started AbcSecurityAndJwtTestApplication in 2.063 seconds (JVM running for 2.691)
14:35:20.857 [restartedMain] INFO  com.AbcSecurityAndJwtTestApplication:50- Starting AbcSecurityAndJwtTestApplication on JustryDeng with PID 15316 (E:\Java\aspire\intermediateNumber\Abc_SecurityAndJjwt_Test\target\classes started by JustryDeng in E:\Java\aspire\intermediateNumber\Abc_SecurityAndJjwt_Test)
14:35:20.858 [restartedMain] DEBUG com.AbcSecurityAndJwtTestApplication:53- Running with Spring Boot v2.0.4.RELEASE, Spring v5.0.8.RELEASE
14:35:20.859 [restartedMain] INFO  com.AbcSecurityAndJwtTestApplication:662- No active profile set, falling back to default profiles: default
14:35:22.522 [restartedMain] INFO  com.AbcSecurityAndJwtTestApplication:59- Started AbcSecurityAndJwtTestApplication in 1.872 seconds (JVM running for 2.508)
14:36:51.974 [restartedMain] INFO  com.AbcSecurityAndJwtTestApplication:50- Starting AbcSecurityAndJwtTestApplication on JustryDeng with PID 15316 (E:\Java\aspire\intermediateNumber\Abc_SecurityAndJjwt_Test\target\classes started by JustryDeng in E:\Java\aspire\intermediateNumber\Abc_SecurityAndJjwt_Test)
14:36:51.974 [restartedMain] DEBUG com.AbcSecurityAndJwtTestApplication:53- Running with Spring Boot v2.0.4.RELEASE, Spring v5.0.8.RELEASE
14:36:51.974 [restartedMain] INFO  com.AbcSecurityAndJwtTestApplication:662- No active profile set, falling back to default profiles: default
14:36:52.516 [restartedMain] INFO  com.AbcSecurityAndJwtTestApplication:59- Started AbcSecurityAndJwtTestApplication in 0.567 seconds (JVM running for 92.501)
14:40:09.730 [restartedMain] INFO  com.AbcSecurityAndJwtTestApplication:50- Starting AbcSecurityAndJwtTestApplication on JustryDeng with PID 2560 (E:\Java\aspire\intermediateNumber\Abc_SecurityAndJjwt_Test\target\classes started by JustryDeng in E:\Java\aspire\intermediateNumber\Abc_SecurityAndJjwt_Test)
14:40:09.731 [restartedMain] DEBUG com.AbcSecurityAndJwtTestApplication:53- Running with Spring Boot v2.0.4.RELEASE, Spring v5.0.8.RELEASE
14:40:09.732 [restartedMain] INFO  com.AbcSecurityAndJwtTestApplication:662- No active profile set, falling back to default profiles: default
14:40:11.323 [restartedMain] INFO  com.AbcSecurityAndJwtTestApplication:59- Started AbcSecurityAndJwtTestApplication in 1.798 seconds (JVM running for 2.403)
14:41:59.792 [restartedMain] INFO  com.AbcSecurityAndJwtTestApplication:50- Starting AbcSecurityAndJwtTestApplication on JustryDeng with PID 2560 (E:\Java\aspire\intermediateNumber\Abc_SecurityAndJjwt_Test\target\classes started by JustryDeng in E:\Java\aspire\intermediateNumber\Abc_SecurityAndJjwt_Test)
14:41:59.793 [restartedMain] DEBUG com.AbcSecurityAndJwtTestApplication:53- Running with Spring Boot v2.0.4.RELEASE, Spring v5.0.8.RELEASE
14:41:59.793 [restartedMain] INFO  com.AbcSecurityAndJwtTestApplication:662- No active profile set, falling back to default profiles: default
14:42:00.367 [restartedMain] INFO  com.AbcSecurityAndJwtTestApplication:59- Started AbcSecurityAndJwtTestApplication in 0.603 seconds (JVM running for 111.447)
14:43:06.934 [restartedMain] INFO  com.AbcSecurityAndJwtTestApplication:50- Starting AbcSecurityAndJwtTestApplication on JustryDeng with PID 10196 (E:\Java\aspire\intermediateNumber\Abc_SecurityAndJjwt_Test\target\classes started by JustryDeng in E:\Java\aspire\intermediateNumber\Abc_SecurityAndJjwt_Test)
14:43:06.935 [restartedMain] DEBUG com.AbcSecurityAndJwtTestApplication:53- Running with Spring Boot v2.0.4.RELEASE, Spring v5.0.8.RELEASE
14:43:06.936 [restartedMain] INFO  com.AbcSecurityAndJwtTestApplication:662- No active profile set, falling back to default profiles: default
14:43:08.528 [restartedMain] INFO  com.AbcSecurityAndJwtTestApplication:59- Started AbcSecurityAndJwtTestApplication in 1.803 seconds (JVM running for 2.406)
14:44:54.944 [restartedMain] INFO  com.AbcSecurityAndJwtTestApplication:50- Starting AbcSecurityAndJwtTestApplication on JustryDeng with PID 10196 (E:\Java\aspire\intermediateNumber\Abc_SecurityAndJjwt_Test\target\classes started by JustryDeng in E:\Java\aspire\intermediateNumber\Abc_SecurityAndJjwt_Test)
14:44:54.944 [restartedMain] DEBUG com.AbcSecurityAndJwtTestApplication:53- Running with Spring Boot v2.0.4.RELEASE, Spring v5.0.8.RELEASE
14:44:54.944 [restartedMain] INFO  com.AbcSecurityAndJwtTestApplication:662- No active profile set, falling back to default profiles: default
14:44:55.484 [restartedMain] INFO  com.AbcSecurityAndJwtTestApplication:59- Started AbcSecurityAndJwtTestApplication in 0.565 seconds (JVM running for 109.361)
14:46:42.495 [restartedMain] INFO  com.AbcSecurityAndJwtTestApplication:50- Starting AbcSecurityAndJwtTestApplication on JustryDeng with PID 14692 (E:\Java\aspire\intermediateNumber\Abc_SecurityAndJjwt_Test\target\classes started by JustryDeng in E:\Java\aspire\intermediateNumber\Abc_SecurityAndJjwt_Test)
14:46:42.496 [restartedMain] DEBUG com.AbcSecurityAndJwtTestApplication:53- Running with Spring Boot v2.0.4.RELEASE, Spring v5.0.8.RELEASE
14:46:42.497 [restartedMain] INFO  com.AbcSecurityAndJwtTestApplication:662- No active profile set, falling back to default profiles: default
14:46:44.084 [restartedMain] INFO  com.AbcSecurityAndJwtTestApplication:59- Started AbcSecurityAndJwtTestApplication in 1.812 seconds (JVM running for 2.436)
14:51:49.901 [restartedMain] INFO  com.AbcSecurityAndJwtTestApplication:50- Starting AbcSecurityAndJwtTestApplication on JustryDeng with PID 14692 (E:\Java\aspire\intermediateNumber\Abc_SecurityAndJjwt_Test\target\classes started by JustryDeng in E:\Java\aspire\intermediateNumber\Abc_SecurityAndJjwt_Test)
14:51:49.902 [restartedMain] DEBUG com.AbcSecurityAndJwtTestApplication:53- Running with Spring Boot v2.0.4.RELEASE, Spring v5.0.8.RELEASE
14:51:49.902 [restartedMain] INFO  com.AbcSecurityAndJwtTestApplication:662- No active profile set, falling back to default profiles: default
14:51:50.457 [restartedMain] INFO  com.AbcSecurityAndJwtTestApplication:59- Started AbcSecurityAndJwtTestApplication in 0.581 seconds (JVM running for 308.81)
15:05:29.267 [restartedMain] INFO  com.AbcSecurityAndJwtTestApplication:50- Starting AbcSecurityAndJwtTestApplication on JustryDeng with PID 14692 (E:\Java\aspire\intermediateNumber\Abc_SecurityAndJjwt_Test\target\classes started by JustryDeng in E:\Java\aspire\intermediateNumber\Abc_SecurityAndJjwt_Test)
15:05:29.267 [restartedMain] DEBUG com.AbcSecurityAndJwtTestApplication:53- Running with Spring Boot v2.0.4.RELEASE, Spring v5.0.8.RELEASE
15:05:29.267 [restartedMain] INFO  com.AbcSecurityAndJwtTestApplication:662- No active profile set, falling back to default profiles: default
15:05:29.786 [restartedMain] INFO  com.AbcSecurityAndJwtTestApplication:59- Started AbcSecurityAndJwtTestApplication in 0.542 seconds (JVM running for 1128.139)
15:06:39.054 [restartedMain] INFO  com.AbcSecurityAndJwtTestApplication:50- Starting AbcSecurityAndJwtTestApplication on JustryDeng with PID 14692 (E:\Java\aspire\intermediateNumber\Abc_SecurityAndJjwt_Test\target\classes started by JustryDeng in E:\Java\aspire\intermediateNumber\Abc_SecurityAndJjwt_Test)
15:06:39.054 [restartedMain] DEBUG com.AbcSecurityAndJwtTestApplication:53- Running with Spring Boot v2.0.4.RELEASE, Spring v5.0.8.RELEASE
15:06:39.054 [restartedMain] INFO  com.AbcSecurityAndJwtTestApplication:662- No active profile set, falling back to default profiles: default
15:06:39.561 [restartedMain] INFO  com.AbcSecurityAndJwtTestApplication:59- Started AbcSecurityAndJwtTestApplication in 0.53 seconds (JVM running for 1197.914)
15:28:11.672 [restartedMain] INFO  com.AbcSecurityAndJwtTestApplication:50- Starting AbcSecurityAndJwtTestApplication on JustryDeng with PID 2920 (E:\Java\aspire\intermediateNumber\Abc_SecurityAndJjwt_Test\target\classes started by JustryDeng in E:\Java\aspire\intermediateNumber\Abc_SecurityAndJjwt_Test)
15:28:11.673 [restartedMain] DEBUG com.AbcSecurityAndJwtTestApplication:53- Running with Spring Boot v2.0.4.RELEASE, Spring v5.0.8.RELEASE
15:28:11.674 [restartedMain] INFO  com.AbcSecurityAndJwtTestApplication:662- No active profile set, falling back to default profiles: default
15:30:26.285 [restartedMain] INFO  com.AbcSecurityAndJwtTestApplication:50- Starting AbcSecurityAndJwtTestApplication on JustryDeng with PID 8272 (E:\Java\aspire\intermediateNumber\Abc_SecurityAndJjwt_Test\target\classes started by JustryDeng in E:\Java\aspire\intermediateNumber\Abc_SecurityAndJjwt_Test)
15:30:26.287 [restartedMain] DEBUG com.AbcSecurityAndJwtTestApplication:53- Running with Spring Boot v2.0.4.RELEASE, Spring v5.0.8.RELEASE
15:30:26.287 [restartedMain] INFO  com.AbcSecurityAndJwtTestApplication:662- No active profile set, falling back to default profiles: default
15:31:15.248 [restartedMain] INFO  com.AbcSecurityAndJwtTestApplication:50- Starting AbcSecurityAndJwtTestApplication on JustryDeng with PID 4084 (E:\Java\aspire\intermediateNumber\Abc_SecurityAndJjwt_Test\target\classes started by JustryDeng in E:\Java\aspire\intermediateNumber\Abc_SecurityAndJjwt_Test)
15:31:15.249 [restartedMain] DEBUG com.AbcSecurityAndJwtTestApplication:53- Running with Spring Boot v2.0.4.RELEASE, Spring v5.0.8.RELEASE
15:31:15.250 [restartedMain] INFO  com.AbcSecurityAndJwtTestApplication:662- No active profile set, falling back to default profiles: default
15:31:16.953 [restartedMain] INFO  com.AbcSecurityAndJwtTestApplication:59- Started AbcSecurityAndJwtTestApplication in 1.922 seconds (JVM running for 2.55)
15:32:17.996 [restartedMain] INFO  com.AbcSecurityAndJwtTestApplication:50- Starting AbcSecurityAndJwtTestApplication on JustryDeng with PID 4084 (E:\Java\aspire\intermediateNumber\Abc_SecurityAndJjwt_Test\target\classes started by JustryDeng in E:\Java\aspire\intermediateNumber\Abc_SecurityAndJjwt_Test)
15:32:17.996 [restartedMain] DEBUG com.AbcSecurityAndJwtTestApplication:53- Running with Spring Boot v2.0.4.RELEASE, Spring v5.0.8.RELEASE
15:32:17.996 [restartedMain] INFO  com.AbcSecurityAndJwtTestApplication:662- No active profile set, falling back to default profiles: default
15:32:18.542 [restartedMain] INFO  com.AbcSecurityAndJwtTestApplication:59- Started AbcSecurityAndJwtTestApplication in 0.571 seconds (JVM running for 64.139)
15:36:57.879 [restartedMain] INFO  com.AbcSecurityAndJwtTestApplication:50- Starting AbcSecurityAndJwtTestApplication on JustryDeng with PID 4084 (E:\Java\aspire\intermediateNumber\Abc_SecurityAndJjwt_Test\target\classes started by JustryDeng in E:\Java\aspire\intermediateNumber\Abc_SecurityAndJjwt_Test)
15:36:57.879 [restartedMain] DEBUG com.AbcSecurityAndJwtTestApplication:53- Running with Spring Boot v2.0.4.RELEASE, Spring v5.0.8.RELEASE
15:36:57.879 [restartedMain] INFO  com.AbcSecurityAndJwtTestApplication:662- No active profile set, falling back to default profiles: default
15:36:58.421 [restartedMain] INFO  com.AbcSecurityAndJwtTestApplication:59- Started AbcSecurityAndJwtTestApplication in 0.568 seconds (JVM running for 344.018)
15:37:09.197 [restartedMain] INFO  com.AbcSecurityAndJwtTestApplication:50- Starting AbcSecurityAndJwtTestApplication on JustryDeng with PID 4084 (E:\Java\aspire\intermediateNumber\Abc_SecurityAndJjwt_Test\target\classes started by JustryDeng in E:\Java\aspire\intermediateNumber\Abc_SecurityAndJjwt_Test)
15:37:09.197 [restartedMain] DEBUG com.AbcSecurityAndJwtTestApplication:53- Running with Spring Boot v2.0.4.RELEASE, Spring v5.0.8.RELEASE
15:37:09.197 [restartedMain] INFO  com.AbcSecurityAndJwtTestApplication:662- No active profile set, falling back to default profiles: default
15:37:09.711 [restartedMain] INFO  com.AbcSecurityAndJwtTestApplication:59- Started AbcSecurityAndJwtTestApplication in 0.538 seconds (JVM running for 355.308)
15:38:57.997 [restartedMain] INFO  com.AbcSecurityAndJwtTestApplication:50- Starting AbcSecurityAndJwtTestApplication on JustryDeng with PID 4084 (E:\Java\aspire\intermediateNumber\Abc_SecurityAndJjwt_Test\target\classes started by JustryDeng in E:\Java\aspire\intermediateNumber\Abc_SecurityAndJjwt_Test)
15:38:57.997 [restartedMain] DEBUG com.AbcSecurityAndJwtTestApplication:53- Running with Spring Boot v2.0.4.RELEASE, Spring v5.0.8.RELEASE
15:38:57.998 [restartedMain] INFO  com.AbcSecurityAndJwtTestApplication:662- No active profile set, falling back to default profiles: default
15:38:58.509 [restartedMain] INFO  com.AbcSecurityAndJwtTestApplication:59- Started AbcSecurityAndJwtTestApplication in 0.535 seconds (JVM running for 464.106)
15:39:01.202 [restartedMain] INFO  com.AbcSecurityAndJwtTestApplication:50- Starting AbcSecurityAndJwtTestApplication on JustryDeng with PID 4084 (E:\Java\aspire\intermediateNumber\Abc_SecurityAndJjwt_Test\target\classes started by JustryDeng in E:\Java\aspire\intermediateNumber\Abc_SecurityAndJjwt_Test)
15:39:01.202 [restartedMain] DEBUG com.AbcSecurityAndJwtTestApplication:53- Running with Spring Boot v2.0.4.RELEASE, Spring v5.0.8.RELEASE
15:39:01.202 [restartedMain] INFO  com.AbcSecurityAndJwtTestApplication:662- No active profile set, falling back to default profiles: default
15:39:01.693 [restartedMain] INFO  com.AbcSecurityAndJwtTestApplication:59- Started AbcSecurityAndJwtTestApplication in 0.513 seconds (JVM running for 467.291)
15:39:17.469 [restartedMain] INFO  com.AbcSecurityAndJwtTestApplication:50- Starting AbcSecurityAndJwtTestApplication on JustryDeng with PID 4084 (E:\Java\aspire\intermediateNumber\Abc_SecurityAndJjwt_Test\target\classes started by JustryDeng in E:\Java\aspire\intermediateNumber\Abc_SecurityAndJjwt_Test)
15:39:17.469 [restartedMain] DEBUG com.AbcSecurityAndJwtTestApplication:53- Running with Spring Boot v2.0.4.RELEASE, Spring v5.0.8.RELEASE
15:39:17.470 [restartedMain] INFO  com.AbcSecurityAndJwtTestApplication:662- No active profile set, falling back to default profiles: default
15:39:17.985 [restartedMain] INFO  com.AbcSecurityAndJwtTestApplication:59- Started AbcSecurityAndJwtTestApplication in 0.536 seconds (JVM running for 483.582)
15:39:55.904 [restartedMain] INFO  com.AbcSecurityAndJwtTestApplication:50- Starting AbcSecurityAndJwtTestApplication on JustryDeng with PID 4084 (E:\Java\aspire\intermediateNumber\Abc_SecurityAndJjwt_Test\target\classes started by JustryDeng in E:\Java\aspire\intermediateNumber\Abc_SecurityAndJjwt_Test)
15:39:55.905 [restartedMain] DEBUG com.AbcSecurityAndJwtTestApplication:53- Running with Spring Boot v2.0.4.RELEASE, Spring v5.0.8.RELEASE
15:39:55.905 [restartedMain] INFO  com.AbcSecurityAndJwtTestApplication:662- No active profile set, falling back to default profiles: default
15:39:56.421 [restartedMain] INFO  com.AbcSecurityAndJwtTestApplication:59- Started AbcSecurityAndJwtTestApplication in 0.539 seconds (JVM running for 522.018)
15:40:00.179 [restartedMain] INFO  com.AbcSecurityAndJwtTestApplication:50- Starting AbcSecurityAndJwtTestApplication on JustryDeng with PID 4084 (E:\Java\aspire\intermediateNumber\Abc_SecurityAndJjwt_Test\target\classes started by JustryDeng in E:\Java\aspire\intermediateNumber\Abc_SecurityAndJjwt_Test)
15:40:00.179 [restartedMain] DEBUG com.AbcSecurityAndJwtTestApplication:53- Running with Spring Boot v2.0.4.RELEASE, Spring v5.0.8.RELEASE
15:40:00.179 [restartedMain] INFO  com.AbcSecurityAndJwtTestApplication:662- No active profile set, falling back to default profiles: default
15:40:00.666 [restartedMain] INFO  com.AbcSecurityAndJwtTestApplication:59- Started AbcSecurityAndJwtTestApplication in 0.508 seconds (JVM running for 526.263)
15:40:09.376 [restartedMain] INFO  com.AbcSecurityAndJwtTestApplication:50- Starting AbcSecurityAndJwtTestApplication on JustryDeng with PID 4084 (E:\Java\aspire\intermediateNumber\Abc_SecurityAndJjwt_Test\target\classes started by JustryDeng in E:\Java\aspire\intermediateNumber\Abc_SecurityAndJjwt_Test)
15:40:09.377 [restartedMain] DEBUG com.AbcSecurityAndJwtTestApplication:53- Running with Spring Boot v2.0.4.RELEASE, Spring v5.0.8.RELEASE
15:40:09.377 [restartedMain] INFO  com.AbcSecurityAndJwtTestApplication:662- No active profile set, falling back to default profiles: default
15:40:09.919 [restartedMain] INFO  com.AbcSecurityAndJwtTestApplication:59- Started AbcSecurityAndJwtTestApplication in 0.564 seconds (JVM running for 535.516)
15:40:46.830 [restartedMain] INFO  com.AbcSecurityAndJwtTestApplication:50- Starting AbcSecurityAndJwtTestApplication on JustryDeng with PID 4084 (E:\Java\aspire\intermediateNumber\Abc_SecurityAndJjwt_Test\target\classes started by JustryDeng in E:\Java\aspire\intermediateNumber\Abc_SecurityAndJjwt_Test)
15:40:46.831 [restartedMain] DEBUG com.AbcSecurityAndJwtTestApplication:53- Running with Spring Boot v2.0.4.RELEASE, Spring v5.0.8.RELEASE
15:40:46.831 [restartedMain] INFO  com.AbcSecurityAndJwtTestApplication:662- No active profile set, falling back to default profiles: default
15:40:47.324 [restartedMain] INFO  com.AbcSecurityAndJwtTestApplication:59- Started AbcSecurityAndJwtTestApplication in 0.514 seconds (JVM running for 572.921)
15:43:18.389 [restartedMain] INFO  com.AbcSecurityAndJwtTestApplication:50- Starting AbcSecurityAndJwtTestApplication on JustryDeng with PID 4084 (E:\Java\aspire\intermediateNumber\Abc_SecurityAndJjwt_Test\target\classes started by JustryDeng in E:\Java\aspire\intermediateNumber\Abc_SecurityAndJjwt_Test)
15:43:18.389 [restartedMain] DEBUG com.AbcSecurityAndJwtTestApplication:53- Running with Spring Boot v2.0.4.RELEASE, Spring v5.0.8.RELEASE
15:43:18.390 [restartedMain] INFO  com.AbcSecurityAndJwtTestApplication:662- No active profile set, falling back to default profiles: default
15:43:18.909 [restartedMain] INFO  com.AbcSecurityAndJwtTestApplication:59- Started AbcSecurityAndJwtTestApplication in 0.541 seconds (JVM running for 724.507)
15:43:43.769 [restartedMain] INFO  com.AbcSecurityAndJwtTestApplication:50- Starting AbcSecurityAndJwtTestApplication on JustryDeng with PID 4084 (E:\Java\aspire\intermediateNumber\Abc_SecurityAndJjwt_Test\target\classes started by JustryDeng in E:\Java\aspire\intermediateNumber\Abc_SecurityAndJjwt_Test)
15:43:43.769 [restartedMain] DEBUG com.AbcSecurityAndJwtTestApplication:53- Running with Spring Boot v2.0.4.RELEASE, Spring v5.0.8.RELEASE
15:43:43.769 [restartedMain] INFO  com.AbcSecurityAndJwtTestApplication:662- No active profile set, falling back to default profiles: default
15:43:44.252 [restartedMain] INFO  com.AbcSecurityAndJwtTestApplication:59- Started AbcSecurityAndJwtTestApplication in 0.502 seconds (JVM running for 749.849)
15:45:03.591 [restartedMain] INFO  com.AbcSecurityAndJwtTestApplication:50- Starting AbcSecurityAndJwtTestApplication on JustryDeng with PID 4084 (E:\Java\aspire\intermediateNumber\Abc_SecurityAndJjwt_Test\target\classes started by JustryDeng in E:\Java\aspire\intermediateNumber\Abc_SecurityAndJjwt_Test)
15:45:03.591 [restartedMain] DEBUG com.AbcSecurityAndJwtTestApplication:53- Running with Spring Boot v2.0.4.RELEASE, Spring v5.0.8.RELEASE
15:45:03.591 [restartedMain] INFO  com.AbcSecurityAndJwtTestApplication:662- No active profile set, falling back to default profiles: default
15:45:04.077 [restartedMain] INFO  com.AbcSecurityAndJwtTestApplication:59- Started AbcSecurityAndJwtTestApplication in 0.507 seconds (JVM running for 829.674)
15:46:25.420 [restartedMain] INFO  com.AbcSecurityAndJwtTestApplication:50- Starting AbcSecurityAndJwtTestApplication on JustryDeng with PID 4084 (E:\Java\aspire\intermediateNumber\Abc_SecurityAndJjwt_Test\target\classes started by JustryDeng in E:\Java\aspire\intermediateNumber\Abc_SecurityAndJjwt_Test)
15:46:25.420 [restartedMain] DEBUG com.AbcSecurityAndJwtTestApplication:53- Running with Spring Boot v2.0.4.RELEASE, Spring v5.0.8.RELEASE
15:46:25.420 [restartedMain] INFO  com.AbcSecurityAndJwtTestApplication:662- No active profile set, falling back to default profiles: default
15:46:25.907 [restartedMain] INFO  com.AbcSecurityAndJwtTestApplication:59- Started AbcSecurityAndJwtTestApplication in 0.508 seconds (JVM running for 911.504)
15:46:40.701 [restartedMain] INFO  com.AbcSecurityAndJwtTestApplication:50- Starting AbcSecurityAndJwtTestApplication on JustryDeng with PID 4084 (E:\Java\aspire\intermediateNumber\Abc_SecurityAndJjwt_Test\target\classes started by JustryDeng in E:\Java\aspire\intermediateNumber\Abc_SecurityAndJjwt_Test)
15:46:40.701 [restartedMain] DEBUG com.AbcSecurityAndJwtTestApplication:53- Running with Spring Boot v2.0.4.RELEASE, Spring v5.0.8.RELEASE
15:46:40.701 [restartedMain] INFO  com.AbcSecurityAndJwtTestApplication:662- No active profile set, falling back to default profiles: default
15:46:41.212 [restartedMain] INFO  com.AbcSecurityAndJwtTestApplication:59- Started AbcSecurityAndJwtTestApplication in 0.535 seconds (JVM running for 926.809)
15:48:01.590 [restartedMain] INFO  com.AbcSecurityAndJwtTestApplication:50- Starting AbcSecurityAndJwtTestApplication on JustryDeng with PID 4084 (E:\Java\aspire\intermediateNumber\Abc_SecurityAndJjwt_Test\target\classes started by JustryDeng in E:\Java\aspire\intermediateNumber\Abc_SecurityAndJjwt_Test)
15:48:01.590 [restartedMain] DEBUG com.AbcSecurityAndJwtTestApplication:53- Running with Spring Boot v2.0.4.RELEASE, Spring v5.0.8.RELEASE
15:48:01.590 [restartedMain] INFO  com.AbcSecurityAndJwtTestApplication:662- No active profile set, falling back to default profiles: default
15:48:02.074 [restartedMain] INFO  com.AbcSecurityAndJwtTestApplication:59- Started AbcSecurityAndJwtTestApplication in 0.504 seconds (JVM running for 1007.671)
15:48:06.769 [restartedMain] INFO  com.AbcSecurityAndJwtTestApplication:50- Starting AbcSecurityAndJwtTestApplication on JustryDeng with PID 4084 (E:\Java\aspire\intermediateNumber\Abc_SecurityAndJjwt_Test\target\classes started by JustryDeng in E:\Java\aspire\intermediateNumber\Abc_SecurityAndJjwt_Test)
15:48:06.769 [restartedMain] DEBUG com.AbcSecurityAndJwtTestApplication:53- Running with Spring Boot v2.0.4.RELEASE, Spring v5.0.8.RELEASE
15:48:06.770 [restartedMain] INFO  com.AbcSecurityAndJwtTestApplication:662- No active profile set, falling back to default profiles: default
15:48:07.259 [restartedMain] INFO  com.AbcSecurityAndJwtTestApplication:59- Started AbcSecurityAndJwtTestApplication in 0.51 seconds (JVM running for 1012.856)
16:00:58.221 [restartedMain] INFO  com.AbcSecurityAndJwtTestApplication:50- Starting AbcSecurityAndJwtTestApplication on JustryDeng with PID 14960 (E:\Java\aspire\intermediateNumber\Abc_SecurityAndJjwt_Test\target\classes started by JustryDeng in E:\Java\aspire\intermediateNumber\Abc_SecurityAndJjwt_Test)
16:00:58.222 [restartedMain] DEBUG com.AbcSecurityAndJwtTestApplication:53- Running with Spring Boot v2.0.4.RELEASE, Spring v5.0.8.RELEASE
16:00:58.223 [restartedMain] INFO  com.AbcSecurityAndJwtTestApplication:662- No active profile set, falling back to default profiles: default
16:01:00.059 [restartedMain] INFO  com.AbcSecurityAndJwtTestApplication:59- Started AbcSecurityAndJwtTestApplication in 2.191 seconds (JVM running for 2.823)
16:01:30.054 [http-nio-8080-exec-2] ERROR c.a.filter.AxbAuthenticationFilter:54- getted Authorization is ---> platformid="1231231231",timestamp="111222333444",signature="a69eae32a0ec746d5f6bf9bf9771ae36"
16:01:30.054 [http-nio-8080-exec-2] ERROR c.a.filter.AxbAuthenticationFilter:59- getted ip is ---> 0:0:0:0:0:0:0:1
16:02:22.489 [restartedMain] INFO  com.AbcSecurityAndJwtTestApplication:50- Starting AbcSecurityAndJwtTestApplication on JustryDeng with PID 14960 (E:\Java\aspire\intermediateNumber\Abc_SecurityAndJjwt_Test\target\classes started by JustryDeng in E:\Java\aspire\intermediateNumber\Abc_SecurityAndJjwt_Test)
16:02:22.489 [restartedMain] DEBUG com.AbcSecurityAndJwtTestApplication:53- Running with Spring Boot v2.0.4.RELEASE, Spring v5.0.8.RELEASE
16:02:22.489 [restartedMain] INFO  com.AbcSecurityAndJwtTestApplication:662- No active profile set, falling back to default profiles: default
16:02:23.027 [restartedMain] INFO  com.AbcSecurityAndJwtTestApplication:59- Started AbcSecurityAndJwtTestApplication in 0.566 seconds (JVM running for 85.791)
16:02:47.968 [restartedMain] INFO  com.AbcSecurityAndJwtTestApplication:50- Starting AbcSecurityAndJwtTestApplication on JustryDeng with PID 14960 (E:\Java\aspire\intermediateNumber\Abc_SecurityAndJjwt_Test\target\classes started by JustryDeng in E:\Java\aspire\intermediateNumber\Abc_SecurityAndJjwt_Test)
16:02:47.968 [restartedMain] DEBUG com.AbcSecurityAndJwtTestApplication:53- Running with Spring Boot v2.0.4.RELEASE, Spring v5.0.8.RELEASE
16:02:47.969 [restartedMain] INFO  com.AbcSecurityAndJwtTestApplication:662- No active profile set, falling back to default profiles: default
16:02:48.516 [restartedMain] INFO  com.AbcSecurityAndJwtTestApplication:59- Started AbcSecurityAndJwtTestApplication in 0.573 seconds (JVM running for 111.28)
16:05:26.356 [restartedMain] INFO  com.AbcSecurityAndJwtTestApplication:50- Starting AbcSecurityAndJwtTestApplication on JustryDeng with PID 14960 (E:\Java\aspire\intermediateNumber\Abc_SecurityAndJjwt_Test\target\classes started by JustryDeng in E:\Java\aspire\intermediateNumber\Abc_SecurityAndJjwt_Test)
16:05:26.356 [restartedMain] DEBUG com.AbcSecurityAndJwtTestApplication:53- Running with Spring Boot v2.0.4.RELEASE, Spring v5.0.8.RELEASE
16:05:26.357 [restartedMain] INFO  com.AbcSecurityAndJwtTestApplication:662- No active profile set, falling back to default profiles: default
16:05:27.012 [restartedMain] INFO  com.AbcSecurityAndJwtTestApplication:59- Started AbcSecurityAndJwtTestApplication in 0.677 seconds (JVM running for 269.775)
16:06:10.611 [http-nio-8080-exec-2] INFO  c.a.filter.AxbAuthenticationFilter:54- getted Authorization is ---> platformid="1231231231",timestamp="111222333444",signature="17365fa0407cf1dd90c262c6ad8d5b16"
16:06:10.613 [http-nio-8080-exec-2] INFO  c.a.filter.AxbAuthenticationFilter:59- getted ip is ---> 0:0:0:0:0:0:0:1
16:06:10.613 [http-nio-8080-exec-2] INFO  c.a.filter.AxbAuthenticationFilter:63- getted requestbody data is ---> {"key":"阿萨德发的AWDAYGESBDI阿卡上班呀女阿萨德"}
16:06:43.356 [restartedMain] INFO  com.AbcSecurityAndJwtTestApplication:50- Starting AbcSecurityAndJwtTestApplication on JustryDeng with PID 14960 (E:\Java\aspire\intermediateNumber\Abc_SecurityAndJjwt_Test\target\classes started by JustryDeng in E:\Java\aspire\intermediateNumber\Abc_SecurityAndJjwt_Test)
16:06:43.356 [restartedMain] DEBUG com.AbcSecurityAndJwtTestApplication:53- Running with Spring Boot v2.0.4.RELEASE, Spring v5.0.8.RELEASE
16:06:43.356 [restartedMain] INFO  com.AbcSecurityAndJwtTestApplication:662- No active profile set, falling back to default profiles: default
16:06:43.856 [restartedMain] INFO  com.AbcSecurityAndJwtTestApplication:59- Started AbcSecurityAndJwtTestApplication in 0.524 seconds (JVM running for 346.62)
16:06:58.457 [http-nio-8080-exec-3] INFO  c.a.filter.AxbAuthenticationFilter:54- getted Authorization is ---> platformid="1231231231",timestamp="111222333444",signature="eaee4085453b96ff49eaf61e64298f96"
16:06:58.458 [http-nio-8080-exec-3] INFO  c.a.filter.AxbAuthenticationFilter:59- getted ip is ---> 0:0:0:0:0:0:0:1
16:06:58.459 [http-nio-8080-exec-3] INFO  c.a.filter.AxbAuthenticationFilter:63- getted requestbody data is ---> {"key":"阿萨德发的AWDAYGESBDI阿卡上班呀女阿萨德"}
16:07:17.733 [restartedMain] INFO  com.AbcSecurityAndJwtTestApplication:50- Starting AbcSecurityAndJwtTestApplication on JustryDeng with PID 14960 (E:\Java\aspire\intermediateNumber\Abc_SecurityAndJjwt_Test\target\classes started by JustryDeng in E:\Java\aspire\intermediateNumber\Abc_SecurityAndJjwt_Test)
16:07:17.734 [restartedMain] DEBUG com.AbcSecurityAndJwtTestApplication:53- Running with Spring Boot v2.0.4.RELEASE, Spring v5.0.8.RELEASE
16:07:17.734 [restartedMain] INFO  com.AbcSecurityAndJwtTestApplication:662- No active profile set, falling back to default profiles: default
16:07:18.236 [restartedMain] INFO  com.AbcSecurityAndJwtTestApplication:59- Started AbcSecurityAndJwtTestApplication in 0.525 seconds (JVM running for 381.0)
16:09:23.086 [restartedMain] INFO  com.AbcSecurityAndJwtTestApplication:50- Starting AbcSecurityAndJwtTestApplication on JustryDeng with PID 14960 (E:\Java\aspire\intermediateNumber\Abc_SecurityAndJjwt_Test\target\classes started by JustryDeng in E:\Java\aspire\intermediateNumber\Abc_SecurityAndJjwt_Test)
16:09:23.086 [restartedMain] DEBUG com.AbcSecurityAndJwtTestApplication:53- Running with Spring Boot v2.0.4.RELEASE, Spring v5.0.8.RELEASE
16:09:23.086 [restartedMain] INFO  com.AbcSecurityAndJwtTestApplication:662- No active profile set, falling back to default profiles: default
16:09:23.600 [restartedMain] INFO  com.AbcSecurityAndJwtTestApplication:59- Started AbcSecurityAndJwtTestApplication in 0.536 seconds (JVM running for 506.364)
16:09:26.313 [restartedMain] INFO  com.AbcSecurityAndJwtTestApplication:50- Starting AbcSecurityAndJwtTestApplication on JustryDeng with PID 14960 (E:\Java\aspire\intermediateNumber\Abc_SecurityAndJjwt_Test\target\classes started by JustryDeng in E:\Java\aspire\intermediateNumber\Abc_SecurityAndJjwt_Test)
16:09:26.314 [restartedMain] DEBUG com.AbcSecurityAndJwtTestApplication:53- Running with Spring Boot v2.0.4.RELEASE, Spring v5.0.8.RELEASE
16:09:26.314 [restartedMain] INFO  com.AbcSecurityAndJwtTestApplication:662- No active profile set, falling back to default profiles: default
16:09:26.832 [restartedMain] INFO  com.AbcSecurityAndJwtTestApplication:59- Started AbcSecurityAndJwtTestApplication in 0.542 seconds (JVM running for 509.596)
16:10:00.862 [restartedMain] INFO  com.AbcSecurityAndJwtTestApplication:50- Starting AbcSecurityAndJwtTestApplication on JustryDeng with PID 14960 (E:\Java\aspire\intermediateNumber\Abc_SecurityAndJjwt_Test\target\classes started by JustryDeng in E:\Java\aspire\intermediateNumber\Abc_SecurityAndJjwt_Test)
16:10:00.862 [restartedMain] DEBUG com.AbcSecurityAndJwtTestApplication:53- Running with Spring Boot v2.0.4.RELEASE, Spring v5.0.8.RELEASE
16:10:00.862 [restartedMain] INFO  com.AbcSecurityAndJwtTestApplication:662- No active profile set, falling back to default profiles: default
16:10:01.388 [restartedMain] INFO  com.AbcSecurityAndJwtTestApplication:59- Started AbcSecurityAndJwtTestApplication in 0.547 seconds (JVM running for 544.152)
16:10:03.099 [restartedMain] INFO  com.AbcSecurityAndJwtTestApplication:50- Starting AbcSecurityAndJwtTestApplication on JustryDeng with PID 14960 (E:\Java\aspire\intermediateNumber\Abc_SecurityAndJjwt_Test\target\classes started by JustryDeng in E:\Java\aspire\intermediateNumber\Abc_SecurityAndJjwt_Test)
16:10:03.099 [restartedMain] DEBUG com.AbcSecurityAndJwtTestApplication:53- Running with Spring Boot v2.0.4.RELEASE, Spring v5.0.8.RELEASE
16:10:03.100 [restartedMain] INFO  com.AbcSecurityAndJwtTestApplication:662- No active profile set, falling back to default profiles: default
16:10:03.613 [restartedMain] INFO  com.AbcSecurityAndJwtTestApplication:59- Started AbcSecurityAndJwtTestApplication in 0.534 seconds (JVM running for 546.377)
16:10:55.749 [restartedMain] INFO  com.AbcSecurityAndJwtTestApplication:50- Starting AbcSecurityAndJwtTestApplication on JustryDeng with PID 14960 (E:\Java\aspire\intermediateNumber\Abc_SecurityAndJjwt_Test\target\classes started by JustryDeng in E:\Java\aspire\intermediateNumber\Abc_SecurityAndJjwt_Test)
16:10:55.749 [restartedMain] DEBUG com.AbcSecurityAndJwtTestApplication:53- Running with Spring Boot v2.0.4.RELEASE, Spring v5.0.8.RELEASE
16:10:55.749 [restartedMain] INFO  com.AbcSecurityAndJwtTestApplication:662- No active profile set, falling back to default profiles: default
16:10:56.267 [restartedMain] INFO  com.AbcSecurityAndJwtTestApplication:59- Started AbcSecurityAndJwtTestApplication in 0.539 seconds (JVM running for 599.03)
16:11:07.007 [restartedMain] INFO  com.AbcSecurityAndJwtTestApplication:50- Starting AbcSecurityAndJwtTestApplication on JustryDeng with PID 14960 (E:\Java\aspire\intermediateNumber\Abc_SecurityAndJjwt_Test\target\classes started by JustryDeng in E:\Java\aspire\intermediateNumber\Abc_SecurityAndJjwt_Test)
16:11:07.007 [restartedMain] DEBUG com.AbcSecurityAndJwtTestApplication:53- Running with Spring Boot v2.0.4.RELEASE, Spring v5.0.8.RELEASE
16:11:07.008 [restartedMain] INFO  com.AbcSecurityAndJwtTestApplication:662- No active profile set, falling back to default profiles: default
16:11:07.507 [restartedMain] INFO  com.AbcSecurityAndJwtTestApplication:59- Started AbcSecurityAndJwtTestApplication in 0.522 seconds (JVM running for 610.271)
16:11:13.264 [restartedMain] INFO  com.AbcSecurityAndJwtTestApplication:50- Starting AbcSecurityAndJwtTestApplication on JustryDeng with PID 14960 (E:\Java\aspire\intermediateNumber\Abc_SecurityAndJjwt_Test\target\classes started by JustryDeng in E:\Java\aspire\intermediateNumber\Abc_SecurityAndJjwt_Test)
16:11:13.264 [restartedMain] DEBUG com.AbcSecurityAndJwtTestApplication:53- Running with Spring Boot v2.0.4.RELEASE, Spring v5.0.8.RELEASE
16:11:13.264 [restartedMain] INFO  com.AbcSecurityAndJwtTestApplication:662- No active profile set, falling back to default profiles: default
16:11:13.756 [restartedMain] INFO  com.AbcSecurityAndJwtTestApplication:59- Started AbcSecurityAndJwtTestApplication in 0.514 seconds (JVM running for 616.52)
16:11:18.495 [restartedMain] INFO  com.AbcSecurityAndJwtTestApplication:50- Starting AbcSecurityAndJwtTestApplication on JustryDeng with PID 14960 (E:\Java\aspire\intermediateNumber\Abc_SecurityAndJjwt_Test\target\classes started by JustryDeng in E:\Java\aspire\intermediateNumber\Abc_SecurityAndJjwt_Test)
16:11:18.495 [restartedMain] DEBUG com.AbcSecurityAndJwtTestApplication:53- Running with Spring Boot v2.0.4.RELEASE, Spring v5.0.8.RELEASE
16:11:18.495 [restartedMain] INFO  com.AbcSecurityAndJwtTestApplication:662- No active profile set, falling back to default profiles: default
16:11:18.996 [restartedMain] INFO  com.AbcSecurityAndJwtTestApplication:59- Started AbcSecurityAndJwtTestApplication in 0.527 seconds (JVM running for 621.76)
16:11:28.828 [restartedMain] INFO  com.AbcSecurityAndJwtTestApplication:50- Starting AbcSecurityAndJwtTestApplication on JustryDeng with PID 14960 (E:\Java\aspire\intermediateNumber\Abc_SecurityAndJjwt_Test\target\classes started by JustryDeng in E:\Java\aspire\intermediateNumber\Abc_SecurityAndJjwt_Test)
16:11:28.829 [restartedMain] DEBUG com.AbcSecurityAndJwtTestApplication:53- Running with Spring Boot v2.0.4.RELEASE, Spring v5.0.8.RELEASE
16:11:28.829 [restartedMain] INFO  com.AbcSecurityAndJwtTestApplication:662- No active profile set, falling back to default profiles: default
16:11:29.333 [restartedMain] INFO  com.AbcSecurityAndJwtTestApplication:59- Started AbcSecurityAndJwtTestApplication in 0.527 seconds (JVM running for 632.097)
16:11:47.747 [http-nio-8080-exec-5] INFO  c.a.filter.AxbAuthenticationFilter:57- getted Authorization is ---> null
16:11:47.750 [http-nio-8080-exec-5] ERROR c.a.filter.AxbAuthenticationFilter:98- AxbAuthenticationFilter -> null
java.lang.NullPointerException: null
	at com.aspire.filter.AxbAuthenticationFilter.doFilter(AxbAuthenticationFilter.java:58)
	at org.apache.catalina.core.ApplicationFilterChain.internalDoFilter(ApplicationFilterChain.java:193)
	at org.apache.catalina.core.ApplicationFilterChain.doFilter(ApplicationFilterChain.java:166)
	at org.springframework.web.filter.RequestContextFilter.doFilterInternal(RequestContextFilter.java:99)
	at org.springframework.web.filter.OncePerRequestFilter.doFilter(OncePerRequestFilter.java:107)
	at org.apache.catalina.core.ApplicationFilterChain.internalDoFilter(ApplicationFilterChain.java:193)
	at org.apache.catalina.core.ApplicationFilterChain.doFilter(ApplicationFilterChain.java:166)
	at org.springframework.web.filter.HttpPutFormContentFilter.doFilterInternal(HttpPutFormContentFilter.java:109)
	at org.springframework.web.filter.OncePerRequestFilter.doFilter(OncePerRequestFilter.java:107)
	at org.apache.catalina.core.ApplicationFilterChain.internalDoFilter(ApplicationFilterChain.java:193)
	at org.apache.catalina.core.ApplicationFilterChain.doFilter(ApplicationFilterChain.java:166)
	at org.springframework.web.filter.HiddenHttpMethodFilter.doFilterInternal(HiddenHttpMethodFilter.java:93)
	at org.springframework.web.filter.OncePerRequestFilter.doFilter(OncePerRequestFilter.java:107)
	at org.apache.catalina.core.ApplicationFilterChain.internalDoFilter(ApplicationFilterChain.java:193)
	at org.apache.catalina.core.ApplicationFilterChain.doFilter(ApplicationFilterChain.java:166)
	at org.springframework.web.filter.CharacterEncodingFilter.doFilterInternal(CharacterEncodingFilter.java:200)
	at org.springframework.web.filter.OncePerRequestFilter.doFilter(OncePerRequestFilter.java:107)
	at org.apache.catalina.core.ApplicationFilterChain.internalDoFilter(ApplicationFilterChain.java:193)
	at org.apache.catalina.core.ApplicationFilterChain.doFilter(ApplicationFilterChain.java:166)
	at org.apache.catalina.core.StandardWrapperValve.invoke(StandardWrapperValve.java:198)
	at org.apache.catalina.core.StandardContextValve.invoke(StandardContextValve.java:96)
	at org.apache.catalina.authenticator.AuthenticatorBase.invoke(AuthenticatorBase.java:493)
	at org.apache.catalina.core.StandardHostValve.invoke(StandardHostValve.java:140)
	at org.apache.catalina.valves.ErrorReportValve.invoke(ErrorReportValve.java:81)
	at org.apache.catalina.core.StandardEngineValve.invoke(StandardEngineValve.java:87)
	at org.apache.catalina.connector.CoyoteAdapter.service(CoyoteAdapter.java:342)
	at org.apache.coyote.http11.Http11Processor.service(Http11Processor.java:800)
	at org.apache.coyote.AbstractProcessorLight.process(AbstractProcessorLight.java:66)
	at org.apache.coyote.AbstractProtocol$ConnectionHandler.process(AbstractProtocol.java:800)
	at org.apache.tomcat.util.net.NioEndpoint$SocketProcessor.doRun(NioEndpoint.java:1471)
	at org.apache.tomcat.util.net.SocketProcessorBase.run(SocketProcessorBase.java:49)
	at java.util.concurrent.ThreadPoolExecutor.runWorker(Unknown Source)
	at java.util.concurrent.ThreadPoolExecutor$Worker.run(Unknown Source)
	at org.apache.tomcat.util.threads.TaskThread$WrappingRunnable.run(TaskThread.java:61)
	at java.lang.Thread.run(Unknown Source)
21:34:12.565 [restartedMain] INFO  com.AbcSecurityAndJwtTestApplication:50- Starting AbcSecurityAndJwtTestApplication on JustryDeng with PID 9288 (E:\Java\aspire\intermediateNumber\Abc_Filter_Demo\target\classes started by JustryDeng in E:\Java\aspire\intermediateNumber\Abc_Filter_Demo)
21:34:12.566 [restartedMain] DEBUG com.AbcSecurityAndJwtTestApplication:53- Running with Spring Boot v2.0.4.RELEASE, Spring v5.0.8.RELEASE
21:34:12.567 [restartedMain] INFO  com.AbcSecurityAndJwtTestApplication:662- No active profile set, falling back to default profiles: default
21:34:14.251 [restartedMain] INFO  com.AbcSecurityAndJwtTestApplication:59- Started AbcSecurityAndJwtTestApplication in 2.033 seconds (JVM running for 2.645)
21:34:47.057 [http-nio-8080-exec-3] INFO  c.a.filter.AxbAuthenticationFilter:58- getted Authorization is ---> cardid="1234554321",timestamp="9897969594",signature="42944BBAB4986ACFD5715354B70DC8B2"
21:34:47.058 [http-nio-8080-exec-3] INFO  c.a.filter.AxbAuthenticationFilter:63- getted ip is ---> 0:0:0:0:0:0:0:1
21:34:47.059 [http-nio-8080-exec-3] INFO  c.a.filter.AxbAuthenticationFilter:74- getted requestbody data is ---> {"motto":"我是一只小小小小鸟~"}
21:34:47.059 [http-nio-8080-exec-3] INFO  c.a.filter.AxbAuthenticationFilter:82- cardid is ---> 1234554321
21:34:47.063 [http-nio-8080-exec-3] INFO  c.a.filter.AxbAuthenticationFilter:89- getted ciphertext is ---> 42944BBAB4986ACFD5715354B70DC8B2, correct ciphertext is ---> 436CC03E4D219AD413FEBF5A8A567C78
21:35:52.594 [restartedMain] INFO  com.AbcSecurityAndJwtTestApplication:50- Starting AbcSecurityAndJwtTestApplication on JustryDeng with PID 8544 (E:\Java\aspire\intermediateNumber\Abc_Filter_Demo\target\classes started by JustryDeng in E:\Java\aspire\intermediateNumber\Abc_Filter_Demo)
21:35:52.595 [restartedMain] DEBUG com.AbcSecurityAndJwtTestApplication:53- Running with Spring Boot v2.0.4.RELEASE, Spring v5.0.8.RELEASE
21:35:52.596 [restartedMain] INFO  com.AbcSecurityAndJwtTestApplication:662- No active profile set, falling back to default profiles: default
21:35:54.167 [restartedMain] INFO  com.AbcSecurityAndJwtTestApplication:59- Started AbcSecurityAndJwtTestApplication in 1.792 seconds (JVM running for 2.402)
21:36:03.405 [http-nio-8080-exec-2] INFO  c.a.filter.AxbAuthenticationFilter:58- getted Authorization is ---> cardid="1234554321",timestamp="9897969594",signature="436CC03E4D219AD413FEBF5A8A567C78"
21:36:03.406 [http-nio-8080-exec-2] INFO  c.a.filter.AxbAuthenticationFilter:63- getted ip is ---> 0:0:0:0:0:0:0:1
21:36:03.409 [http-nio-8080-exec-2] INFO  c.a.filter.AxbAuthenticationFilter:74- getted requestbody data is ---> {"motto":"我是一只小小小小鸟~"}
21:36:03.410 [http-nio-8080-exec-2] INFO  c.a.filter.AxbAuthenticationFilter:82- cardid is ---> 1234554321
21:36:03.412 [http-nio-8080-exec-2] INFO  c.a.filter.AxbAuthenticationFilter:89- getted ciphertext is ---> 436CC03E4D219AD413FEBF5A8A567C78, correct ciphertext is ---> 436CC03E4D219AD413FEBF5A8A567C78
21:36:37.067 [restartedMain] INFO  com.AbcSecurityAndJwtTestApplication:50- Starting AbcSecurityAndJwtTestApplication on JustryDeng with PID 8544 (E:\Java\aspire\intermediateNumber\Abc_Filter_Demo\target\classes started by JustryDeng in E:\Java\aspire\intermediateNumber\Abc_Filter_Demo)
21:36:37.067 [restartedMain] DEBUG com.AbcSecurityAndJwtTestApplication:53- Running with Spring Boot v2.0.4.RELEASE, Spring v5.0.8.RELEASE
21:36:37.067 [restartedMain] INFO  com.AbcSecurityAndJwtTestApplication:662- No active profile set, falling back to default profiles: default
21:36:37.559 [restartedMain] INFO  com.AbcSecurityAndJwtTestApplication:59- Started AbcSecurityAndJwtTestApplication in 0.517 seconds (JVM running for 45.794)
21:37:14.729 [http-nio-8080-exec-2] INFO  c.a.filter.AxbAuthenticationFilter:58- getted Authorization is ---> cardid="1234554321",timestamp="9897969594",signature="436CC03E4D219AD413FEBF5A8A567C78"
21:37:14.730 [http-nio-8080-exec-2] INFO  c.a.filter.AxbAuthenticationFilter:63- getted ip is ---> 0:0:0:0:0:0:0:1
21:37:14.732 [http-nio-8080-exec-2] INFO  c.a.filter.AxbAuthenticationFilter:74- getted requestbody data is ---> {"motto":"我是一只小小小小鸟~"}
21:37:14.732 [http-nio-8080-exec-2] INFO  c.a.filter.AxbAuthenticationFilter:82- cardid is ---> 1234554321
21:37:14.733 [http-nio-8080-exec-2] INFO  c.a.filter.AxbAuthenticationFilter:89- getted ciphertext is ---> 436CC03E4D219AD413FEBF5A8A567C78, correct ciphertext is ---> 436CC03E4D219AD413FEBF5A8A567C78
21:43:44.394 [restartedMain] INFO  com.AbcSecurityAndJwtTestApplication:50- Starting AbcSecurityAndJwtTestApplication on JustryDeng with PID 8544 (E:\Java\aspire\intermediateNumber\Abc_Filter_Demo\target\classes started by JustryDeng in E:\Java\aspire\intermediateNumber\Abc_Filter_Demo)
21:43:44.394 [restartedMain] DEBUG com.AbcSecurityAndJwtTestApplication:53- Running with Spring Boot v2.0.4.RELEASE, Spring v5.0.8.RELEASE
21:43:44.394 [restartedMain] INFO  com.AbcSecurityAndJwtTestApplication:662- No active profile set, falling back to default profiles: default
21:43:44.875 [restartedMain] INFO  com.AbcSecurityAndJwtTestApplication:59- Started AbcSecurityAndJwtTestApplication in 0.505 seconds (JVM running for 473.111)
21:43:59.767 [http-nio-8080-exec-1] INFO  com.aspire.filter.SignAutheFilter:58- getted Authorization is ---> cardid="1234554321",timestamp="9897969594",signature="436CC03E4D219AD413FEBF5A8A567C78"
21:43:59.769 [http-nio-8080-exec-1] INFO  com.aspire.filter.SignAutheFilter:63- getted ip is ---> 0:0:0:0:0:0:0:1
21:43:59.770 [http-nio-8080-exec-1] INFO  com.aspire.filter.SignAutheFilter:74- getted requestbody data is ---> {"motto":"我是一只小小小小鸟~"}
21:43:59.770 [http-nio-8080-exec-1] INFO  com.aspire.filter.SignAutheFilter:82- cardid is ---> 1234554321
21:43:59.771 [http-nio-8080-exec-1] INFO  com.aspire.filter.SignAutheFilter:89- getted ciphertext is ---> 436CC03E4D219AD413FEBF5A8A567C78, correct ciphertext is ---> 436CC03E4D219AD413FEBF5A8A567C78
23:48:12.088 [restartedMain] INFO  com.AbcSecurityAndJwtTestApplication:50- Starting AbcSecurityAndJwtTestApplication on JustryDeng with PID 2712 (E:\Java\aspire\intermediateNumber\Abc_Filter_Demo\target\classes started by JustryDeng in E:\Java\aspire\intermediateNumber\Abc_Filter_Demo)
23:48:12.107 [restartedMain] DEBUG com.AbcSecurityAndJwtTestApplication:53- Running with Spring Boot v2.0.4.RELEASE, Spring v5.0.8.RELEASE
23:48:12.108 [restartedMain] INFO  com.AbcSecurityAndJwtTestApplication:662- No active profile set, falling back to default profiles: default
23:48:14.211 [restartedMain] INFO  com.AbcSecurityAndJwtTestApplication:59- Started AbcSecurityAndJwtTestApplication in 2.575 seconds (JVM running for 3.4)
23:48:37.468 [http-nio-8080-exec-1] INFO  com.aspire.filter.SignAutheFilter:58- getted Authorization is ---> cardid="1234554321",timestamp="9897969594",signature="436CC03E4D219AD413FEBF5A8A567C78"
23:48:37.469 [http-nio-8080-exec-1] INFO  com.aspire.filter.SignAutheFilter:63- getted ip is ---> 0:0:0:0:0:0:0:1
23:48:37.473 [http-nio-8080-exec-1] INFO  com.aspire.filter.SignAutheFilter:75- getted requestbody data is ---> {"motto":"我是一只小小小小鸟~"}
23:48:37.474 [http-nio-8080-exec-1] INFO  com.aspire.filter.SignAutheFilter:83- cardid is ---> 1234554321
23:48:37.479 [http-nio-8080-exec-1] INFO  com.aspire.filter.SignAutheFilter:90- getted ciphertext is ---> 436CC03E4D219AD413FEBF5A8A567C78, correct ciphertext is ---> 436CC03E4D219AD413FEBF5A8A567C78
23:49:05.844 [restartedMain] INFO  com.AbcSecurityAndJwtTestApplication:50- Starting AbcSecurityAndJwtTestApplication on JustryDeng with PID 2712 (E:\Java\aspire\intermediateNumber\Abc_Filter_Demo\target\classes started by JustryDeng in E:\Java\aspire\intermediateNumber\Abc_Filter_Demo)
23:49:05.844 [restartedMain] DEBUG com.AbcSecurityAndJwtTestApplication:53- Running with Spring Boot v2.0.4.RELEASE, Spring v5.0.8.RELEASE
23:49:05.844 [restartedMain] INFO  com.AbcSecurityAndJwtTestApplication:662- No active profile set, falling back to default profiles: default
23:49:06.478 [restartedMain] INFO  com.AbcSecurityAndJwtTestApplication:59- Started AbcSecurityAndJwtTestApplication in 0.666 seconds (JVM running for 55.666)
23:49:17.445 [restartedMain] INFO  com.AbcSecurityAndJwtTestApplication:50- Starting AbcSecurityAndJwtTestApplication on JustryDeng with PID 2712 (E:\Java\aspire\intermediateNumber\Abc_Filter_Demo\target\classes started by JustryDeng in E:\Java\aspire\intermediateNumber\Abc_Filter_Demo)
23:49:17.445 [restartedMain] DEBUG com.AbcSecurityAndJwtTestApplication:53- Running with Spring Boot v2.0.4.RELEASE, Spring v5.0.8.RELEASE
23:49:17.446 [restartedMain] INFO  com.AbcSecurityAndJwtTestApplication:662- No active profile set, falling back to default profiles: default
23:49:18.077 [restartedMain] INFO  com.AbcSecurityAndJwtTestApplication:59- Started AbcSecurityAndJwtTestApplication in 0.661 seconds (JVM running for 67.266)
23:50:29.106 [http-nio-8080-exec-2] INFO  com.aspire.filter.SignAutheFilter:58- getted Authorization is ---> cardid="1234554321",timestamp="9897969594",signature="436CC03E4D219AD413FEBF5A8A567C78"
23:50:29.107 [http-nio-8080-exec-2] INFO  com.aspire.filter.SignAutheFilter:63- getted ip is ---> 0:0:0:0:0:0:0:1
23:50:29.108 [http-nio-8080-exec-2] INFO  com.aspire.filter.SignAutheFilter:74- getted requestbody data is ---> {"motto":"我是一只小小小小鸟~"}
23:50:29.108 [http-nio-8080-exec-2] INFO  com.aspire.filter.SignAutheFilter:82- cardid is ---> 1234554321
23:50:29.109 [http-nio-8080-exec-2] INFO  com.aspire.filter.SignAutheFilter:89- getted ciphertext is ---> 436CC03E4D219AD413FEBF5A8A567C78, correct ciphertext is ---> 436CC03E4D219AD413FEBF5A8A567C78
