22:54:03.068 [main] INFO  c.a.SpringBootForJavaAnnotationApplicationTests:50- Starting SpringBootForJavaAnnotationApplicationTests on dengshuai with PID 1552 (started by JustryDeng in E:\Java\demo\SpringBootForJavaAnnotation)
22:54:03.073 [main] DEBUG c.a.SpringBootForJavaAnnotationApplicationTests:53- Running with Spring Boot v2.0.1.RELEASE, Spring v5.0.5.RELEASE
22:54:03.075 [main] INFO  c.a.SpringBootForJavaAnnotationApplicationTests:659- No active profile set, falling back to default profiles: default
22:54:07.540 [main] INFO  c.a.SpringBootForJavaAnnotationApplicationTests:59- Started SpringBootForJavaAnnotationApplicationTests in 5.095 seconds (JVM running for 6.841)
23:00:43.671 [main] INFO  c.alibaba.druid.pool.DruidDataSource:106- {dataSource-1} inited
23:00:44.148 [Druid-ConnectionPool-Create-1143148797] ERROR c.alibaba.druid.pool.DruidDataSource:53- create connection error, url: jdbc:mysql://localhost:3306/java_annotation_demo?characterEncoding=utf8, errorCode 1049, state 42000
com.mysql.jdbc.exceptions.jdbc4.MySQLSyntaxErrorException: Unknown database 'java_annotation_demo'
	at sun.reflect.NativeConstructorAccessorImpl.newInstance0(Native Method)
	at sun.reflect.NativeConstructorAccessorImpl.newInstance(Unknown Source)
	at sun.reflect.DelegatingConstructorAccessorImpl.newInstance(Unknown Source)
	at java.lang.reflect.Constructor.newInstance(Unknown Source)
	at com.mysql.jdbc.Util.handleNewInstance(Util.java:425)
	at com.mysql.jdbc.Util.getInstance(Util.java:408)
	at com.mysql.jdbc.SQLError.createSQLException(SQLError.java:944)
	at com.mysql.jdbc.MysqlIO.checkErrorPacket(MysqlIO.java:3976)
	at com.mysql.jdbc.MysqlIO.checkErrorPacket(MysqlIO.java:3912)
	at com.mysql.jdbc.MysqlIO.checkErrorPacket(MysqlIO.java:871)
	at com.mysql.jdbc.MysqlIO.secureAuth411(MysqlIO.java:4427)
	at com.mysql.jdbc.MysqlIO.doHandshake(MysqlIO.java:1276)
	at com.mysql.jdbc.ConnectionImpl.coreConnect(ConnectionImpl.java:2190)
	at com.mysql.jdbc.ConnectionImpl.connectOneTryOnly(ConnectionImpl.java:2221)
	at com.mysql.jdbc.ConnectionImpl.createNewIO(ConnectionImpl.java:2016)
	at com.mysql.jdbc.ConnectionImpl.<init>(ConnectionImpl.java:776)
	at com.mysql.jdbc.JDBC4Connection.<init>(JDBC4Connection.java:47)
	at sun.reflect.NativeConstructorAccessorImpl.newInstance0(Native Method)
	at sun.reflect.NativeConstructorAccessorImpl.newInstance(Unknown Source)
	at sun.reflect.DelegatingConstructorAccessorImpl.newInstance(Unknown Source)
	at java.lang.reflect.Constructor.newInstance(Unknown Source)
	at com.mysql.jdbc.Util.handleNewInstance(Util.java:425)
	at com.mysql.jdbc.ConnectionImpl.getInstance(ConnectionImpl.java:386)
	at com.mysql.jdbc.NonRegisteringDriver.connect(NonRegisteringDriver.java:330)
	at com.alibaba.druid.pool.DruidAbstractDataSource.createPhysicalConnection(DruidAbstractDataSource.java:1408)
	at com.alibaba.druid.pool.DruidAbstractDataSource.createPhysicalConnection(DruidAbstractDataSource.java:1464)
	at com.alibaba.druid.pool.DruidDataSource$CreateConnectionThread.run(DruidDataSource.java:1969)
23:00:44.151 [Druid-ConnectionPool-Create-1143148797] ERROR c.alibaba.druid.pool.DruidDataSource:53- create connection error, url: jdbc:mysql://localhost:3306/java_annotation_demo?characterEncoding=utf8, errorCode 1049, state 42000
com.mysql.jdbc.exceptions.jdbc4.MySQLSyntaxErrorException: Unknown database 'java_annotation_demo'
	at sun.reflect.NativeConstructorAccessorImpl.newInstance0(Native Method)
	at sun.reflect.NativeConstructorAccessorImpl.newInstance(Unknown Source)
	at sun.reflect.DelegatingConstructorAccessorImpl.newInstance(Unknown Source)
	at java.lang.reflect.Constructor.newInstance(Unknown Source)
	at com.mysql.jdbc.Util.handleNewInstance(Util.java:425)
	at com.mysql.jdbc.Util.getInstance(Util.java:408)
	at com.mysql.jdbc.SQLError.createSQLException(SQLError.java:944)
	at com.mysql.jdbc.MysqlIO.checkErrorPacket(MysqlIO.java:3976)
	at com.mysql.jdbc.MysqlIO.checkErrorPacket(MysqlIO.java:3912)
	at com.mysql.jdbc.MysqlIO.checkErrorPacket(MysqlIO.java:871)
	at com.mysql.jdbc.MysqlIO.secureAuth411(MysqlIO.java:4427)
	at com.mysql.jdbc.MysqlIO.doHandshake(MysqlIO.java:1276)
	at com.mysql.jdbc.ConnectionImpl.coreConnect(ConnectionImpl.java:2190)
	at com.mysql.jdbc.ConnectionImpl.connectOneTryOnly(ConnectionImpl.java:2221)
	at com.mysql.jdbc.ConnectionImpl.createNewIO(ConnectionImpl.java:2016)
	at com.mysql.jdbc.ConnectionImpl.<init>(ConnectionImpl.java:776)
	at com.mysql.jdbc.JDBC4Connection.<init>(JDBC4Connection.java:47)
	at sun.reflect.NativeConstructorAccessorImpl.newInstance0(Native Method)
	at sun.reflect.NativeConstructorAccessorImpl.newInstance(Unknown Source)
	at sun.reflect.DelegatingConstructorAccessorImpl.newInstance(Unknown Source)
	at java.lang.reflect.Constructor.newInstance(Unknown Source)
	at com.mysql.jdbc.Util.handleNewInstance(Util.java:425)
	at com.mysql.jdbc.ConnectionImpl.getInstance(ConnectionImpl.java:386)
	at com.mysql.jdbc.NonRegisteringDriver.connect(NonRegisteringDriver.java:330)
	at com.alibaba.druid.pool.DruidAbstractDataSource.createPhysicalConnection(DruidAbstractDataSource.java:1408)
	at com.alibaba.druid.pool.DruidAbstractDataSource.createPhysicalConnection(DruidAbstractDataSource.java:1464)
	at com.alibaba.druid.pool.DruidDataSource$CreateConnectionThread.run(DruidDataSource.java:1969)
23:00:44.153 [Druid-ConnectionPool-Create-1143148797] ERROR c.alibaba.druid.pool.DruidDataSource:53- create connection error, url: jdbc:mysql://localhost:3306/java_annotation_demo?characterEncoding=utf8, errorCode 1049, state 42000
com.mysql.jdbc.exceptions.jdbc4.MySQLSyntaxErrorException: Unknown database 'java_annotation_demo'
	at sun.reflect.NativeConstructorAccessorImpl.newInstance0(Native Method)
	at sun.reflect.NativeConstructorAccessorImpl.newInstance(Unknown Source)
	at sun.reflect.DelegatingConstructorAccessorImpl.newInstance(Unknown Source)
	at java.lang.reflect.Constructor.newInstance(Unknown Source)
	at com.mysql.jdbc.Util.handleNewInstance(Util.java:425)
	at com.mysql.jdbc.Util.getInstance(Util.java:408)
	at com.mysql.jdbc.SQLError.createSQLException(SQLError.java:944)
	at com.mysql.jdbc.MysqlIO.checkErrorPacket(MysqlIO.java:3976)
	at com.mysql.jdbc.MysqlIO.checkErrorPacket(MysqlIO.java:3912)
	at com.mysql.jdbc.MysqlIO.checkErrorPacket(MysqlIO.java:871)
	at com.mysql.jdbc.MysqlIO.secureAuth411(MysqlIO.java:4427)
	at com.mysql.jdbc.MysqlIO.doHandshake(MysqlIO.java:1276)
	at com.mysql.jdbc.ConnectionImpl.coreConnect(ConnectionImpl.java:2190)
	at com.mysql.jdbc.ConnectionImpl.connectOneTryOnly(ConnectionImpl.java:2221)
	at com.mysql.jdbc.ConnectionImpl.createNewIO(ConnectionImpl.java:2016)
	at com.mysql.jdbc.ConnectionImpl.<init>(ConnectionImpl.java:776)
	at com.mysql.jdbc.JDBC4Connection.<init>(JDBC4Connection.java:47)
	at sun.reflect.NativeConstructorAccessorImpl.newInstance0(Native Method)
	at sun.reflect.NativeConstructorAccessorImpl.newInstance(Unknown Source)
	at sun.reflect.DelegatingConstructorAccessorImpl.newInstance(Unknown Source)
	at java.lang.reflect.Constructor.newInstance(Unknown Source)
	at com.mysql.jdbc.Util.handleNewInstance(Util.java:425)
	at com.mysql.jdbc.ConnectionImpl.getInstance(ConnectionImpl.java:386)
	at com.mysql.jdbc.NonRegisteringDriver.connect(NonRegisteringDriver.java:330)
	at com.alibaba.druid.pool.DruidAbstractDataSource.createPhysicalConnection(DruidAbstractDataSource.java:1408)
	at com.alibaba.druid.pool.DruidAbstractDataSource.createPhysicalConnection(DruidAbstractDataSource.java:1464)
	at com.alibaba.druid.pool.DruidDataSource$CreateConnectionThread.run(DruidDataSource.java:1969)
23:00:44.155 [Druid-ConnectionPool-Create-1143148797] ERROR c.alibaba.druid.pool.DruidDataSource:53- create connection error, url: jdbc:mysql://localhost:3306/java_annotation_demo?characterEncoding=utf8, errorCode 1049, state 42000
com.mysql.jdbc.exceptions.jdbc4.MySQLSyntaxErrorException: Unknown database 'java_annotation_demo'
	at sun.reflect.NativeConstructorAccessorImpl.newInstance0(Native Method)
	at sun.reflect.NativeConstructorAccessorImpl.newInstance(Unknown Source)
	at sun.reflect.DelegatingConstructorAccessorImpl.newInstance(Unknown Source)
	at java.lang.reflect.Constructor.newInstance(Unknown Source)
	at com.mysql.jdbc.Util.handleNewInstance(Util.java:425)
	at com.mysql.jdbc.Util.getInstance(Util.java:408)
	at com.mysql.jdbc.SQLError.createSQLException(SQLError.java:944)
	at com.mysql.jdbc.MysqlIO.checkErrorPacket(MysqlIO.java:3976)
	at com.mysql.jdbc.MysqlIO.checkErrorPacket(MysqlIO.java:3912)
	at com.mysql.jdbc.MysqlIO.checkErrorPacket(MysqlIO.java:871)
	at com.mysql.jdbc.MysqlIO.secureAuth411(MysqlIO.java:4427)
	at com.mysql.jdbc.MysqlIO.doHandshake(MysqlIO.java:1276)
	at com.mysql.jdbc.ConnectionImpl.coreConnect(ConnectionImpl.java:2190)
	at com.mysql.jdbc.ConnectionImpl.connectOneTryOnly(ConnectionImpl.java:2221)
	at com.mysql.jdbc.ConnectionImpl.createNewIO(ConnectionImpl.java:2016)
	at com.mysql.jdbc.ConnectionImpl.<init>(ConnectionImpl.java:776)
	at com.mysql.jdbc.JDBC4Connection.<init>(JDBC4Connection.java:47)
	at sun.reflect.NativeConstructorAccessorImpl.newInstance0(Native Method)
	at sun.reflect.NativeConstructorAccessorImpl.newInstance(Unknown Source)
	at sun.reflect.DelegatingConstructorAccessorImpl.newInstance(Unknown Source)
	at java.lang.reflect.Constructor.newInstance(Unknown Source)
	at com.mysql.jdbc.Util.handleNewInstance(Util.java:425)
	at com.mysql.jdbc.ConnectionImpl.getInstance(ConnectionImpl.java:386)
	at com.mysql.jdbc.NonRegisteringDriver.connect(NonRegisteringDriver.java:330)
	at com.alibaba.druid.pool.DruidAbstractDataSource.createPhysicalConnection(DruidAbstractDataSource.java:1408)
	at com.alibaba.druid.pool.DruidAbstractDataSource.createPhysicalConnection(DruidAbstractDataSource.java:1464)
	at com.alibaba.druid.pool.DruidDataSource$CreateConnectionThread.run(DruidDataSource.java:1969)
23:00:44.166 [Druid-ConnectionPool-Create-1143148797] ERROR c.alibaba.druid.pool.DruidDataSource:53- create connection error, url: jdbc:mysql://localhost:3306/java_annotation_demo?characterEncoding=utf8, errorCode 1049, state 42000
com.mysql.jdbc.exceptions.jdbc4.MySQLSyntaxErrorException: Unknown database 'java_annotation_demo'
	at sun.reflect.NativeConstructorAccessorImpl.newInstance0(Native Method)
	at sun.reflect.NativeConstructorAccessorImpl.newInstance(Unknown Source)
	at sun.reflect.DelegatingConstructorAccessorImpl.newInstance(Unknown Source)
	at java.lang.reflect.Constructor.newInstance(Unknown Source)
	at com.mysql.jdbc.Util.handleNewInstance(Util.java:425)
	at com.mysql.jdbc.Util.getInstance(Util.java:408)
	at com.mysql.jdbc.SQLError.createSQLException(SQLError.java:944)
	at com.mysql.jdbc.MysqlIO.checkErrorPacket(MysqlIO.java:3976)
	at com.mysql.jdbc.MysqlIO.checkErrorPacket(MysqlIO.java:3912)
	at com.mysql.jdbc.MysqlIO.checkErrorPacket(MysqlIO.java:871)
	at com.mysql.jdbc.MysqlIO.secureAuth411(MysqlIO.java:4427)
	at com.mysql.jdbc.MysqlIO.doHandshake(MysqlIO.java:1276)
	at com.mysql.jdbc.ConnectionImpl.coreConnect(ConnectionImpl.java:2190)
	at com.mysql.jdbc.ConnectionImpl.connectOneTryOnly(ConnectionImpl.java:2221)
	at com.mysql.jdbc.ConnectionImpl.createNewIO(ConnectionImpl.java:2016)
	at com.mysql.jdbc.ConnectionImpl.<init>(ConnectionImpl.java:776)
	at com.mysql.jdbc.JDBC4Connection.<init>(JDBC4Connection.java:47)
	at sun.reflect.NativeConstructorAccessorImpl.newInstance0(Native Method)
	at sun.reflect.NativeConstructorAccessorImpl.newInstance(Unknown Source)
	at sun.reflect.DelegatingConstructorAccessorImpl.newInstance(Unknown Source)
	at java.lang.reflect.Constructor.newInstance(Unknown Source)
	at com.mysql.jdbc.Util.handleNewInstance(Util.java:425)
	at com.mysql.jdbc.ConnectionImpl.getInstance(ConnectionImpl.java:386)
	at com.mysql.jdbc.NonRegisteringDriver.connect(NonRegisteringDriver.java:330)
	at com.alibaba.druid.pool.DruidAbstractDataSource.createPhysicalConnection(DruidAbstractDataSource.java:1408)
	at com.alibaba.druid.pool.DruidAbstractDataSource.createPhysicalConnection(DruidAbstractDataSource.java:1464)
	at com.alibaba.druid.pool.DruidDataSource$CreateConnectionThread.run(DruidDataSource.java:1969)
23:00:44.169 [Druid-ConnectionPool-Create-1143148797] ERROR c.alibaba.druid.pool.DruidDataSource:53- create connection error, url: jdbc:mysql://localhost:3306/java_annotation_demo?characterEncoding=utf8, errorCode 1049, state 42000
com.mysql.jdbc.exceptions.jdbc4.MySQLSyntaxErrorException: Unknown database 'java_annotation_demo'
	at sun.reflect.NativeConstructorAccessorImpl.newInstance0(Native Method)
	at sun.reflect.NativeConstructorAccessorImpl.newInstance(Unknown Source)
	at sun.reflect.DelegatingConstructorAccessorImpl.newInstance(Unknown Source)
	at java.lang.reflect.Constructor.newInstance(Unknown Source)
	at com.mysql.jdbc.Util.handleNewInstance(Util.java:425)
	at com.mysql.jdbc.Util.getInstance(Util.java:408)
	at com.mysql.jdbc.SQLError.createSQLException(SQLError.java:944)
	at com.mysql.jdbc.MysqlIO.checkErrorPacket(MysqlIO.java:3976)
	at com.mysql.jdbc.MysqlIO.checkErrorPacket(MysqlIO.java:3912)
	at com.mysql.jdbc.MysqlIO.checkErrorPacket(MysqlIO.java:871)
	at com.mysql.jdbc.MysqlIO.secureAuth411(MysqlIO.java:4427)
	at com.mysql.jdbc.MysqlIO.doHandshake(MysqlIO.java:1276)
	at com.mysql.jdbc.ConnectionImpl.coreConnect(ConnectionImpl.java:2190)
	at com.mysql.jdbc.ConnectionImpl.connectOneTryOnly(ConnectionImpl.java:2221)
	at com.mysql.jdbc.ConnectionImpl.createNewIO(ConnectionImpl.java:2016)
	at com.mysql.jdbc.ConnectionImpl.<init>(ConnectionImpl.java:776)
	at com.mysql.jdbc.JDBC4Connection.<init>(JDBC4Connection.java:47)
	at sun.reflect.NativeConstructorAccessorImpl.newInstance0(Native Method)
	at sun.reflect.NativeConstructorAccessorImpl.newInstance(Unknown Source)
	at sun.reflect.DelegatingConstructorAccessorImpl.newInstance(Unknown Source)
	at java.lang.reflect.Constructor.newInstance(Unknown Source)
	at com.mysql.jdbc.Util.handleNewInstance(Util.java:425)
	at com.mysql.jdbc.ConnectionImpl.getInstance(ConnectionImpl.java:386)
	at com.mysql.jdbc.NonRegisteringDriver.connect(NonRegisteringDriver.java:330)
	at com.alibaba.druid.pool.DruidAbstractDataSource.createPhysicalConnection(DruidAbstractDataSource.java:1408)
	at com.alibaba.druid.pool.DruidAbstractDataSource.createPhysicalConnection(DruidAbstractDataSource.java:1464)
	at com.alibaba.druid.pool.DruidDataSource$CreateConnectionThread.run(DruidDataSource.java:1969)
23:00:44.171 [Druid-ConnectionPool-Create-1143148797] ERROR c.alibaba.druid.pool.DruidDataSource:53- create connection error, url: jdbc:mysql://localhost:3306/java_annotation_demo?characterEncoding=utf8, errorCode 1049, state 42000
com.mysql.jdbc.exceptions.jdbc4.MySQLSyntaxErrorException: Unknown database 'java_annotation_demo'
	at sun.reflect.NativeConstructorAccessorImpl.newInstance0(Native Method)
	at sun.reflect.NativeConstructorAccessorImpl.newInstance(Unknown Source)
	at sun.reflect.DelegatingConstructorAccessorImpl.newInstance(Unknown Source)
	at java.lang.reflect.Constructor.newInstance(Unknown Source)
	at com.mysql.jdbc.Util.handleNewInstance(Util.java:425)
	at com.mysql.jdbc.Util.getInstance(Util.java:408)
	at com.mysql.jdbc.SQLError.createSQLException(SQLError.java:944)
	at com.mysql.jdbc.MysqlIO.checkErrorPacket(MysqlIO.java:3976)
	at com.mysql.jdbc.MysqlIO.checkErrorPacket(MysqlIO.java:3912)
	at com.mysql.jdbc.MysqlIO.checkErrorPacket(MysqlIO.java:871)
	at com.mysql.jdbc.MysqlIO.secureAuth411(MysqlIO.java:4427)
	at com.mysql.jdbc.MysqlIO.doHandshake(MysqlIO.java:1276)
	at com.mysql.jdbc.ConnectionImpl.coreConnect(ConnectionImpl.java:2190)
	at com.mysql.jdbc.ConnectionImpl.connectOneTryOnly(ConnectionImpl.java:2221)
	at com.mysql.jdbc.ConnectionImpl.createNewIO(ConnectionImpl.java:2016)
	at com.mysql.jdbc.ConnectionImpl.<init>(ConnectionImpl.java:776)
	at com.mysql.jdbc.JDBC4Connection.<init>(JDBC4Connection.java:47)
	at sun.reflect.NativeConstructorAccessorImpl.newInstance0(Native Method)
	at sun.reflect.NativeConstructorAccessorImpl.newInstance(Unknown Source)
	at sun.reflect.DelegatingConstructorAccessorImpl.newInstance(Unknown Source)
	at java.lang.reflect.Constructor.newInstance(Unknown Source)
	at com.mysql.jdbc.Util.handleNewInstance(Util.java:425)
	at com.mysql.jdbc.ConnectionImpl.getInstance(ConnectionImpl.java:386)
	at com.mysql.jdbc.NonRegisteringDriver.connect(NonRegisteringDriver.java:330)
	at com.alibaba.druid.pool.DruidAbstractDataSource.createPhysicalConnection(DruidAbstractDataSource.java:1408)
	at com.alibaba.druid.pool.DruidAbstractDataSource.createPhysicalConnection(DruidAbstractDataSource.java:1464)
	at com.alibaba.druid.pool.DruidDataSource$CreateConnectionThread.run(DruidDataSource.java:1969)
23:00:44.174 [Druid-ConnectionPool-Create-1143148797] ERROR c.alibaba.druid.pool.DruidDataSource:53- create connection error, url: jdbc:mysql://localhost:3306/java_annotation_demo?characterEncoding=utf8, errorCode 1049, state 42000
com.mysql.jdbc.exceptions.jdbc4.MySQLSyntaxErrorException: Unknown database 'java_annotation_demo'
	at sun.reflect.NativeConstructorAccessorImpl.newInstance0(Native Method)
	at sun.reflect.NativeConstructorAccessorImpl.newInstance(Unknown Source)
	at sun.reflect.DelegatingConstructorAccessorImpl.newInstance(Unknown Source)
	at java.lang.reflect.Constructor.newInstance(Unknown Source)
	at com.mysql.jdbc.Util.handleNewInstance(Util.java:425)
	at com.mysql.jdbc.Util.getInstance(Util.java:408)
	at com.mysql.jdbc.SQLError.createSQLException(SQLError.java:944)
	at com.mysql.jdbc.MysqlIO.checkErrorPacket(MysqlIO.java:3976)
	at com.mysql.jdbc.MysqlIO.checkErrorPacket(MysqlIO.java:3912)
	at com.mysql.jdbc.MysqlIO.checkErrorPacket(MysqlIO.java:871)
	at com.mysql.jdbc.MysqlIO.secureAuth411(MysqlIO.java:4427)
	at com.mysql.jdbc.MysqlIO.doHandshake(MysqlIO.java:1276)
	at com.mysql.jdbc.ConnectionImpl.coreConnect(ConnectionImpl.java:2190)
	at com.mysql.jdbc.ConnectionImpl.connectOneTryOnly(ConnectionImpl.java:2221)
	at com.mysql.jdbc.ConnectionImpl.createNewIO(ConnectionImpl.java:2016)
	at com.mysql.jdbc.ConnectionImpl.<init>(ConnectionImpl.java:776)
	at com.mysql.jdbc.JDBC4Connection.<init>(JDBC4Connection.java:47)
	at sun.reflect.NativeConstructorAccessorImpl.newInstance0(Native Method)
	at sun.reflect.NativeConstructorAccessorImpl.newInstance(Unknown Source)
	at sun.reflect.DelegatingConstructorAccessorImpl.newInstance(Unknown Source)
	at java.lang.reflect.Constructor.newInstance(Unknown Source)
	at com.mysql.jdbc.Util.handleNewInstance(Util.java:425)
	at com.mysql.jdbc.ConnectionImpl.getInstance(ConnectionImpl.java:386)
	at com.mysql.jdbc.NonRegisteringDriver.connect(NonRegisteringDriver.java:330)
	at com.alibaba.druid.pool.DruidAbstractDataSource.createPhysicalConnection(DruidAbstractDataSource.java:1408)
	at com.alibaba.druid.pool.DruidAbstractDataSource.createPhysicalConnection(DruidAbstractDataSource.java:1464)
	at com.alibaba.druid.pool.DruidDataSource$CreateConnectionThread.run(DruidDataSource.java:1969)
23:00:44.177 [Druid-ConnectionPool-Create-1143148797] ERROR c.alibaba.druid.pool.DruidDataSource:53- create connection error, url: jdbc:mysql://localhost:3306/java_annotation_demo?characterEncoding=utf8, errorCode 1049, state 42000
com.mysql.jdbc.exceptions.jdbc4.MySQLSyntaxErrorException: Unknown database 'java_annotation_demo'
	at sun.reflect.NativeConstructorAccessorImpl.newInstance0(Native Method)
	at sun.reflect.NativeConstructorAccessorImpl.newInstance(Unknown Source)
	at sun.reflect.DelegatingConstructorAccessorImpl.newInstance(Unknown Source)
	at java.lang.reflect.Constructor.newInstance(Unknown Source)
	at com.mysql.jdbc.Util.handleNewInstance(Util.java:425)
	at com.mysql.jdbc.Util.getInstance(Util.java:408)
	at com.mysql.jdbc.SQLError.createSQLException(SQLError.java:944)
	at com.mysql.jdbc.MysqlIO.checkErrorPacket(MysqlIO.java:3976)
	at com.mysql.jdbc.MysqlIO.checkErrorPacket(MysqlIO.java:3912)
	at com.mysql.jdbc.MysqlIO.checkErrorPacket(MysqlIO.java:871)
	at com.mysql.jdbc.MysqlIO.secureAuth411(MysqlIO.java:4427)
	at com.mysql.jdbc.MysqlIO.doHandshake(MysqlIO.java:1276)
	at com.mysql.jdbc.ConnectionImpl.coreConnect(ConnectionImpl.java:2190)
	at com.mysql.jdbc.ConnectionImpl.connectOneTryOnly(ConnectionImpl.java:2221)
	at com.mysql.jdbc.ConnectionImpl.createNewIO(ConnectionImpl.java:2016)
	at com.mysql.jdbc.ConnectionImpl.<init>(ConnectionImpl.java:776)
	at com.mysql.jdbc.JDBC4Connection.<init>(JDBC4Connection.java:47)
	at sun.reflect.NativeConstructorAccessorImpl.newInstance0(Native Method)
	at sun.reflect.NativeConstructorAccessorImpl.newInstance(Unknown Source)
	at sun.reflect.DelegatingConstructorAccessorImpl.newInstance(Unknown Source)
	at java.lang.reflect.Constructor.newInstance(Unknown Source)
	at com.mysql.jdbc.Util.handleNewInstance(Util.java:425)
	at com.mysql.jdbc.ConnectionImpl.getInstance(ConnectionImpl.java:386)
	at com.mysql.jdbc.NonRegisteringDriver.connect(NonRegisteringDriver.java:330)
	at com.alibaba.druid.pool.DruidAbstractDataSource.createPhysicalConnection(DruidAbstractDataSource.java:1408)
	at com.alibaba.druid.pool.DruidAbstractDataSource.createPhysicalConnection(DruidAbstractDataSource.java:1464)
	at com.alibaba.druid.pool.DruidDataSource$CreateConnectionThread.run(DruidDataSource.java:1969)
23:00:44.193 [Druid-ConnectionPool-Create-1143148797] ERROR c.alibaba.druid.pool.DruidDataSource:53- create connection error, url: jdbc:mysql://localhost:3306/java_annotation_demo?characterEncoding=utf8, errorCode 1049, state 42000
com.mysql.jdbc.exceptions.jdbc4.MySQLSyntaxErrorException: Unknown database 'java_annotation_demo'
	at sun.reflect.NativeConstructorAccessorImpl.newInstance0(Native Method)
	at sun.reflect.NativeConstructorAccessorImpl.newInstance(Unknown Source)
	at sun.reflect.DelegatingConstructorAccessorImpl.newInstance(Unknown Source)
	at java.lang.reflect.Constructor.newInstance(Unknown Source)
	at com.mysql.jdbc.Util.handleNewInstance(Util.java:425)
	at com.mysql.jdbc.Util.getInstance(Util.java:408)
	at com.mysql.jdbc.SQLError.createSQLException(SQLError.java:944)
	at com.mysql.jdbc.MysqlIO.checkErrorPacket(MysqlIO.java:3976)
	at com.mysql.jdbc.MysqlIO.checkErrorPacket(MysqlIO.java:3912)
	at com.mysql.jdbc.MysqlIO.checkErrorPacket(MysqlIO.java:871)
	at com.mysql.jdbc.MysqlIO.secureAuth411(MysqlIO.java:4427)
	at com.mysql.jdbc.MysqlIO.doHandshake(MysqlIO.java:1276)
	at com.mysql.jdbc.ConnectionImpl.coreConnect(ConnectionImpl.java:2190)
	at com.mysql.jdbc.ConnectionImpl.connectOneTryOnly(ConnectionImpl.java:2221)
	at com.mysql.jdbc.ConnectionImpl.createNewIO(ConnectionImpl.java:2016)
	at com.mysql.jdbc.ConnectionImpl.<init>(ConnectionImpl.java:776)
	at com.mysql.jdbc.JDBC4Connection.<init>(JDBC4Connection.java:47)
	at sun.reflect.NativeConstructorAccessorImpl.newInstance0(Native Method)
	at sun.reflect.NativeConstructorAccessorImpl.newInstance(Unknown Source)
	at sun.reflect.DelegatingConstructorAccessorImpl.newInstance(Unknown Source)
	at java.lang.reflect.Constructor.newInstance(Unknown Source)
	at com.mysql.jdbc.Util.handleNewInstance(Util.java:425)
	at com.mysql.jdbc.ConnectionImpl.getInstance(ConnectionImpl.java:386)
	at com.mysql.jdbc.NonRegisteringDriver.connect(NonRegisteringDriver.java:330)
	at com.alibaba.druid.pool.DruidAbstractDataSource.createPhysicalConnection(DruidAbstractDataSource.java:1408)
	at com.alibaba.druid.pool.DruidAbstractDataSource.createPhysicalConnection(DruidAbstractDataSource.java:1464)
	at com.alibaba.druid.pool.DruidDataSource$CreateConnectionThread.run(DruidDataSource.java:1969)
23:00:44.196 [Druid-ConnectionPool-Create-1143148797] ERROR c.alibaba.druid.pool.DruidDataSource:53- create connection error, url: jdbc:mysql://localhost:3306/java_annotation_demo?characterEncoding=utf8, errorCode 1049, state 42000
com.mysql.jdbc.exceptions.jdbc4.MySQLSyntaxErrorException: Unknown database 'java_annotation_demo'
	at sun.reflect.NativeConstructorAccessorImpl.newInstance0(Native Method)
	at sun.reflect.NativeConstructorAccessorImpl.newInstance(Unknown Source)
	at sun.reflect.DelegatingConstructorAccessorImpl.newInstance(Unknown Source)
	at java.lang.reflect.Constructor.newInstance(Unknown Source)
	at com.mysql.jdbc.Util.handleNewInstance(Util.java:425)
	at com.mysql.jdbc.Util.getInstance(Util.java:408)
	at com.mysql.jdbc.SQLError.createSQLException(SQLError.java:944)
	at com.mysql.jdbc.MysqlIO.checkErrorPacket(MysqlIO.java:3976)
	at com.mysql.jdbc.MysqlIO.checkErrorPacket(MysqlIO.java:3912)
	at com.mysql.jdbc.MysqlIO.checkErrorPacket(MysqlIO.java:871)
	at com.mysql.jdbc.MysqlIO.secureAuth411(MysqlIO.java:4427)
	at com.mysql.jdbc.MysqlIO.doHandshake(MysqlIO.java:1276)
	at com.mysql.jdbc.ConnectionImpl.coreConnect(ConnectionImpl.java:2190)
	at com.mysql.jdbc.ConnectionImpl.connectOneTryOnly(ConnectionImpl.java:2221)
	at com.mysql.jdbc.ConnectionImpl.createNewIO(ConnectionImpl.java:2016)
	at com.mysql.jdbc.ConnectionImpl.<init>(ConnectionImpl.java:776)
	at com.mysql.jdbc.JDBC4Connection.<init>(JDBC4Connection.java:47)
	at sun.reflect.NativeConstructorAccessorImpl.newInstance0(Native Method)
	at sun.reflect.NativeConstructorAccessorImpl.newInstance(Unknown Source)
	at sun.reflect.DelegatingConstructorAccessorImpl.newInstance(Unknown Source)
	at java.lang.reflect.Constructor.newInstance(Unknown Source)
	at com.mysql.jdbc.Util.handleNewInstance(Util.java:425)
	at com.mysql.jdbc.ConnectionImpl.getInstance(ConnectionImpl.java:386)
	at com.mysql.jdbc.NonRegisteringDriver.connect(NonRegisteringDriver.java:330)
	at com.alibaba.druid.pool.DruidAbstractDataSource.createPhysicalConnection(DruidAbstractDataSource.java:1408)
	at com.alibaba.druid.pool.DruidAbstractDataSource.createPhysicalConnection(DruidAbstractDataSource.java:1464)
	at com.alibaba.druid.pool.DruidDataSource$CreateConnectionThread.run(DruidDataSource.java:1969)
23:00:44.199 [Druid-ConnectionPool-Create-1143148797] ERROR c.alibaba.druid.pool.DruidDataSource:53- create connection error, url: jdbc:mysql://localhost:3306/java_annotation_demo?characterEncoding=utf8, errorCode 1049, state 42000
com.mysql.jdbc.exceptions.jdbc4.MySQLSyntaxErrorException: Unknown database 'java_annotation_demo'
	at sun.reflect.NativeConstructorAccessorImpl.newInstance0(Native Method)
	at sun.reflect.NativeConstructorAccessorImpl.newInstance(Unknown Source)
	at sun.reflect.DelegatingConstructorAccessorImpl.newInstance(Unknown Source)
	at java.lang.reflect.Constructor.newInstance(Unknown Source)
	at com.mysql.jdbc.Util.handleNewInstance(Util.java:425)
	at com.mysql.jdbc.Util.getInstance(Util.java:408)
	at com.mysql.jdbc.SQLError.createSQLException(SQLError.java:944)
	at com.mysql.jdbc.MysqlIO.checkErrorPacket(MysqlIO.java:3976)
	at com.mysql.jdbc.MysqlIO.checkErrorPacket(MysqlIO.java:3912)
	at com.mysql.jdbc.MysqlIO.checkErrorPacket(MysqlIO.java:871)
	at com.mysql.jdbc.MysqlIO.secureAuth411(MysqlIO.java:4427)
	at com.mysql.jdbc.MysqlIO.doHandshake(MysqlIO.java:1276)
	at com.mysql.jdbc.ConnectionImpl.coreConnect(ConnectionImpl.java:2190)
	at com.mysql.jdbc.ConnectionImpl.connectOneTryOnly(ConnectionImpl.java:2221)
	at com.mysql.jdbc.ConnectionImpl.createNewIO(ConnectionImpl.java:2016)
	at com.mysql.jdbc.ConnectionImpl.<init>(ConnectionImpl.java:776)
	at com.mysql.jdbc.JDBC4Connection.<init>(JDBC4Connection.java:47)
	at sun.reflect.NativeConstructorAccessorImpl.newInstance0(Native Method)
	at sun.reflect.NativeConstructorAccessorImpl.newInstance(Unknown Source)
	at sun.reflect.DelegatingConstructorAccessorImpl.newInstance(Unknown Source)
	at java.lang.reflect.Constructor.newInstance(Unknown Source)
	at com.mysql.jdbc.Util.handleNewInstance(Util.java:425)
	at com.mysql.jdbc.ConnectionImpl.getInstance(ConnectionImpl.java:386)
	at com.mysql.jdbc.NonRegisteringDriver.connect(NonRegisteringDriver.java:330)
	at com.alibaba.druid.pool.DruidAbstractDataSource.createPhysicalConnection(DruidAbstractDataSource.java:1408)
	at com.alibaba.druid.pool.DruidAbstractDataSource.createPhysicalConnection(DruidAbstractDataSource.java:1464)
	at com.alibaba.druid.pool.DruidDataSource$CreateConnectionThread.run(DruidDataSource.java:1969)
23:00:44.201 [Druid-ConnectionPool-Create-1143148797] ERROR c.alibaba.druid.pool.DruidDataSource:53- create connection error, url: jdbc:mysql://localhost:3306/java_annotation_demo?characterEncoding=utf8, errorCode 1049, state 42000
com.mysql.jdbc.exceptions.jdbc4.MySQLSyntaxErrorException: Unknown database 'java_annotation_demo'
	at sun.reflect.NativeConstructorAccessorImpl.newInstance0(Native Method)
	at sun.reflect.NativeConstructorAccessorImpl.newInstance(Unknown Source)
	at sun.reflect.DelegatingConstructorAccessorImpl.newInstance(Unknown Source)
	at java.lang.reflect.Constructor.newInstance(Unknown Source)
	at com.mysql.jdbc.Util.handleNewInstance(Util.java:425)
	at com.mysql.jdbc.Util.getInstance(Util.java:408)
	at com.mysql.jdbc.SQLError.createSQLException(SQLError.java:944)
	at com.mysql.jdbc.MysqlIO.checkErrorPacket(MysqlIO.java:3976)
	at com.mysql.jdbc.MysqlIO.checkErrorPacket(MysqlIO.java:3912)
	at com.mysql.jdbc.MysqlIO.checkErrorPacket(MysqlIO.java:871)
	at com.mysql.jdbc.MysqlIO.secureAuth411(MysqlIO.java:4427)
	at com.mysql.jdbc.MysqlIO.doHandshake(MysqlIO.java:1276)
	at com.mysql.jdbc.ConnectionImpl.coreConnect(ConnectionImpl.java:2190)
	at com.mysql.jdbc.ConnectionImpl.connectOneTryOnly(ConnectionImpl.java:2221)
	at com.mysql.jdbc.ConnectionImpl.createNewIO(ConnectionImpl.java:2016)
	at com.mysql.jdbc.ConnectionImpl.<init>(ConnectionImpl.java:776)
	at com.mysql.jdbc.JDBC4Connection.<init>(JDBC4Connection.java:47)
	at sun.reflect.NativeConstructorAccessorImpl.newInstance0(Native Method)
	at sun.reflect.NativeConstructorAccessorImpl.newInstance(Unknown Source)
	at sun.reflect.DelegatingConstructorAccessorImpl.newInstance(Unknown Source)
	at java.lang.reflect.Constructor.newInstance(Unknown Source)
	at com.mysql.jdbc.Util.handleNewInstance(Util.java:425)
	at com.mysql.jdbc.ConnectionImpl.getInstance(ConnectionImpl.java:386)
	at com.mysql.jdbc.NonRegisteringDriver.connect(NonRegisteringDriver.java:330)
	at com.alibaba.druid.pool.DruidAbstractDataSource.createPhysicalConnection(DruidAbstractDataSource.java:1408)
	at com.alibaba.druid.pool.DruidAbstractDataSource.createPhysicalConnection(DruidAbstractDataSource.java:1464)
	at com.alibaba.druid.pool.DruidDataSource$CreateConnectionThread.run(DruidDataSource.java:1969)
23:00:44.204 [Druid-ConnectionPool-Create-1143148797] ERROR c.alibaba.druid.pool.DruidDataSource:53- create connection error, url: jdbc:mysql://localhost:3306/java_annotation_demo?characterEncoding=utf8, errorCode 1049, state 42000
com.mysql.jdbc.exceptions.jdbc4.MySQLSyntaxErrorException: Unknown database 'java_annotation_demo'
	at sun.reflect.NativeConstructorAccessorImpl.newInstance0(Native Method)
	at sun.reflect.NativeConstructorAccessorImpl.newInstance(Unknown Source)
	at sun.reflect.DelegatingConstructorAccessorImpl.newInstance(Unknown Source)
	at java.lang.reflect.Constructor.newInstance(Unknown Source)
	at com.mysql.jdbc.Util.handleNewInstance(Util.java:425)
	at com.mysql.jdbc.Util.getInstance(Util.java:408)
	at com.mysql.jdbc.SQLError.createSQLException(SQLError.java:944)
	at com.mysql.jdbc.MysqlIO.checkErrorPacket(MysqlIO.java:3976)
	at com.mysql.jdbc.MysqlIO.checkErrorPacket(MysqlIO.java:3912)
	at com.mysql.jdbc.MysqlIO.checkErrorPacket(MysqlIO.java:871)
	at com.mysql.jdbc.MysqlIO.secureAuth411(MysqlIO.java:4427)
	at com.mysql.jdbc.MysqlIO.doHandshake(MysqlIO.java:1276)
	at com.mysql.jdbc.ConnectionImpl.coreConnect(ConnectionImpl.java:2190)
	at com.mysql.jdbc.ConnectionImpl.connectOneTryOnly(ConnectionImpl.java:2221)
	at com.mysql.jdbc.ConnectionImpl.createNewIO(ConnectionImpl.java:2016)
	at com.mysql.jdbc.ConnectionImpl.<init>(ConnectionImpl.java:776)
	at com.mysql.jdbc.JDBC4Connection.<init>(JDBC4Connection.java:47)
	at sun.reflect.NativeConstructorAccessorImpl.newInstance0(Native Method)
	at sun.reflect.NativeConstructorAccessorImpl.newInstance(Unknown Source)
	at sun.reflect.DelegatingConstructorAccessorImpl.newInstance(Unknown Source)
	at java.lang.reflect.Constructor.newInstance(Unknown Source)
	at com.mysql.jdbc.Util.handleNewInstance(Util.java:425)
	at com.mysql.jdbc.ConnectionImpl.getInstance(ConnectionImpl.java:386)
	at com.mysql.jdbc.NonRegisteringDriver.connect(NonRegisteringDriver.java:330)
	at com.alibaba.druid.pool.DruidAbstractDataSource.createPhysicalConnection(DruidAbstractDataSource.java:1408)
	at com.alibaba.druid.pool.DruidAbstractDataSource.createPhysicalConnection(DruidAbstractDataSource.java:1464)
	at com.alibaba.druid.pool.DruidDataSource$CreateConnectionThread.run(DruidDataSource.java:1969)
23:00:44.206 [Druid-ConnectionPool-Create-1143148797] ERROR c.alibaba.druid.pool.DruidDataSource:53- create connection error, url: jdbc:mysql://localhost:3306/java_annotation_demo?characterEncoding=utf8, errorCode 1049, state 42000
com.mysql.jdbc.exceptions.jdbc4.MySQLSyntaxErrorException: Unknown database 'java_annotation_demo'
	at sun.reflect.NativeConstructorAccessorImpl.newInstance0(Native Method)
	at sun.reflect.NativeConstructorAccessorImpl.newInstance(Unknown Source)
	at sun.reflect.DelegatingConstructorAccessorImpl.newInstance(Unknown Source)
	at java.lang.reflect.Constructor.newInstance(Unknown Source)
	at com.mysql.jdbc.Util.handleNewInstance(Util.java:425)
	at com.mysql.jdbc.Util.getInstance(Util.java:408)
	at com.mysql.jdbc.SQLError.createSQLException(SQLError.java:944)
	at com.mysql.jdbc.MysqlIO.checkErrorPacket(MysqlIO.java:3976)
	at com.mysql.jdbc.MysqlIO.checkErrorPacket(MysqlIO.java:3912)
	at com.mysql.jdbc.MysqlIO.checkErrorPacket(MysqlIO.java:871)
	at com.mysql.jdbc.MysqlIO.secureAuth411(MysqlIO.java:4427)
	at com.mysql.jdbc.MysqlIO.doHandshake(MysqlIO.java:1276)
	at com.mysql.jdbc.ConnectionImpl.coreConnect(ConnectionImpl.java:2190)
	at com.mysql.jdbc.ConnectionImpl.connectOneTryOnly(ConnectionImpl.java:2221)
	at com.mysql.jdbc.ConnectionImpl.createNewIO(ConnectionImpl.java:2016)
	at com.mysql.jdbc.ConnectionImpl.<init>(ConnectionImpl.java:776)
	at com.mysql.jdbc.JDBC4Connection.<init>(JDBC4Connection.java:47)
	at sun.reflect.NativeConstructorAccessorImpl.newInstance0(Native Method)
	at sun.reflect.NativeConstructorAccessorImpl.newInstance(Unknown Source)
	at sun.reflect.DelegatingConstructorAccessorImpl.newInstance(Unknown Source)
	at java.lang.reflect.Constructor.newInstance(Unknown Source)
	at com.mysql.jdbc.Util.handleNewInstance(Util.java:425)
	at com.mysql.jdbc.ConnectionImpl.getInstance(ConnectionImpl.java:386)
	at com.mysql.jdbc.NonRegisteringDriver.connect(NonRegisteringDriver.java:330)
	at com.alibaba.druid.pool.DruidAbstractDataSource.createPhysicalConnection(DruidAbstractDataSource.java:1408)
	at com.alibaba.druid.pool.DruidAbstractDataSource.createPhysicalConnection(DruidAbstractDataSource.java:1464)
	at com.alibaba.druid.pool.DruidDataSource$CreateConnectionThread.run(DruidDataSource.java:1969)
23:00:44.209 [Druid-ConnectionPool-Create-1143148797] ERROR c.alibaba.druid.pool.DruidDataSource:53- create connection error, url: jdbc:mysql://localhost:3306/java_annotation_demo?characterEncoding=utf8, errorCode 1049, state 42000
com.mysql.jdbc.exceptions.jdbc4.MySQLSyntaxErrorException: Unknown database 'java_annotation_demo'
	at sun.reflect.NativeConstructorAccessorImpl.newInstance0(Native Method)
	at sun.reflect.NativeConstructorAccessorImpl.newInstance(Unknown Source)
	at sun.reflect.DelegatingConstructorAccessorImpl.newInstance(Unknown Source)
	at java.lang.reflect.Constructor.newInstance(Unknown Source)
	at com.mysql.jdbc.Util.handleNewInstance(Util.java:425)
	at com.mysql.jdbc.Util.getInstance(Util.java:408)
	at com.mysql.jdbc.SQLError.createSQLException(SQLError.java:944)
	at com.mysql.jdbc.MysqlIO.checkErrorPacket(MysqlIO.java:3976)
	at com.mysql.jdbc.MysqlIO.checkErrorPacket(MysqlIO.java:3912)
	at com.mysql.jdbc.MysqlIO.checkErrorPacket(MysqlIO.java:871)
	at com.mysql.jdbc.MysqlIO.secureAuth411(MysqlIO.java:4427)
	at com.mysql.jdbc.MysqlIO.doHandshake(MysqlIO.java:1276)
	at com.mysql.jdbc.ConnectionImpl.coreConnect(ConnectionImpl.java:2190)
	at com.mysql.jdbc.ConnectionImpl.connectOneTryOnly(ConnectionImpl.java:2221)
	at com.mysql.jdbc.ConnectionImpl.createNewIO(ConnectionImpl.java:2016)
	at com.mysql.jdbc.ConnectionImpl.<init>(ConnectionImpl.java:776)
	at com.mysql.jdbc.JDBC4Connection.<init>(JDBC4Connection.java:47)
	at sun.reflect.NativeConstructorAccessorImpl.newInstance0(Native Method)
	at sun.reflect.NativeConstructorAccessorImpl.newInstance(Unknown Source)
	at sun.reflect.DelegatingConstructorAccessorImpl.newInstance(Unknown Source)
	at java.lang.reflect.Constructor.newInstance(Unknown Source)
	at com.mysql.jdbc.Util.handleNewInstance(Util.java:425)
	at com.mysql.jdbc.ConnectionImpl.getInstance(ConnectionImpl.java:386)
	at com.mysql.jdbc.NonRegisteringDriver.connect(NonRegisteringDriver.java:330)
	at com.alibaba.druid.pool.DruidAbstractDataSource.createPhysicalConnection(DruidAbstractDataSource.java:1408)
	at com.alibaba.druid.pool.DruidAbstractDataSource.createPhysicalConnection(DruidAbstractDataSource.java:1464)
	at com.alibaba.druid.pool.DruidDataSource$CreateConnectionThread.run(DruidDataSource.java:1969)
23:00:44.211 [Druid-ConnectionPool-Create-1143148797] ERROR c.alibaba.druid.pool.DruidDataSource:53- create connection error, url: jdbc:mysql://localhost:3306/java_annotation_demo?characterEncoding=utf8, errorCode 1049, state 42000
com.mysql.jdbc.exceptions.jdbc4.MySQLSyntaxErrorException: Unknown database 'java_annotation_demo'
	at sun.reflect.GeneratedConstructorAccessor42.newInstance(Unknown Source)
	at sun.reflect.DelegatingConstructorAccessorImpl.newInstance(Unknown Source)
	at java.lang.reflect.Constructor.newInstance(Unknown Source)
	at com.mysql.jdbc.Util.handleNewInstance(Util.java:425)
	at com.mysql.jdbc.Util.getInstance(Util.java:408)
	at com.mysql.jdbc.SQLError.createSQLException(SQLError.java:944)
	at com.mysql.jdbc.MysqlIO.checkErrorPacket(MysqlIO.java:3976)
	at com.mysql.jdbc.MysqlIO.checkErrorPacket(MysqlIO.java:3912)
	at com.mysql.jdbc.MysqlIO.checkErrorPacket(MysqlIO.java:871)
	at com.mysql.jdbc.MysqlIO.secureAuth411(MysqlIO.java:4427)
	at com.mysql.jdbc.MysqlIO.doHandshake(MysqlIO.java:1276)
	at com.mysql.jdbc.ConnectionImpl.coreConnect(ConnectionImpl.java:2190)
	at com.mysql.jdbc.ConnectionImpl.connectOneTryOnly(ConnectionImpl.java:2221)
	at com.mysql.jdbc.ConnectionImpl.createNewIO(ConnectionImpl.java:2016)
	at com.mysql.jdbc.ConnectionImpl.<init>(ConnectionImpl.java:776)
	at com.mysql.jdbc.JDBC4Connection.<init>(JDBC4Connection.java:47)
	at sun.reflect.GeneratedConstructorAccessor39.newInstance(Unknown Source)
	at sun.reflect.DelegatingConstructorAccessorImpl.newInstance(Unknown Source)
	at java.lang.reflect.Constructor.newInstance(Unknown Source)
	at com.mysql.jdbc.Util.handleNewInstance(Util.java:425)
	at com.mysql.jdbc.ConnectionImpl.getInstance(ConnectionImpl.java:386)
	at com.mysql.jdbc.NonRegisteringDriver.connect(NonRegisteringDriver.java:330)
	at com.alibaba.druid.pool.DruidAbstractDataSource.createPhysicalConnection(DruidAbstractDataSource.java:1408)
	at com.alibaba.druid.pool.DruidAbstractDataSource.createPhysicalConnection(DruidAbstractDataSource.java:1464)
	at com.alibaba.druid.pool.DruidDataSource$CreateConnectionThread.run(DruidDataSource.java:1969)
23:00:44.214 [Druid-ConnectionPool-Create-1143148797] ERROR c.alibaba.druid.pool.DruidDataSource:53- create connection error, url: jdbc:mysql://localhost:3306/java_annotation_demo?characterEncoding=utf8, errorCode 1049, state 42000
com.mysql.jdbc.exceptions.jdbc4.MySQLSyntaxErrorException: Unknown database 'java_annotation_demo'
	at sun.reflect.GeneratedConstructorAccessor42.newInstance(Unknown Source)
	at sun.reflect.DelegatingConstructorAccessorImpl.newInstance(Unknown Source)
	at java.lang.reflect.Constructor.newInstance(Unknown Source)
	at com.mysql.jdbc.Util.handleNewInstance(Util.java:425)
	at com.mysql.jdbc.Util.getInstance(Util.java:408)
	at com.mysql.jdbc.SQLError.createSQLException(SQLError.java:944)
	at com.mysql.jdbc.MysqlIO.checkErrorPacket(MysqlIO.java:3976)
	at com.mysql.jdbc.MysqlIO.checkErrorPacket(MysqlIO.java:3912)
	at com.mysql.jdbc.MysqlIO.checkErrorPacket(MysqlIO.java:871)
	at com.mysql.jdbc.MysqlIO.secureAuth411(MysqlIO.java:4427)
	at com.mysql.jdbc.MysqlIO.doHandshake(MysqlIO.java:1276)
	at com.mysql.jdbc.ConnectionImpl.coreConnect(ConnectionImpl.java:2190)
	at com.mysql.jdbc.ConnectionImpl.connectOneTryOnly(ConnectionImpl.java:2221)
	at com.mysql.jdbc.ConnectionImpl.createNewIO(ConnectionImpl.java:2016)
	at com.mysql.jdbc.ConnectionImpl.<init>(ConnectionImpl.java:776)
	at com.mysql.jdbc.JDBC4Connection.<init>(JDBC4Connection.java:47)
	at sun.reflect.GeneratedConstructorAccessor39.newInstance(Unknown Source)
	at sun.reflect.DelegatingConstructorAccessorImpl.newInstance(Unknown Source)
	at java.lang.reflect.Constructor.newInstance(Unknown Source)
	at com.mysql.jdbc.Util.handleNewInstance(Util.java:425)
	at com.mysql.jdbc.ConnectionImpl.getInstance(ConnectionImpl.java:386)
	at com.mysql.jdbc.NonRegisteringDriver.connect(NonRegisteringDriver.java:330)
	at com.alibaba.druid.pool.DruidAbstractDataSource.createPhysicalConnection(DruidAbstractDataSource.java:1408)
	at com.alibaba.druid.pool.DruidAbstractDataSource.createPhysicalConnection(DruidAbstractDataSource.java:1464)
	at com.alibaba.druid.pool.DruidDataSource$CreateConnectionThread.run(DruidDataSource.java:1969)
23:00:44.216 [Druid-ConnectionPool-Create-1143148797] ERROR c.alibaba.druid.pool.DruidDataSource:53- create connection error, url: jdbc:mysql://localhost:3306/java_annotation_demo?characterEncoding=utf8, errorCode 1049, state 42000
com.mysql.jdbc.exceptions.jdbc4.MySQLSyntaxErrorException: Unknown database 'java_annotation_demo'
	at sun.reflect.GeneratedConstructorAccessor42.newInstance(Unknown Source)
	at sun.reflect.DelegatingConstructorAccessorImpl.newInstance(Unknown Source)
	at java.lang.reflect.Constructor.newInstance(Unknown Source)
	at com.mysql.jdbc.Util.handleNewInstance(Util.java:425)
	at com.mysql.jdbc.Util.getInstance(Util.java:408)
	at com.mysql.jdbc.SQLError.createSQLException(SQLError.java:944)
	at com.mysql.jdbc.MysqlIO.checkErrorPacket(MysqlIO.java:3976)
	at com.mysql.jdbc.MysqlIO.checkErrorPacket(MysqlIO.java:3912)
	at com.mysql.jdbc.MysqlIO.checkErrorPacket(MysqlIO.java:871)
	at com.mysql.jdbc.MysqlIO.secureAuth411(MysqlIO.java:4427)
	at com.mysql.jdbc.MysqlIO.doHandshake(MysqlIO.java:1276)
	at com.mysql.jdbc.ConnectionImpl.coreConnect(ConnectionImpl.java:2190)
	at com.mysql.jdbc.ConnectionImpl.connectOneTryOnly(ConnectionImpl.java:2221)
	at com.mysql.jdbc.ConnectionImpl.createNewIO(ConnectionImpl.java:2016)
	at com.mysql.jdbc.ConnectionImpl.<init>(ConnectionImpl.java:776)
	at com.mysql.jdbc.JDBC4Connection.<init>(JDBC4Connection.java:47)
	at sun.reflect.GeneratedConstructorAccessor39.newInstance(Unknown Source)
	at sun.reflect.DelegatingConstructorAccessorImpl.newInstance(Unknown Source)
	at java.lang.reflect.Constructor.newInstance(Unknown Source)
	at com.mysql.jdbc.Util.handleNewInstance(Util.java:425)
	at com.mysql.jdbc.ConnectionImpl.getInstance(ConnectionImpl.java:386)
	at com.mysql.jdbc.NonRegisteringDriver.connect(NonRegisteringDriver.java:330)
	at com.alibaba.druid.pool.DruidAbstractDataSource.createPhysicalConnection(DruidAbstractDataSource.java:1408)
	at com.alibaba.druid.pool.DruidAbstractDataSource.createPhysicalConnection(DruidAbstractDataSource.java:1464)
	at com.alibaba.druid.pool.DruidDataSource$CreateConnectionThread.run(DruidDataSource.java:1969)
23:00:44.226 [Druid-ConnectionPool-Create-1143148797] ERROR c.alibaba.druid.pool.DruidDataSource:53- create connection error, url: jdbc:mysql://localhost:3306/java_annotation_demo?characterEncoding=utf8, errorCode 1049, state 42000
com.mysql.jdbc.exceptions.jdbc4.MySQLSyntaxErrorException: Unknown database 'java_annotation_demo'
	at sun.reflect.GeneratedConstructorAccessor42.newInstance(Unknown Source)
	at sun.reflect.DelegatingConstructorAccessorImpl.newInstance(Unknown Source)
	at java.lang.reflect.Constructor.newInstance(Unknown Source)
	at com.mysql.jdbc.Util.handleNewInstance(Util.java:425)
	at com.mysql.jdbc.Util.getInstance(Util.java:408)
	at com.mysql.jdbc.SQLError.createSQLException(SQLError.java:944)
	at com.mysql.jdbc.MysqlIO.checkErrorPacket(MysqlIO.java:3976)
	at com.mysql.jdbc.MysqlIO.checkErrorPacket(MysqlIO.java:3912)
	at com.mysql.jdbc.MysqlIO.checkErrorPacket(MysqlIO.java:871)
	at com.mysql.jdbc.MysqlIO.secureAuth411(MysqlIO.java:4427)
	at com.mysql.jdbc.MysqlIO.doHandshake(MysqlIO.java:1276)
	at com.mysql.jdbc.ConnectionImpl.coreConnect(ConnectionImpl.java:2190)
	at com.mysql.jdbc.ConnectionImpl.connectOneTryOnly(ConnectionImpl.java:2221)
	at com.mysql.jdbc.ConnectionImpl.createNewIO(ConnectionImpl.java:2016)
	at com.mysql.jdbc.ConnectionImpl.<init>(ConnectionImpl.java:776)
	at com.mysql.jdbc.JDBC4Connection.<init>(JDBC4Connection.java:47)
	at sun.reflect.GeneratedConstructorAccessor39.newInstance(Unknown Source)
	at sun.reflect.DelegatingConstructorAccessorImpl.newInstance(Unknown Source)
	at java.lang.reflect.Constructor.newInstance(Unknown Source)
	at com.mysql.jdbc.Util.handleNewInstance(Util.java:425)
	at com.mysql.jdbc.ConnectionImpl.getInstance(ConnectionImpl.java:386)
	at com.mysql.jdbc.NonRegisteringDriver.connect(NonRegisteringDriver.java:330)
	at com.alibaba.druid.pool.DruidAbstractDataSource.createPhysicalConnection(DruidAbstractDataSource.java:1408)
	at com.alibaba.druid.pool.DruidAbstractDataSource.createPhysicalConnection(DruidAbstractDataSource.java:1464)
	at com.alibaba.druid.pool.DruidDataSource$CreateConnectionThread.run(DruidDataSource.java:1969)
23:00:44.228 [Druid-ConnectionPool-Create-1143148797] ERROR c.alibaba.druid.pool.DruidDataSource:53- create connection error, url: jdbc:mysql://localhost:3306/java_annotation_demo?characterEncoding=utf8, errorCode 1049, state 42000
com.mysql.jdbc.exceptions.jdbc4.MySQLSyntaxErrorException: Unknown database 'java_annotation_demo'
	at sun.reflect.GeneratedConstructorAccessor42.newInstance(Unknown Source)
	at sun.reflect.DelegatingConstructorAccessorImpl.newInstance(Unknown Source)
	at java.lang.reflect.Constructor.newInstance(Unknown Source)
	at com.mysql.jdbc.Util.handleNewInstance(Util.java:425)
	at com.mysql.jdbc.Util.getInstance(Util.java:408)
	at com.mysql.jdbc.SQLError.createSQLException(SQLError.java:944)
	at com.mysql.jdbc.MysqlIO.checkErrorPacket(MysqlIO.java:3976)
	at com.mysql.jdbc.MysqlIO.checkErrorPacket(MysqlIO.java:3912)
	at com.mysql.jdbc.MysqlIO.checkErrorPacket(MysqlIO.java:871)
	at com.mysql.jdbc.MysqlIO.secureAuth411(MysqlIO.java:4427)
	at com.mysql.jdbc.MysqlIO.doHandshake(MysqlIO.java:1276)
	at com.mysql.jdbc.ConnectionImpl.coreConnect(ConnectionImpl.java:2190)
	at com.mysql.jdbc.ConnectionImpl.connectOneTryOnly(ConnectionImpl.java:2221)
	at com.mysql.jdbc.ConnectionImpl.createNewIO(ConnectionImpl.java:2016)
	at com.mysql.jdbc.ConnectionImpl.<init>(ConnectionImpl.java:776)
	at com.mysql.jdbc.JDBC4Connection.<init>(JDBC4Connection.java:47)
	at sun.reflect.GeneratedConstructorAccessor39.newInstance(Unknown Source)
	at sun.reflect.DelegatingConstructorAccessorImpl.newInstance(Unknown Source)
	at java.lang.reflect.Constructor.newInstance(Unknown Source)
	at com.mysql.jdbc.Util.handleNewInstance(Util.java:425)
	at com.mysql.jdbc.ConnectionImpl.getInstance(ConnectionImpl.java:386)
	at com.mysql.jdbc.NonRegisteringDriver.connect(NonRegisteringDriver.java:330)
	at com.alibaba.druid.pool.DruidAbstractDataSource.createPhysicalConnection(DruidAbstractDataSource.java:1408)
	at com.alibaba.druid.pool.DruidAbstractDataSource.createPhysicalConnection(DruidAbstractDataSource.java:1464)
	at com.alibaba.druid.pool.DruidDataSource$CreateConnectionThread.run(DruidDataSource.java:1969)
23:00:44.230 [Druid-ConnectionPool-Create-1143148797] ERROR c.alibaba.druid.pool.DruidDataSource:53- create connection error, url: jdbc:mysql://localhost:3306/java_annotation_demo?characterEncoding=utf8, errorCode 1049, state 42000
com.mysql.jdbc.exceptions.jdbc4.MySQLSyntaxErrorException: Unknown database 'java_annotation_demo'
	at sun.reflect.GeneratedConstructorAccessor42.newInstance(Unknown Source)
	at sun.reflect.DelegatingConstructorAccessorImpl.newInstance(Unknown Source)
	at java.lang.reflect.Constructor.newInstance(Unknown Source)
	at com.mysql.jdbc.Util.handleNewInstance(Util.java:425)
	at com.mysql.jdbc.Util.getInstance(Util.java:408)
	at com.mysql.jdbc.SQLError.createSQLException(SQLError.java:944)
	at com.mysql.jdbc.MysqlIO.checkErrorPacket(MysqlIO.java:3976)
	at com.mysql.jdbc.MysqlIO.checkErrorPacket(MysqlIO.java:3912)
	at com.mysql.jdbc.MysqlIO.checkErrorPacket(MysqlIO.java:871)
	at com.mysql.jdbc.MysqlIO.secureAuth411(MysqlIO.java:4427)
	at com.mysql.jdbc.MysqlIO.doHandshake(MysqlIO.java:1276)
	at com.mysql.jdbc.ConnectionImpl.coreConnect(ConnectionImpl.java:2190)
	at com.mysql.jdbc.ConnectionImpl.connectOneTryOnly(ConnectionImpl.java:2221)
	at com.mysql.jdbc.ConnectionImpl.createNewIO(ConnectionImpl.java:2016)
	at com.mysql.jdbc.ConnectionImpl.<init>(ConnectionImpl.java:776)
	at com.mysql.jdbc.JDBC4Connection.<init>(JDBC4Connection.java:47)
	at sun.reflect.GeneratedConstructorAccessor39.newInstance(Unknown Source)
	at sun.reflect.DelegatingConstructorAccessorImpl.newInstance(Unknown Source)
	at java.lang.reflect.Constructor.newInstance(Unknown Source)
	at com.mysql.jdbc.Util.handleNewInstance(Util.java:425)
	at com.mysql.jdbc.ConnectionImpl.getInstance(ConnectionImpl.java:386)
	at com.mysql.jdbc.NonRegisteringDriver.connect(NonRegisteringDriver.java:330)
	at com.alibaba.druid.pool.DruidAbstractDataSource.createPhysicalConnection(DruidAbstractDataSource.java:1408)
	at com.alibaba.druid.pool.DruidAbstractDataSource.createPhysicalConnection(DruidAbstractDataSource.java:1464)
	at com.alibaba.druid.pool.DruidDataSource$CreateConnectionThread.run(DruidDataSource.java:1969)
23:00:44.233 [Druid-ConnectionPool-Create-1143148797] ERROR c.alibaba.druid.pool.DruidDataSource:53- create connection error, url: jdbc:mysql://localhost:3306/java_annotation_demo?characterEncoding=utf8, errorCode 1049, state 42000
com.mysql.jdbc.exceptions.jdbc4.MySQLSyntaxErrorException: Unknown database 'java_annotation_demo'
	at sun.reflect.GeneratedConstructorAccessor42.newInstance(Unknown Source)
	at sun.reflect.DelegatingConstructorAccessorImpl.newInstance(Unknown Source)
	at java.lang.reflect.Constructor.newInstance(Unknown Source)
	at com.mysql.jdbc.Util.handleNewInstance(Util.java:425)
	at com.mysql.jdbc.Util.getInstance(Util.java:408)
	at com.mysql.jdbc.SQLError.createSQLException(SQLError.java:944)
	at com.mysql.jdbc.MysqlIO.checkErrorPacket(MysqlIO.java:3976)
	at com.mysql.jdbc.MysqlIO.checkErrorPacket(MysqlIO.java:3912)
	at com.mysql.jdbc.MysqlIO.checkErrorPacket(MysqlIO.java:871)
	at com.mysql.jdbc.MysqlIO.secureAuth411(MysqlIO.java:4427)
	at com.mysql.jdbc.MysqlIO.doHandshake(MysqlIO.java:1276)
	at com.mysql.jdbc.ConnectionImpl.coreConnect(ConnectionImpl.java:2190)
	at com.mysql.jdbc.ConnectionImpl.connectOneTryOnly(ConnectionImpl.java:2221)
	at com.mysql.jdbc.ConnectionImpl.createNewIO(ConnectionImpl.java:2016)
	at com.mysql.jdbc.ConnectionImpl.<init>(ConnectionImpl.java:776)
	at com.mysql.jdbc.JDBC4Connection.<init>(JDBC4Connection.java:47)
	at sun.reflect.GeneratedConstructorAccessor39.newInstance(Unknown Source)
	at sun.reflect.DelegatingConstructorAccessorImpl.newInstance(Unknown Source)
	at java.lang.reflect.Constructor.newInstance(Unknown Source)
	at com.mysql.jdbc.Util.handleNewInstance(Util.java:425)
	at com.mysql.jdbc.ConnectionImpl.getInstance(ConnectionImpl.java:386)
	at com.mysql.jdbc.NonRegisteringDriver.connect(NonRegisteringDriver.java:330)
	at com.alibaba.druid.pool.DruidAbstractDataSource.createPhysicalConnection(DruidAbstractDataSource.java:1408)
	at com.alibaba.druid.pool.DruidAbstractDataSource.createPhysicalConnection(DruidAbstractDataSource.java:1464)
	at com.alibaba.druid.pool.DruidDataSource$CreateConnectionThread.run(DruidDataSource.java:1969)
23:00:44.234 [Druid-ConnectionPool-Create-1143148797] ERROR c.alibaba.druid.pool.DruidDataSource:53- create connection error, url: jdbc:mysql://localhost:3306/java_annotation_demo?characterEncoding=utf8, errorCode 1049, state 42000
com.mysql.jdbc.exceptions.jdbc4.MySQLSyntaxErrorException: Unknown database 'java_annotation_demo'
	at sun.reflect.GeneratedConstructorAccessor42.newInstance(Unknown Source)
	at sun.reflect.DelegatingConstructorAccessorImpl.newInstance(Unknown Source)
	at java.lang.reflect.Constructor.newInstance(Unknown Source)
	at com.mysql.jdbc.Util.handleNewInstance(Util.java:425)
	at com.mysql.jdbc.Util.getInstance(Util.java:408)
	at com.mysql.jdbc.SQLError.createSQLException(SQLError.java:944)
	at com.mysql.jdbc.MysqlIO.checkErrorPacket(MysqlIO.java:3976)
	at com.mysql.jdbc.MysqlIO.checkErrorPacket(MysqlIO.java:3912)
	at com.mysql.jdbc.MysqlIO.checkErrorPacket(MysqlIO.java:871)
	at com.mysql.jdbc.MysqlIO.secureAuth411(MysqlIO.java:4427)
	at com.mysql.jdbc.MysqlIO.doHandshake(MysqlIO.java:1276)
	at com.mysql.jdbc.ConnectionImpl.coreConnect(ConnectionImpl.java:2190)
	at com.mysql.jdbc.ConnectionImpl.connectOneTryOnly(ConnectionImpl.java:2221)
	at com.mysql.jdbc.ConnectionImpl.createNewIO(ConnectionImpl.java:2016)
	at com.mysql.jdbc.ConnectionImpl.<init>(ConnectionImpl.java:776)
	at com.mysql.jdbc.JDBC4Connection.<init>(JDBC4Connection.java:47)
	at sun.reflect.GeneratedConstructorAccessor39.newInstance(Unknown Source)
	at sun.reflect.DelegatingConstructorAccessorImpl.newInstance(Unknown Source)
	at java.lang.reflect.Constructor.newInstance(Unknown Source)
	at com.mysql.jdbc.Util.handleNewInstance(Util.java:425)
	at com.mysql.jdbc.ConnectionImpl.getInstance(ConnectionImpl.java:386)
	at com.mysql.jdbc.NonRegisteringDriver.connect(NonRegisteringDriver.java:330)
	at com.alibaba.druid.pool.DruidAbstractDataSource.createPhysicalConnection(DruidAbstractDataSource.java:1408)
	at com.alibaba.druid.pool.DruidAbstractDataSource.createPhysicalConnection(DruidAbstractDataSource.java:1464)
	at com.alibaba.druid.pool.DruidDataSource$CreateConnectionThread.run(DruidDataSource.java:1969)
23:00:44.236 [Druid-ConnectionPool-Create-1143148797] ERROR c.alibaba.druid.pool.DruidDataSource:53- create connection error, url: jdbc:mysql://localhost:3306/java_annotation_demo?characterEncoding=utf8, errorCode 1049, state 42000
com.mysql.jdbc.exceptions.jdbc4.MySQLSyntaxErrorException: Unknown database 'java_annotation_demo'
	at sun.reflect.GeneratedConstructorAccessor42.newInstance(Unknown Source)
	at sun.reflect.DelegatingConstructorAccessorImpl.newInstance(Unknown Source)
	at java.lang.reflect.Constructor.newInstance(Unknown Source)
	at com.mysql.jdbc.Util.handleNewInstance(Util.java:425)
	at com.mysql.jdbc.Util.getInstance(Util.java:408)
	at com.mysql.jdbc.SQLError.createSQLException(SQLError.java:944)
	at com.mysql.jdbc.MysqlIO.checkErrorPacket(MysqlIO.java:3976)
	at com.mysql.jdbc.MysqlIO.checkErrorPacket(MysqlIO.java:3912)
	at com.mysql.jdbc.MysqlIO.checkErrorPacket(MysqlIO.java:871)
	at com.mysql.jdbc.MysqlIO.secureAuth411(MysqlIO.java:4427)
	at com.mysql.jdbc.MysqlIO.doHandshake(MysqlIO.java:1276)
	at com.mysql.jdbc.ConnectionImpl.coreConnect(ConnectionImpl.java:2190)
	at com.mysql.jdbc.ConnectionImpl.connectOneTryOnly(ConnectionImpl.java:2221)
	at com.mysql.jdbc.ConnectionImpl.createNewIO(ConnectionImpl.java:2016)
	at com.mysql.jdbc.ConnectionImpl.<init>(ConnectionImpl.java:776)
	at com.mysql.jdbc.JDBC4Connection.<init>(JDBC4Connection.java:47)
	at sun.reflect.GeneratedConstructorAccessor39.newInstance(Unknown Source)
	at sun.reflect.DelegatingConstructorAccessorImpl.newInstance(Unknown Source)
	at java.lang.reflect.Constructor.newInstance(Unknown Source)
	at com.mysql.jdbc.Util.handleNewInstance(Util.java:425)
	at com.mysql.jdbc.ConnectionImpl.getInstance(ConnectionImpl.java:386)
	at com.mysql.jdbc.NonRegisteringDriver.connect(NonRegisteringDriver.java:330)
	at com.alibaba.druid.pool.DruidAbstractDataSource.createPhysicalConnection(DruidAbstractDataSource.java:1408)
	at com.alibaba.druid.pool.DruidAbstractDataSource.createPhysicalConnection(DruidAbstractDataSource.java:1464)
	at com.alibaba.druid.pool.DruidDataSource$CreateConnectionThread.run(DruidDataSource.java:1969)
23:00:44.239 [Druid-ConnectionPool-Create-1143148797] ERROR c.alibaba.druid.pool.DruidDataSource:53- create connection error, url: jdbc:mysql://localhost:3306/java_annotation_demo?characterEncoding=utf8, errorCode 1049, state 42000
com.mysql.jdbc.exceptions.jdbc4.MySQLSyntaxErrorException: Unknown database 'java_annotation_demo'
	at sun.reflect.GeneratedConstructorAccessor42.newInstance(Unknown Source)
	at sun.reflect.DelegatingConstructorAccessorImpl.newInstance(Unknown Source)
	at java.lang.reflect.Constructor.newInstance(Unknown Source)
	at com.mysql.jdbc.Util.handleNewInstance(Util.java:425)
	at com.mysql.jdbc.Util.getInstance(Util.java:408)
	at com.mysql.jdbc.SQLError.createSQLException(SQLError.java:944)
	at com.mysql.jdbc.MysqlIO.checkErrorPacket(MysqlIO.java:3976)
	at com.mysql.jdbc.MysqlIO.checkErrorPacket(MysqlIO.java:3912)
	at com.mysql.jdbc.MysqlIO.checkErrorPacket(MysqlIO.java:871)
	at com.mysql.jdbc.MysqlIO.secureAuth411(MysqlIO.java:4427)
	at com.mysql.jdbc.MysqlIO.doHandshake(MysqlIO.java:1276)
	at com.mysql.jdbc.ConnectionImpl.coreConnect(ConnectionImpl.java:2190)
	at com.mysql.jdbc.ConnectionImpl.connectOneTryOnly(ConnectionImpl.java:2221)
	at com.mysql.jdbc.ConnectionImpl.createNewIO(ConnectionImpl.java:2016)
	at com.mysql.jdbc.ConnectionImpl.<init>(ConnectionImpl.java:776)
	at com.mysql.jdbc.JDBC4Connection.<init>(JDBC4Connection.java:47)
	at sun.reflect.GeneratedConstructorAccessor39.newInstance(Unknown Source)
	at sun.reflect.DelegatingConstructorAccessorImpl.newInstance(Unknown Source)
	at java.lang.reflect.Constructor.newInstance(Unknown Source)
	at com.mysql.jdbc.Util.handleNewInstance(Util.java:425)
	at com.mysql.jdbc.ConnectionImpl.getInstance(ConnectionImpl.java:386)
	at com.mysql.jdbc.NonRegisteringDriver.connect(NonRegisteringDriver.java:330)
	at com.alibaba.druid.pool.DruidAbstractDataSource.createPhysicalConnection(DruidAbstractDataSource.java:1408)
	at com.alibaba.druid.pool.DruidAbstractDataSource.createPhysicalConnection(DruidAbstractDataSource.java:1464)
	at com.alibaba.druid.pool.DruidDataSource$CreateConnectionThread.run(DruidDataSource.java:1969)
23:00:44.241 [Druid-ConnectionPool-Create-1143148797] ERROR c.alibaba.druid.pool.DruidDataSource:53- create connection error, url: jdbc:mysql://localhost:3306/java_annotation_demo?characterEncoding=utf8, errorCode 1049, state 42000
com.mysql.jdbc.exceptions.jdbc4.MySQLSyntaxErrorException: Unknown database 'java_annotation_demo'
	at sun.reflect.GeneratedConstructorAccessor42.newInstance(Unknown Source)
	at sun.reflect.DelegatingConstructorAccessorImpl.newInstance(Unknown Source)
	at java.lang.reflect.Constructor.newInstance(Unknown Source)
	at com.mysql.jdbc.Util.handleNewInstance(Util.java:425)
	at com.mysql.jdbc.Util.getInstance(Util.java:408)
	at com.mysql.jdbc.SQLError.createSQLException(SQLError.java:944)
	at com.mysql.jdbc.MysqlIO.checkErrorPacket(MysqlIO.java:3976)
	at com.mysql.jdbc.MysqlIO.checkErrorPacket(MysqlIO.java:3912)
	at com.mysql.jdbc.MysqlIO.checkErrorPacket(MysqlIO.java:871)
	at com.mysql.jdbc.MysqlIO.secureAuth411(MysqlIO.java:4427)
	at com.mysql.jdbc.MysqlIO.doHandshake(MysqlIO.java:1276)
	at com.mysql.jdbc.ConnectionImpl.coreConnect(ConnectionImpl.java:2190)
	at com.mysql.jdbc.ConnectionImpl.connectOneTryOnly(ConnectionImpl.java:2221)
	at com.mysql.jdbc.ConnectionImpl.createNewIO(ConnectionImpl.java:2016)
	at com.mysql.jdbc.ConnectionImpl.<init>(ConnectionImpl.java:776)
	at com.mysql.jdbc.JDBC4Connection.<init>(JDBC4Connection.java:47)
	at sun.reflect.GeneratedConstructorAccessor39.newInstance(Unknown Source)
	at sun.reflect.DelegatingConstructorAccessorImpl.newInstance(Unknown Source)
	at java.lang.reflect.Constructor.newInstance(Unknown Source)
	at com.mysql.jdbc.Util.handleNewInstance(Util.java:425)
	at com.mysql.jdbc.ConnectionImpl.getInstance(ConnectionImpl.java:386)
	at com.mysql.jdbc.NonRegisteringDriver.connect(NonRegisteringDriver.java:330)
	at com.alibaba.druid.pool.DruidAbstractDataSource.createPhysicalConnection(DruidAbstractDataSource.java:1408)
	at com.alibaba.druid.pool.DruidAbstractDataSource.createPhysicalConnection(DruidAbstractDataSource.java:1464)
	at com.alibaba.druid.pool.DruidDataSource$CreateConnectionThread.run(DruidDataSource.java:1969)
23:00:44.249 [Druid-ConnectionPool-Create-1143148797] ERROR c.alibaba.druid.pool.DruidDataSource:53- create connection error, url: jdbc:mysql://localhost:3306/java_annotation_demo?characterEncoding=utf8, errorCode 1049, state 42000
com.mysql.jdbc.exceptions.jdbc4.MySQLSyntaxErrorException: Unknown database 'java_annotation_demo'
	at sun.reflect.GeneratedConstructorAccessor42.newInstance(Unknown Source)
	at sun.reflect.DelegatingConstructorAccessorImpl.newInstance(Unknown Source)
	at java.lang.reflect.Constructor.newInstance(Unknown Source)
	at com.mysql.jdbc.Util.handleNewInstance(Util.java:425)
	at com.mysql.jdbc.Util.getInstance(Util.java:408)
	at com.mysql.jdbc.SQLError.createSQLException(SQLError.java:944)
	at com.mysql.jdbc.MysqlIO.checkErrorPacket(MysqlIO.java:3976)
	at com.mysql.jdbc.MysqlIO.checkErrorPacket(MysqlIO.java:3912)
	at com.mysql.jdbc.MysqlIO.checkErrorPacket(MysqlIO.java:871)
	at com.mysql.jdbc.MysqlIO.secureAuth411(MysqlIO.java:4427)
	at com.mysql.jdbc.MysqlIO.doHandshake(MysqlIO.java:1276)
	at com.mysql.jdbc.ConnectionImpl.coreConnect(ConnectionImpl.java:2190)
	at com.mysql.jdbc.ConnectionImpl.connectOneTryOnly(ConnectionImpl.java:2221)
	at com.mysql.jdbc.ConnectionImpl.createNewIO(ConnectionImpl.java:2016)
	at com.mysql.jdbc.ConnectionImpl.<init>(ConnectionImpl.java:776)
	at com.mysql.jdbc.JDBC4Connection.<init>(JDBC4Connection.java:47)
	at sun.reflect.GeneratedConstructorAccessor39.newInstance(Unknown Source)
	at sun.reflect.DelegatingConstructorAccessorImpl.newInstance(Unknown Source)
	at java.lang.reflect.Constructor.newInstance(Unknown Source)
	at com.mysql.jdbc.Util.handleNewInstance(Util.java:425)
	at com.mysql.jdbc.ConnectionImpl.getInstance(ConnectionImpl.java:386)
	at com.mysql.jdbc.NonRegisteringDriver.connect(NonRegisteringDriver.java:330)
	at com.alibaba.druid.pool.DruidAbstractDataSource.createPhysicalConnection(DruidAbstractDataSource.java:1408)
	at com.alibaba.druid.pool.DruidAbstractDataSource.createPhysicalConnection(DruidAbstractDataSource.java:1464)
	at com.alibaba.druid.pool.DruidDataSource$CreateConnectionThread.run(DruidDataSource.java:1969)
23:00:44.251 [Druid-ConnectionPool-Create-1143148797] ERROR c.alibaba.druid.pool.DruidDataSource:53- create connection error, url: jdbc:mysql://localhost:3306/java_annotation_demo?characterEncoding=utf8, errorCode 1049, state 42000
com.mysql.jdbc.exceptions.jdbc4.MySQLSyntaxErrorException: Unknown database 'java_annotation_demo'
	at sun.reflect.GeneratedConstructorAccessor42.newInstance(Unknown Source)
	at sun.reflect.DelegatingConstructorAccessorImpl.newInstance(Unknown Source)
	at java.lang.reflect.Constructor.newInstance(Unknown Source)
	at com.mysql.jdbc.Util.handleNewInstance(Util.java:425)
	at com.mysql.jdbc.Util.getInstance(Util.java:408)
	at com.mysql.jdbc.SQLError.createSQLException(SQLError.java:944)
	at com.mysql.jdbc.MysqlIO.checkErrorPacket(MysqlIO.java:3976)
	at com.mysql.jdbc.MysqlIO.checkErrorPacket(MysqlIO.java:3912)
	at com.mysql.jdbc.MysqlIO.checkErrorPacket(MysqlIO.java:871)
	at com.mysql.jdbc.MysqlIO.secureAuth411(MysqlIO.java:4427)
	at com.mysql.jdbc.MysqlIO.doHandshake(MysqlIO.java:1276)
	at com.mysql.jdbc.ConnectionImpl.coreConnect(ConnectionImpl.java:2190)
	at com.mysql.jdbc.ConnectionImpl.connectOneTryOnly(ConnectionImpl.java:2221)
	at com.mysql.jdbc.ConnectionImpl.createNewIO(ConnectionImpl.java:2016)
	at com.mysql.jdbc.ConnectionImpl.<init>(ConnectionImpl.java:776)
	at com.mysql.jdbc.JDBC4Connection.<init>(JDBC4Connection.java:47)
	at sun.reflect.GeneratedConstructorAccessor39.newInstance(Unknown Source)
	at sun.reflect.DelegatingConstructorAccessorImpl.newInstance(Unknown Source)
	at java.lang.reflect.Constructor.newInstance(Unknown Source)
	at com.mysql.jdbc.Util.handleNewInstance(Util.java:425)
	at com.mysql.jdbc.ConnectionImpl.getInstance(ConnectionImpl.java:386)
	at com.mysql.jdbc.NonRegisteringDriver.connect(NonRegisteringDriver.java:330)
	at com.alibaba.druid.pool.DruidAbstractDataSource.createPhysicalConnection(DruidAbstractDataSource.java:1408)
	at com.alibaba.druid.pool.DruidAbstractDataSource.createPhysicalConnection(DruidAbstractDataSource.java:1464)
	at com.alibaba.druid.pool.DruidDataSource$CreateConnectionThread.run(DruidDataSource.java:1969)
23:00:44.253 [Druid-ConnectionPool-Create-1143148797] ERROR c.alibaba.druid.pool.DruidDataSource:53- create connection error, url: jdbc:mysql://localhost:3306/java_annotation_demo?characterEncoding=utf8, errorCode 1049, state 42000
com.mysql.jdbc.exceptions.jdbc4.MySQLSyntaxErrorException: Unknown database 'java_annotation_demo'
	at sun.reflect.GeneratedConstructorAccessor42.newInstance(Unknown Source)
	at sun.reflect.DelegatingConstructorAccessorImpl.newInstance(Unknown Source)
	at java.lang.reflect.Constructor.newInstance(Unknown Source)
	at com.mysql.jdbc.Util.handleNewInstance(Util.java:425)
	at com.mysql.jdbc.Util.getInstance(Util.java:408)
	at com.mysql.jdbc.SQLError.createSQLException(SQLError.java:944)
	at com.mysql.jdbc.MysqlIO.checkErrorPacket(MysqlIO.java:3976)
	at com.mysql.jdbc.MysqlIO.checkErrorPacket(MysqlIO.java:3912)
	at com.mysql.jdbc.MysqlIO.checkErrorPacket(MysqlIO.java:871)
	at com.mysql.jdbc.MysqlIO.secureAuth411(MysqlIO.java:4427)
	at com.mysql.jdbc.MysqlIO.doHandshake(MysqlIO.java:1276)
	at com.mysql.jdbc.ConnectionImpl.coreConnect(ConnectionImpl.java:2190)
	at com.mysql.jdbc.ConnectionImpl.connectOneTryOnly(ConnectionImpl.java:2221)
	at com.mysql.jdbc.ConnectionImpl.createNewIO(ConnectionImpl.java:2016)
	at com.mysql.jdbc.ConnectionImpl.<init>(ConnectionImpl.java:776)
	at com.mysql.jdbc.JDBC4Connection.<init>(JDBC4Connection.java:47)
	at sun.reflect.GeneratedConstructorAccessor39.newInstance(Unknown Source)
	at sun.reflect.DelegatingConstructorAccessorImpl.newInstance(Unknown Source)
	at java.lang.reflect.Constructor.newInstance(Unknown Source)
	at com.mysql.jdbc.Util.handleNewInstance(Util.java:425)
	at com.mysql.jdbc.ConnectionImpl.getInstance(ConnectionImpl.java:386)
	at com.mysql.jdbc.NonRegisteringDriver.connect(NonRegisteringDriver.java:330)
	at com.alibaba.druid.pool.DruidAbstractDataSource.createPhysicalConnection(DruidAbstractDataSource.java:1408)
	at com.alibaba.druid.pool.DruidAbstractDataSource.createPhysicalConnection(DruidAbstractDataSource.java:1464)
	at com.alibaba.druid.pool.DruidDataSource$CreateConnectionThread.run(DruidDataSource.java:1969)
23:00:44.256 [Druid-ConnectionPool-Create-1143148797] ERROR c.alibaba.druid.pool.DruidDataSource:53- create connection error, url: jdbc:mysql://localhost:3306/java_annotation_demo?characterEncoding=utf8, errorCode 1049, state 42000
com.mysql.jdbc.exceptions.jdbc4.MySQLSyntaxErrorException: Unknown database 'java_annotation_demo'
	at sun.reflect.GeneratedConstructorAccessor42.newInstance(Unknown Source)
	at sun.reflect.DelegatingConstructorAccessorImpl.newInstance(Unknown Source)
	at java.lang.reflect.Constructor.newInstance(Unknown Source)
	at com.mysql.jdbc.Util.handleNewInstance(Util.java:425)
	at com.mysql.jdbc.Util.getInstance(Util.java:408)
	at com.mysql.jdbc.SQLError.createSQLException(SQLError.java:944)
	at com.mysql.jdbc.MysqlIO.checkErrorPacket(MysqlIO.java:3976)
	at com.mysql.jdbc.MysqlIO.checkErrorPacket(MysqlIO.java:3912)
	at com.mysql.jdbc.MysqlIO.checkErrorPacket(MysqlIO.java:871)
	at com.mysql.jdbc.MysqlIO.secureAuth411(MysqlIO.java:4427)
	at com.mysql.jdbc.MysqlIO.doHandshake(MysqlIO.java:1276)
	at com.mysql.jdbc.ConnectionImpl.coreConnect(ConnectionImpl.java:2190)
	at com.mysql.jdbc.ConnectionImpl.connectOneTryOnly(ConnectionImpl.java:2221)
	at com.mysql.jdbc.ConnectionImpl.createNewIO(ConnectionImpl.java:2016)
	at com.mysql.jdbc.ConnectionImpl.<init>(ConnectionImpl.java:776)
	at com.mysql.jdbc.JDBC4Connection.<init>(JDBC4Connection.java:47)
	at sun.reflect.GeneratedConstructorAccessor39.newInstance(Unknown Source)
	at sun.reflect.DelegatingConstructorAccessorImpl.newInstance(Unknown Source)
	at java.lang.reflect.Constructor.newInstance(Unknown Source)
	at com.mysql.jdbc.Util.handleNewInstance(Util.java:425)
	at com.mysql.jdbc.ConnectionImpl.getInstance(ConnectionImpl.java:386)
	at com.mysql.jdbc.NonRegisteringDriver.connect(NonRegisteringDriver.java:330)
	at com.alibaba.druid.pool.DruidAbstractDataSource.createPhysicalConnection(DruidAbstractDataSource.java:1408)
	at com.alibaba.druid.pool.DruidAbstractDataSource.createPhysicalConnection(DruidAbstractDataSource.java:1464)
	at com.alibaba.druid.pool.DruidDataSource$CreateConnectionThread.run(DruidDataSource.java:1969)
23:01:14.262 [Druid-ConnectionPool-Create-1143148797] ERROR c.alibaba.druid.pool.DruidDataSource:53- create connection error, url: jdbc:mysql://localhost:3306/java_annotation_demo?characterEncoding=utf8, errorCode 1049, state 42000
com.mysql.jdbc.exceptions.jdbc4.MySQLSyntaxErrorException: Unknown database 'java_annotation_demo'
	at sun.reflect.GeneratedConstructorAccessor42.newInstance(Unknown Source)
	at sun.reflect.DelegatingConstructorAccessorImpl.newInstance(Unknown Source)
	at java.lang.reflect.Constructor.newInstance(Unknown Source)
	at com.mysql.jdbc.Util.handleNewInstance(Util.java:425)
	at com.mysql.jdbc.Util.getInstance(Util.java:408)
	at com.mysql.jdbc.SQLError.createSQLException(SQLError.java:944)
	at com.mysql.jdbc.MysqlIO.checkErrorPacket(MysqlIO.java:3976)
	at com.mysql.jdbc.MysqlIO.checkErrorPacket(MysqlIO.java:3912)
	at com.mysql.jdbc.MysqlIO.checkErrorPacket(MysqlIO.java:871)
	at com.mysql.jdbc.MysqlIO.secureAuth411(MysqlIO.java:4427)
	at com.mysql.jdbc.MysqlIO.doHandshake(MysqlIO.java:1276)
	at com.mysql.jdbc.ConnectionImpl.coreConnect(ConnectionImpl.java:2190)
	at com.mysql.jdbc.ConnectionImpl.connectOneTryOnly(ConnectionImpl.java:2221)
	at com.mysql.jdbc.ConnectionImpl.createNewIO(ConnectionImpl.java:2016)
	at com.mysql.jdbc.ConnectionImpl.<init>(ConnectionImpl.java:776)
	at com.mysql.jdbc.JDBC4Connection.<init>(JDBC4Connection.java:47)
	at sun.reflect.GeneratedConstructorAccessor39.newInstance(Unknown Source)
	at sun.reflect.DelegatingConstructorAccessorImpl.newInstance(Unknown Source)
	at java.lang.reflect.Constructor.newInstance(Unknown Source)
	at com.mysql.jdbc.Util.handleNewInstance(Util.java:425)
	at com.mysql.jdbc.ConnectionImpl.getInstance(ConnectionImpl.java:386)
	at com.mysql.jdbc.NonRegisteringDriver.connect(NonRegisteringDriver.java:330)
	at com.alibaba.druid.pool.DruidAbstractDataSource.createPhysicalConnection(DruidAbstractDataSource.java:1408)
	at com.alibaba.druid.pool.DruidAbstractDataSource.createPhysicalConnection(DruidAbstractDataSource.java:1464)
	at com.alibaba.druid.pool.DruidDataSource$CreateConnectionThread.run(DruidDataSource.java:1969)
23:01:41.891 [main] INFO  c.a.SpringBootForJavaAnnotationApplicationTests:50- Starting SpringBootForJavaAnnotationApplicationTests on dengshuai with PID 9932 (started by JustryDeng in E:\Java\demo\SpringBootForJavaAnnotation)
23:01:41.893 [main] DEBUG c.a.SpringBootForJavaAnnotationApplicationTests:53- Running with Spring Boot v2.0.1.RELEASE, Spring v5.0.5.RELEASE
23:01:41.895 [main] INFO  c.a.SpringBootForJavaAnnotationApplicationTests:659- No active profile set, falling back to default profiles: default
23:01:45.604 [main] INFO  c.a.SpringBootForJavaAnnotationApplicationTests:59- Started SpringBootForJavaAnnotationApplicationTests in 4.072 seconds (JVM running for 4.922)
23:17:18.401 [main] INFO  c.alibaba.druid.pool.DruidDataSource:106- {dataSource-1} inited
23:17:18.614 [main] DEBUG c.a.m.J.insertMultiParamsMapAndString:159- ==>  Preparing: 
23:17:18.635 [main] DEBUG c.a.m.J.insertMultiParamsMapAndString:159- ==> Parameters: 
23:17:18.835 [Thread-2] INFO  c.alibaba.druid.pool.DruidDataSource:106- {dataSource-1} closed
23:18:01.150 [main] INFO  c.a.SpringBootForJavaAnnotationApplicationTests:50- Starting SpringBootForJavaAnnotationApplicationTests on dengshuai with PID 1184 (started by JustryDeng in E:\Java\demo\SpringBootForJavaAnnotation)
23:18:01.152 [main] DEBUG c.a.SpringBootForJavaAnnotationApplicationTests:53- Running with Spring Boot v2.0.1.RELEASE, Spring v5.0.5.RELEASE
23:18:01.154 [main] INFO  c.a.SpringBootForJavaAnnotationApplicationTests:659- No active profile set, falling back to default profiles: default
23:18:04.772 [main] INFO  c.a.SpringBootForJavaAnnotationApplicationTests:59- Started SpringBootForJavaAnnotationApplicationTests in 3.932 seconds (JVM running for 4.632)
23:18:31.412 [main] INFO  c.a.SpringBootForJavaAnnotationApplicationTests:50- Starting SpringBootForJavaAnnotationApplicationTests on dengshuai with PID 1492 (started by JustryDeng in E:\Java\demo\SpringBootForJavaAnnotation)
23:18:31.414 [main] DEBUG c.a.SpringBootForJavaAnnotationApplicationTests:53- Running with Spring Boot v2.0.1.RELEASE, Spring v5.0.5.RELEASE
23:18:31.417 [main] INFO  c.a.SpringBootForJavaAnnotationApplicationTests:659- No active profile set, falling back to default profiles: default
23:18:34.966 [main] INFO  c.a.SpringBootForJavaAnnotationApplicationTests:59- Started SpringBootForJavaAnnotationApplicationTests in 3.879 seconds (JVM running for 4.503)
23:19:49.116 [main] INFO  c.a.SpringBootForJavaAnnotationApplicationTests:50- Starting SpringBootForJavaAnnotationApplicationTests on dengshuai with PID 9624 (started by JustryDeng in E:\Java\demo\SpringBootForJavaAnnotation)
23:19:49.117 [main] DEBUG c.a.SpringBootForJavaAnnotationApplicationTests:53- Running with Spring Boot v2.0.1.RELEASE, Spring v5.0.5.RELEASE
23:19:49.119 [main] INFO  c.a.SpringBootForJavaAnnotationApplicationTests:659- No active profile set, falling back to default profiles: default
23:19:52.184 [main] INFO  c.a.SpringBootForJavaAnnotationApplicationTests:59- Started SpringBootForJavaAnnotationApplicationTests in 3.362 seconds (JVM running for 3.964)
23:20:22.044 [main] INFO  c.a.SpringBootForJavaAnnotationApplicationTests:50- Starting SpringBootForJavaAnnotationApplicationTests on dengshuai with PID 6436 (started by JustryDeng in E:\Java\demo\SpringBootForJavaAnnotation)
23:20:22.046 [main] DEBUG c.a.SpringBootForJavaAnnotationApplicationTests:53- Running with Spring Boot v2.0.1.RELEASE, Spring v5.0.5.RELEASE
23:20:22.048 [main] INFO  c.a.SpringBootForJavaAnnotationApplicationTests:659- No active profile set, falling back to default profiles: default
23:20:25.057 [main] INFO  c.a.SpringBootForJavaAnnotationApplicationTests:59- Started SpringBootForJavaAnnotationApplicationTests in 3.304 seconds (JVM running for 3.912)
23:21:21.447 [main] INFO  c.a.SpringBootForJavaAnnotationApplicationTests:50- Starting SpringBootForJavaAnnotationApplicationTests on dengshuai with PID 10372 (started by JustryDeng in E:\Java\demo\SpringBootForJavaAnnotation)
23:21:21.449 [main] DEBUG c.a.SpringBootForJavaAnnotationApplicationTests:53- Running with Spring Boot v2.0.1.RELEASE, Spring v5.0.5.RELEASE
23:21:21.450 [main] INFO  c.a.SpringBootForJavaAnnotationApplicationTests:659- No active profile set, falling back to default profiles: default
23:21:24.416 [main] INFO  c.a.SpringBootForJavaAnnotationApplicationTests:59- Started SpringBootForJavaAnnotationApplicationTests in 3.258 seconds (JVM running for 3.85)
23:21:24.573 [main] INFO  c.alibaba.druid.pool.DruidDataSource:106- {dataSource-1} inited
23:21:24.769 [main] DEBUG c.a.m.J.insertMultiParamsMapAndString:159- ==>  Preparing: 
23:21:24.788 [main] DEBUG c.a.m.J.insertMultiParamsMapAndString:159- ==> Parameters: 
23:21:24.851 [Thread-2] INFO  c.alibaba.druid.pool.DruidDataSource:106- {dataSource-1} closed
23:21:55.062 [main] INFO  c.a.SpringBootForJavaAnnotationApplicationTests:50- Starting SpringBootForJavaAnnotationApplicationTests on dengshuai with PID 9988 (started by JustryDeng in E:\Java\demo\SpringBootForJavaAnnotation)
23:21:55.063 [main] DEBUG c.a.SpringBootForJavaAnnotationApplicationTests:53- Running with Spring Boot v2.0.1.RELEASE, Spring v5.0.5.RELEASE
23:21:55.066 [main] INFO  c.a.SpringBootForJavaAnnotationApplicationTests:659- No active profile set, falling back to default profiles: default
23:21:58.133 [main] INFO  c.a.SpringBootForJavaAnnotationApplicationTests:59- Started SpringBootForJavaAnnotationApplicationTests in 3.36 seconds (JVM running for 3.959)
23:22:35.025 [main] INFO  c.a.SpringBootForJavaAnnotationApplicationTests:50- Starting SpringBootForJavaAnnotationApplicationTests on dengshuai with PID 11484 (started by JustryDeng in E:\Java\demo\SpringBootForJavaAnnotation)
23:22:35.026 [main] DEBUG c.a.SpringBootForJavaAnnotationApplicationTests:53- Running with Spring Boot v2.0.1.RELEASE, Spring v5.0.5.RELEASE
23:22:35.029 [main] INFO  c.a.SpringBootForJavaAnnotationApplicationTests:659- No active profile set, falling back to default profiles: default
23:22:38.302 [main] INFO  c.a.SpringBootForJavaAnnotationApplicationTests:59- Started SpringBootForJavaAnnotationApplicationTests in 3.562 seconds (JVM running for 4.165)
23:23:07.123 [main] INFO  c.a.SpringBootForJavaAnnotationApplicationTests:50- Starting SpringBootForJavaAnnotationApplicationTests on dengshuai with PID 3788 (started by JustryDeng in E:\Java\demo\SpringBootForJavaAnnotation)
23:23:07.124 [main] DEBUG c.a.SpringBootForJavaAnnotationApplicationTests:53- Running with Spring Boot v2.0.1.RELEASE, Spring v5.0.5.RELEASE
23:23:07.126 [main] INFO  c.a.SpringBootForJavaAnnotationApplicationTests:659- No active profile set, falling back to default profiles: default
23:23:10.188 [main] INFO  c.a.SpringBootForJavaAnnotationApplicationTests:59- Started SpringBootForJavaAnnotationApplicationTests in 3.36 seconds (JVM running for 3.974)
23:24:11.857 [main] INFO  c.a.SpringBootForJavaAnnotationApplicationTests:50- Starting SpringBootForJavaAnnotationApplicationTests on dengshuai with PID 2460 (started by JustryDeng in E:\Java\demo\SpringBootForJavaAnnotation)
23:24:11.859 [main] DEBUG c.a.SpringBootForJavaAnnotationApplicationTests:53- Running with Spring Boot v2.0.1.RELEASE, Spring v5.0.5.RELEASE
23:24:11.860 [main] INFO  c.a.SpringBootForJavaAnnotationApplicationTests:659- No active profile set, falling back to default profiles: default
23:24:15.377 [main] INFO  c.a.SpringBootForJavaAnnotationApplicationTests:59- Started SpringBootForJavaAnnotationApplicationTests in 3.847 seconds (JVM running for 4.649)
23:29:02.069 [main] INFO  c.a.SpringBootForJavaAnnotationApplicationTests:50- Starting SpringBootForJavaAnnotationApplicationTests on dengshuai with PID 8 (started by JustryDeng in E:\Java\demo\SpringBootForJavaAnnotation)
23:29:02.070 [main] DEBUG c.a.SpringBootForJavaAnnotationApplicationTests:53- Running with Spring Boot v2.0.1.RELEASE, Spring v5.0.5.RELEASE
23:29:02.071 [main] INFO  c.a.SpringBootForJavaAnnotationApplicationTests:659- No active profile set, falling back to default profiles: default
23:29:05.369 [main] INFO  c.a.SpringBootForJavaAnnotationApplicationTests:59- Started SpringBootForJavaAnnotationApplicationTests in 3.587 seconds (JVM running for 4.19)
23:29:05.520 [main] INFO  c.alibaba.druid.pool.DruidDataSource:106- {dataSource-1} inited
23:29:05.718 [main] DEBUG c.a.m.J.insertMultiParamsMapAndString:159- ==>  Preparing: 
23:29:05.736 [main] DEBUG c.a.m.J.insertMultiParamsMapAndString:159- ==> Parameters: 
23:29:05.802 [Thread-2] INFO  c.alibaba.druid.pool.DruidDataSource:106- {dataSource-1} closed
23:29:49.337 [main] INFO  c.a.SpringBootForJavaAnnotationApplicationTests:50- Starting SpringBootForJavaAnnotationApplicationTests on dengshuai with PID 4828 (started by JustryDeng in E:\Java\demo\SpringBootForJavaAnnotation)
23:29:49.338 [main] DEBUG c.a.SpringBootForJavaAnnotationApplicationTests:53- Running with Spring Boot v2.0.1.RELEASE, Spring v5.0.5.RELEASE
23:29:49.339 [main] INFO  c.a.SpringBootForJavaAnnotationApplicationTests:659- No active profile set, falling back to default profiles: default
23:29:53.198 [main] INFO  c.a.SpringBootForJavaAnnotationApplicationTests:59- Started SpringBootForJavaAnnotationApplicationTests in 4.188 seconds (JVM running for 4.957)
23:30:14.318 [main] INFO  c.alibaba.druid.pool.DruidDataSource:106- {dataSource-1} inited
23:30:14.499 [main] DEBUG c.a.m.J.dynamicInsertMultiParam:159- ==>  Preparing: insert into employee (e_name,e_age,e_gender) values (?,?,?) 
23:30:14.515 [main] DEBUG c.a.m.J.dynamicInsertMultiParam:159- ==> Parameters: (String), 8(Integer), (String)
23:30:14.588 [main] DEBUG c.a.m.J.selectOneToOneXML:159- ==>  Preparing: select p.id pid,p.`name`,i.id iid,i.idcardnum from people p inner join idcard i on p.idCardId = i.id where p.id = ? 
23:30:14.588 [main] DEBUG c.a.m.J.selectOneToOneXML:159- ==> Parameters: 1(Integer)
23:30:14.598 [main] DEBUG c.a.m.J.dynamicSelect:159- ==>  Preparing: select em.id, em.e_name, em.e_age, em.e_gender from employee em where em.e_gender = '' and em.e_age = 18 
23:30:14.599 [main] DEBUG c.a.m.J.dynamicSelect:159- ==> Parameters: 
23:30:14.709 [main] DEBUG c.a.m.J.dynamicSelect:159- <==      Total: 0
23:30:14.713 [main] DEBUG c.a.m.J.singleSelectAcceptDataByString:159- ==>  Preparing: SELECT e.id FROM employee e WHERE e.e_name = ? 
23:30:14.714 [main] DEBUG c.a.m.J.singleSelectAcceptDataByString:159- ==> Parameters: (String)
23:30:14.715 [main] DEBUG c.a.m.J.singleSelectAcceptDataByString:159- <==      Total: 0
23:30:14.718 [main] DEBUG c.a.m.J.singleInsertMultiParam:159- ==>  Preparing: INSERT INTO employee (e_name,e_age,e_gender) VALUES(?,?,?),(?,?,?) 
23:30:14.723 [main] DEBUG c.a.m.J.singleInsertMultiParam:159- ==> Parameters: (String), 51(Integer), (String), (String), 15(Integer), (String)
23:30:14.728 [main] DEBUG c.a.m.J.singleInsert:159- ==>  Preparing: INSERT INTO employee VALUES(null,?,?,?) 
23:30:14.728 [main] DEBUG c.a.m.J.singleInsert:159- ==> Parameters: (String), 24(Integer), (String)
23:30:14.737 [main] DEBUG c.a.m.J.dynamicSelectMultiParam:159- ==>  Preparing: select em.id, em.e_name, em.e_age, em.e_gender from employee em where 1 = 1 and em.e_name like CONCAT('%',?,'%') 
23:30:14.738 [main] DEBUG c.a.m.J.dynamicSelectMultiParam:159- ==> Parameters: (String)
23:30:14.739 [main] DEBUG c.a.m.J.dynamicSelectMultiParam:159- <==      Total: 0
23:30:14.742 [main] DEBUG c.a.m.J.singleSelectAcceptDataByMap:159- ==>  Preparing: SELECT e.id,e.e_age FROM employee e WHERE e.e_name = ? 
23:30:14.742 [main] DEBUG c.a.m.J.singleSelectAcceptDataByMap:159- ==> Parameters: (String)
23:30:14.743 [main] DEBUG c.a.m.J.singleSelectAcceptDataByMap:159- <==      Total: 0
23:30:14.747 [main] DEBUG c.a.m.J.dynamicUpdate:159- ==>  Preparing: update employee set e_name = ? where id = ? 
23:30:14.748 [main] DEBUG c.a.m.J.dynamicUpdate:159- ==> Parameters: (String), 72(Integer)
23:30:14.751 [main] DEBUG c.a.m.J.dynamicUpdate:159- <==    Updates: 0
23:30:14.754 [main] DEBUG c.a.m.J.singleSelectAcceptDataByList:159- ==>  Preparing: SELECT e.id,e.e_age,e.e_name,e.e_gender FROM employee e WHERE e.id <= ? 
23:30:14.755 [main] DEBUG c.a.m.J.singleSelectAcceptDataByList:159- ==> Parameters: 5(Integer)
23:30:14.756 [main] DEBUG c.a.m.J.singleSelectAcceptDataByList:159- <==      Total: 0
23:30:14.759 [main] DEBUG c.a.m.J.batchInsert:159- ==>  Preparing: insert into employee (e_name,e_age,e_gender) values (?, ?, ?),(?, ?, ?),(?, ?, ?),(?, ?, ?),(?, ?, ?),(?, ?, ?) 
23:30:14.761 [main] DEBUG c.a.m.J.batchInsert:159- ==> Parameters: (String), 1(Integer), (String), (String), 2(Integer), (String), (String), 3(Integer), (String), (String), 4(Integer), (String), (String), 5(Integer), (String), (String), 6(Integer), (String)
23:30:14.768 [main] DEBUG c.a.m.J.dynamicInsertListParams:159- ==>  Preparing: insert into employee (e_name,e_age,e_gender) values (?,?,?),(?,?,?),(?,?,?),(?,?,?) 
23:30:14.769 [main] DEBUG c.a.m.J.dynamicInsertListParams:159- ==> Parameters: 1(String), 1(Integer), (String), 2(String), 2(Integer), (String), 3(String), 3(Integer), (String), 4(String), 4(Integer), (String)
23:30:14.775 [main] DEBUG c.a.m.J.dynamicInsert:159- ==>  Preparing: insert into employee (e_name,e_age,e_gender) values (?, ?, ?) 
23:30:14.776 [main] DEBUG c.a.m.J.dynamicInsert:159- ==> Parameters: (String), 18(Integer), (String)
23:30:14.780 [main] DEBUG c.a.m.J.singleInsertAutoGetKey:159- ==>  Preparing: INSERT INTO employee (e_name,e_age,e_gender) VALUES(?,?,?) 
23:30:14.781 [main] DEBUG c.a.m.J.singleInsertAutoGetKey:159- ==> Parameters: (String), 51(Integer), (String)
23:30:14.784 [main] DEBUG c.a.m.J.singleDelete:159- ==>  Preparing: DELETE FROM employee WHERE id = ? 
23:30:14.785 [main] DEBUG c.a.m.J.singleDelete:159- ==> Parameters: 5(Integer)
23:30:14.786 [main] DEBUG c.a.m.J.singleDelete:159- <==    Updates: 0
23:30:14.789 [main] DEBUG c.a.m.J.singleSelectAcceptDataByObject:159- ==>  Preparing: SELECT e.id,e.e_age FROM employee e WHERE e.e_name = ? 
23:30:14.790 [main] DEBUG c.a.m.J.singleSelectAcceptDataByObject:159- ==> Parameters: (String)
23:30:14.790 [main] DEBUG c.a.m.J.singleSelectAcceptDataByObject:159- <==      Total: 0
23:30:14.828 [main] DEBUG c.a.m.J.batchInsertByXML:159- ==>  Preparing: insert into employee (e_name,e_age,e_gender) values ( ?, ?, ? ),( ?, ?, ? ),( ?, ?, ? ),( ?, ?, ? ) 
23:30:14.829 [main] DEBUG c.a.m.J.batchInsertByXML:159- ==> Parameters: 1(String), 1(Integer), (String), 2(String), 2(Integer), (String), 3(String), 3(Integer), (String), 4(String), 4(Integer), (String)
23:30:14.833 [main] DEBUG c.a.m.J.singleUpdate:159- ==>  Preparing: UPDATE employee SET e_name = ? WHERE id = ? 
23:30:14.834 [main] DEBUG c.a.m.J.singleUpdate:159- ==> Parameters: (String), 2(Integer)
23:30:14.834 [main] DEBUG c.a.m.J.singleUpdate:159- <==    Updates: 0
23:32:57.942 [main] DEBUG c.a.m.J.insertMultiParamsMapAndString:159- ==>  Preparing: 
23:32:57.942 [main] DEBUG c.a.m.J.insertMultiParamsMapAndString:159- ==> Parameters: 
23:32:57.953 [main] DEBUG c.a.m.J.dynamicDelete:159- ==>  Preparing: delete from employee where e_age = ? 
23:32:57.953 [main] DEBUG c.a.m.J.dynamicDelete:159- ==> Parameters: 66(Integer)
23:32:57.959 [main] DEBUG c.a.m.J.dynamicDelete:159- <==    Updates: 0
23:32:57.962 [main] DEBUG c.a.m.J.dynamicInsertMeanwhileGetKey:159- ==>  Preparing: insert into employee (e_name,e_age,e_gender) values (?, ?, ?) 
23:32:57.963 [main] DEBUG c.a.m.J.dynamicInsertMeanwhileGetKey:159- ==> Parameters: (String), 2(Integer), (String)
23:32:57.974 [Thread-2] INFO  c.alibaba.druid.pool.DruidDataSource:106- {dataSource-1} closed
23:46:42.635 [main] INFO  c.a.SpringBootForJavaAnnotationApplicationTests:50- Starting SpringBootForJavaAnnotationApplicationTests on dengshuai with PID 11288 (started by JustryDeng in E:\Java\demo\SpringBootForJavaAnnotation)
23:46:42.636 [main] DEBUG c.a.SpringBootForJavaAnnotationApplicationTests:53- Running with Spring Boot v2.0.1.RELEASE, Spring v5.0.5.RELEASE
23:46:42.638 [main] INFO  c.a.SpringBootForJavaAnnotationApplicationTests:659- No active profile set, falling back to default profiles: default
23:46:46.762 [main] INFO  c.a.SpringBootForJavaAnnotationApplicationTests:59- Started SpringBootForJavaAnnotationApplicationTests in 4.464 seconds (JVM running for 5.292)
23:47:47.576 [main] INFO  c.a.SpringBootForJavaAnnotationApplicationTests:50- Starting SpringBootForJavaAnnotationApplicationTests on dengshuai with PID 11340 (started by JustryDeng in E:\Java\demo\SpringBootForJavaAnnotation)
23:47:47.577 [main] DEBUG c.a.SpringBootForJavaAnnotationApplicationTests:53- Running with Spring Boot v2.0.1.RELEASE, Spring v5.0.5.RELEASE
23:47:47.579 [main] INFO  c.a.SpringBootForJavaAnnotationApplicationTests:659- No active profile set, falling back to default profiles: default
23:47:51.710 [main] INFO  c.a.SpringBootForJavaAnnotationApplicationTests:59- Started SpringBootForJavaAnnotationApplicationTests in 4.466 seconds (JVM running for 5.315)
23:49:12.776 [main] INFO  c.a.SpringBootForJavaAnnotationApplicationTests:50- Starting SpringBootForJavaAnnotationApplicationTests on dengshuai with PID 9144 (started by JustryDeng in E:\Java\demo\SpringBootForJavaAnnotation)
23:49:12.778 [main] DEBUG c.a.SpringBootForJavaAnnotationApplicationTests:53- Running with Spring Boot v2.0.1.RELEASE, Spring v5.0.5.RELEASE
23:49:12.779 [main] INFO  c.a.SpringBootForJavaAnnotationApplicationTests:659- No active profile set, falling back to default profiles: default
23:49:15.970 [main] INFO  c.a.SpringBootForJavaAnnotationApplicationTests:59- Started SpringBootForJavaAnnotationApplicationTests in 3.487 seconds (JVM running for 4.136)
23:49:16.165 [main] INFO  c.alibaba.druid.pool.DruidDataSource:106- {dataSource-1} inited
23:49:16.403 [main] DEBUG c.a.m.J.insertMultiParamsMapAndString:159- ==>  Preparing: insert into employee (e_name,e_age,e_gender) values ('',121, '') 
23:49:16.422 [main] DEBUG c.a.m.J.insertMultiParamsMapAndString:159- ==> Parameters: 
23:49:16.494 [Thread-2] INFO  c.alibaba.druid.pool.DruidDataSource:106- {dataSource-1} closed
23:51:21.581 [main] INFO  c.a.SpringBootForJavaAnnotationApplicationTests:50- Starting SpringBootForJavaAnnotationApplicationTests on dengshuai with PID 11732 (started by JustryDeng in E:\Java\demo\SpringBootForJavaAnnotation)
23:51:21.582 [main] DEBUG c.a.SpringBootForJavaAnnotationApplicationTests:53- Running with Spring Boot v2.0.1.RELEASE, Spring v5.0.5.RELEASE
23:51:21.585 [main] INFO  c.a.SpringBootForJavaAnnotationApplicationTests:659- No active profile set, falling back to default profiles: default
23:51:24.644 [main] INFO  c.a.SpringBootForJavaAnnotationApplicationTests:59- Started SpringBootForJavaAnnotationApplicationTests in 3.394 seconds (JVM running for 4.067)
23:51:24.796 [main] INFO  c.alibaba.druid.pool.DruidDataSource:106- {dataSource-1} inited
23:51:25.033 [main] DEBUG c.a.m.J.insertMultiParamsMapAndString:159- ==>  Preparing: insert into employee (e_name,e_age,e_gender) values ('',121, '') 
23:51:25.057 [main] DEBUG c.a.m.J.insertMultiParamsMapAndString:159- ==> Parameters: 
23:51:25.061 [main] DEBUG c.a.m.J.insertMultiParamsMapAndString:159- <==    Updates: 1
23:51:25.074 [Thread-2] INFO  c.alibaba.druid.pool.DruidDataSource:106- {dataSource-1} closed
23:52:49.389 [main] INFO  c.a.SpringBootForJavaAnnotationApplicationTests:50- Starting SpringBootForJavaAnnotationApplicationTests on dengshuai with PID 10632 (started by JustryDeng in E:\Java\demo\SpringBootForJavaAnnotation)
23:52:49.390 [main] DEBUG c.a.SpringBootForJavaAnnotationApplicationTests:53- Running with Spring Boot v2.0.1.RELEASE, Spring v5.0.5.RELEASE
23:52:49.391 [main] INFO  c.a.SpringBootForJavaAnnotationApplicationTests:659- No active profile set, falling back to default profiles: default
23:53:04.415 [main] INFO  c.a.SpringBootForJavaAnnotationApplicationTests:59- Started SpringBootForJavaAnnotationApplicationTests in 15.366 seconds (JVM running for 16.168)
23:54:27.078 [main] INFO  c.a.SpringBootForJavaAnnotationApplicationTests:50- Starting SpringBootForJavaAnnotationApplicationTests on dengshuai with PID 4204 (started by JustryDeng in E:\Java\demo\SpringBootForJavaAnnotation)
23:54:27.080 [main] DEBUG c.a.SpringBootForJavaAnnotationApplicationTests:53- Running with Spring Boot v2.0.1.RELEASE, Spring v5.0.5.RELEASE
23:54:27.083 [main] INFO  c.a.SpringBootForJavaAnnotationApplicationTests:659- No active profile set, falling back to default profiles: default
23:54:30.275 [main] INFO  c.a.SpringBootForJavaAnnotationApplicationTests:59- Started SpringBootForJavaAnnotationApplicationTests in 3.524 seconds (JVM running for 4.196)
23:54:30.460 [main] INFO  c.alibaba.druid.pool.DruidDataSource:106- {dataSource-1} inited
23:54:30.688 [main] DEBUG c.a.m.J.insertMultiParamsMapAndString:159- ==>  Preparing: insert into employee (e_name,e_age,e_gender) values ('',121, '') 
23:54:30.712 [main] DEBUG c.a.m.J.insertMultiParamsMapAndString:159- ==> Parameters: 
23:54:30.716 [main] DEBUG c.a.m.J.insertMultiParamsMapAndString:159- <==    Updates: 1
23:54:30.727 [Thread-2] INFO  c.alibaba.druid.pool.DruidDataSource:106- {dataSource-1} closed
